0 verbose cli /data/data/com.termux/files/usr/bin/node /data/data/com.termux/files/usr/bin/npm
1 info using npm@11.17.0
2 info using node@v24.17.0
3 silly config load:file:/data/data/com.termux/files/usr/lib/node_modules/npm/npmrc
4 silly config load:file:/data/data/com.termux/files/home/.npmrc
5 silly config load:file:/data/data/com.termux/files/usr/etc/npmrc
6 verbose title npm install drizzle-kit tailwindcss postcss autoprefixer
7 verbose argv "install" "--save-dev" "drizzle-kit" "tailwindcss" "postcss" "autoprefixer"
8 verbose logfile logs-max:10 dir:/data/data/com.termux/files/home/.npm/_logs/2026-06-24T04_30_31_718Z-
9 verbose logfile /data/data/com.termux/files/home/.npm/_logs/2026-06-24T04_30_31_718Z-debug-0.log
10 silly logfile start cleaning logs, removing 1 files
11 silly logfile done cleaning log files
12 silly packumentCache heap:1174405120 maxSize:293601280 maxEntrySize:146800640
13 silly idealTree buildDeps
14 silly fetch manifest autoprefixer@^10.0.0
15 silly packumentCache full:https://registry.npmjs.org/autoprefixer cache-miss
16 http cache https://registry.npmjs.org/autoprefixer 128ms (cache hit)
17 silly packumentCache full:https://registry.npmjs.org/autoprefixer set size:1331208 disposed:false
18 silly fetch manifest postcss@^8.0.0
19 silly packumentCache full:https://registry.npmjs.org/postcss cache-miss
20 http cache https://registry.npmjs.org/postcss 23ms (cache hit)
21 silly packumentCache full:https://registry.npmjs.org/postcss set size:723316 disposed:false
22 silly fetch manifest drizzle-kit@latest
23 silly packumentCache full:https://registry.npmjs.org/drizzle-kit cache-miss
24 http cache https://registry.npmjs.org/drizzle-kit 28ms (cache hit)
25 silly packumentCache full:https://registry.npmjs.org/drizzle-kit set size:2706363 disposed:false
26 silly fetch manifest tailwindcss@^3.0.0
27 silly packumentCache full:https://registry.npmjs.org/tailwindcss cache-miss
28 http cache https://registry.npmjs.org/tailwindcss 75ms (cache hit)
29 silly packumentCache full:https://registry.npmjs.org/tailwindcss set size:10689571 disposed:false
30 silly placeDep ROOT autoprefixer@10.5.1 REPLACE for: thaesu-marketplace@0.1.0 want: ^10.0.0
31 silly placeDep ROOT drizzle-kit@0.31.10 REPLACE for: thaesu-marketplace@0.1.0 want: latest
32 silly placeDep ROOT postcss@8.5.15 REPLACE for: thaesu-marketplace@0.1.0 want: ^8.0.0
33 silly placeDep ROOT tailwindcss@3.4.19 REPLACE for: thaesu-marketplace@0.1.0 want: ^3.0.0
34 silly reify moves {}
35 silly audit bulk request {
35 silly audit   '@alloc/quick-lru': [ '5.2.0' ],
35 silly audit   '@drizzle-team/brocli': [ '0.10.2' ],
35 silly audit   '@esbuild-kit/core-utils': [ '3.3.2' ],
35 silly audit   '@esbuild/android-arm': [ '0.18.20', '0.25.12', '0.28.1' ],
35 silly audit   '@esbuild/android-arm64': [ '0.18.20', '0.25.12', '0.28.1' ],
35 silly audit   '@esbuild/android-x64': [ '0.18.20', '0.25.12', '0.28.1' ],
35 silly audit   '@esbuild/darwin-arm64': [ '0.18.20', '0.25.12', '0.28.1' ],
35 silly audit   '@esbuild/darwin-x64': [ '0.18.20', '0.25.12', '0.28.1' ],
35 silly audit   '@esbuild/freebsd-arm64': [ '0.18.20', '0.25.12', '0.28.1' ],
35 silly audit   '@esbuild/freebsd-x64': [ '0.18.20', '0.25.12', '0.28.1' ],
35 silly audit   '@esbuild/linux-arm': [ '0.18.20', '0.25.12', '0.28.1' ],
35 silly audit   '@esbuild/linux-arm64': [ '0.18.20', '0.25.12', '0.28.1' ],
35 silly audit   '@esbuild/linux-ia32': [ '0.18.20', '0.25.12', '0.28.1' ],
35 silly audit   '@esbuild/linux-loong64': [ '0.18.20', '0.25.12', '0.28.1' ],
35 silly audit   '@esbuild/linux-mips64el': [ '0.18.20', '0.25.12', '0.28.1' ],
35 silly audit   '@esbuild/linux-ppc64': [ '0.18.20', '0.25.12', '0.28.1' ],
35 silly audit   '@esbuild/linux-riscv64': [ '0.18.20', '0.25.12', '0.28.1' ],
35 silly audit   '@esbuild/linux-s390x': [ '0.18.20', '0.25.12', '0.28.1' ],
35 silly audit   '@esbuild/linux-x64': [ '0.18.20', '0.25.12', '0.28.1' ],
35 silly audit   '@esbuild/netbsd-x64': [ '0.18.20', '0.25.12', '0.28.1' ],
35 silly audit   '@esbuild/openbsd-x64': [ '0.18.20', '0.25.12', '0.28.1' ],
35 silly audit   '@esbuild/sunos-x64': [ '0.18.20', '0.25.12', '0.28.1' ],
35 silly audit   '@esbuild/win32-arm64': [ '0.18.20', '0.25.12', '0.28.1' ],
35 silly audit   '@esbuild/win32-ia32': [ '0.18.20', '0.25.12', '0.28.1' ],
35 silly audit   '@esbuild/win32-x64': [ '0.18.20', '0.25.12', '0.28.1' ],
35 silly audit   esbuild: [ '0.18.20', '0.25.12', '0.28.1' ],
35 silly audit   '@esbuild-kit/esm-loader': [ '2.6.5' ],
35 silly audit   '@esbuild/aix-ppc64': [ '0.25.12', '0.28.1' ],
35 silly audit   '@esbuild/netbsd-arm64': [ '0.25.12', '0.28.1' ],
35 silly audit   '@esbuild/openbsd-arm64': [ '0.25.12', '0.28.1' ],
35 silly audit   '@esbuild/openharmony-arm64': [ '0.25.12', '0.28.1' ],
35 silly audit   '@jridgewell/gen-mapping': [ '0.3.13' ],
35 silly audit   '@jridgewell/resolve-uri': [ '3.1.2' ],
35 silly audit   '@jridgewell/sourcemap-codec': [ '1.5.5' ],
35 silly audit   '@jridgewell/trace-mapping': [ '0.3.31' ],
35 silly audit   '@neondatabase/serverless': [ '1.1.0' ],
35 silly audit   '@next/env': [ '14.2.0' ],
35 silly audit   '@next/swc-darwin-arm64': [ '14.2.0' ],
35 silly audit   '@next/swc-darwin-x64': [ '14.2.0' ],
35 silly audit   '@next/swc-linux-arm64-gnu': [ '14.2.0' ],
35 silly audit   '@next/swc-linux-arm64-musl': [ '14.2.0' ],
35 silly audit   '@next/swc-linux-x64-gnu': [ '14.2.0' ],
35 silly audit   '@next/swc-linux-x64-musl': [ '14.2.0' ],
35 silly audit   '@next/swc-win32-arm64-msvc': [ '14.2.0' ],
35 silly audit   '@next/swc-win32-ia32-msvc': [ '14.2.0' ],
35 silly audit   '@next/swc-win32-x64-msvc': [ '14.2.0' ],
35 silly audit   '@nodelib/fs.scandir': [ '2.1.5' ],
35 silly audit   '@nodelib/fs.stat': [ '2.0.5' ],
35 silly audit   '@nodelib/fs.walk': [ '1.2.8' ],
35 silly audit   '@swc/counter': [ '0.1.3' ],
35 silly audit   '@swc/helpers': [ '0.5.5' ],
35 silly audit   'any-promise': [ '1.3.0' ],
35 silly audit   anymatch: [ '3.1.3' ],
35 silly audit   arg: [ '5.0.2' ],
35 silly audit   'baseline-browser-mapping': [ '2.10.38' ],
35 silly audit   'binary-extensions': [ '2.3.0' ],
35 silly audit   braces: [ '3.0.3' ],
35 silly audit   browserslist: [ '4.28.4' ],
35 silly audit   'buffer-from': [ '1.1.2' ],
35 silly audit   busboy: [ '1.6.0' ],
35 silly audit   'camelcase-css': [ '2.0.1' ],
35 silly audit   'caniuse-lite': [ '1.0.30001799' ],
35 silly audit   chokidar: [ '3.6.0' ],
35 silly audit   'glob-parent': [ '5.1.2', '6.0.2' ],
35 silly audit   'client-only': [ '0.0.1' ],
35 silly audit   commander: [ '4.1.1' ],
35 silly audit   cssesc: [ '3.0.0' ],
35 silly audit   didyoumean: [ '1.2.2' ],
35 silly audit   dlv: [ '1.1.3' ],
35 silly audit   'drizzle-orm': [ '0.45.2' ],
35 silly audit   'electron-to-chromium': [ '1.5.378' ],
35 silly audit   'es-errors': [ '1.3.0' ],
35 silly audit   escalade: [ '3.2.0' ],
35 silly audit   'fast-glob': [ '3.3.3' ],
35 silly audit   fastq: [ '1.20.1' ],
35 silly audit   'fill-range': [ '7.1.1' ],
35 silly audit   'fraction.js': [ '5.3.4' ],
35 silly audit   fsevents: [ '2.3.3' ],
35 silly audit   'function-bind': [ '1.1.2' ],
35 silly audit   'get-tsconfig': [ '4.14.0' ],
35 silly audit   'graceful-fs': [ '4.2.11' ],
35 silly audit   hasown: [ '2.0.4' ],
35 silly audit   'is-binary-path': [ '2.1.0' ],
35 silly audit   'is-core-module': [ '2.16.2' ],
35 silly audit   'is-extglob': [ '2.1.1' ],
35 silly audit   'is-glob': [ '4.0.3' ],
35 silly audit   'is-number': [ '7.0.0' ],
35 silly audit   jiti: [ '1.21.7' ],
35 silly audit   'js-tokens': [ '4.0.0' ],
35 silly audit   lilconfig: [ '3.1.3' ],
35 silly audit   'lines-and-columns': [ '1.2.4' ],
35 silly audit   'loose-envify': [ '1.4.0' ],
35 silly audit   merge2: [ '1.4.1' ],
35 silly audit   micromatch: [ '4.0.8' ],
35 silly audit   mz: [ '2.7.0' ],
35 silly audit   nanoid: [ '3.3.15' ],
35 silly audit   next: [ '14.2.0' ],
35 silly audit   postcss: [ '8.4.31', '8.5.15' ],
35 silly audit   'node-releases': [ '2.0.48' ],
35 silly audit   'normalize-path': [ '3.0.0' ],
35 silly audit   'object-assign': [ '4.1.1' ],
35 silly audit   'object-hash': [ '3.0.0' ],
35 silly audit   'path-parse': [ '1.0.7' ],
35 silly audit   picocolors: [ '1.1.1' ],
35 silly audit   picomatch: [ '2.3.2', '4.0.4' ],
35 silly audit   pify: [ '2.3.0' ],
35 silly audit   pirates: [ '4.0.7' ],
35 silly audit   'postcss-import': [ '15.1.0' ],
35 silly audit   'postcss-js': [ '4.1.0' ],
35 silly audit   'postcss-load-config': [ '6.0.1' ],
35 silly audit   'postcss-nested': [ '6.2.0' ],
35 silly audit   'postcss-selector-parser': [ '6.1.4' ],
35 silly audit   'postcss-value-parser': [ '4.2.0' ],
35 silly audit   postgres: [ '3.4.9' ],
35 silly audit   'queue-microtask': [ '1.2.3' ],
35 silly audit   react: [ '18.2.0' ],
35 silly audit   'react-dom': [ '18.2.0' ],
35 silly audit   'read-cache': [ '1.0.0' ],
35 silly audit   readdirp: [ '3.6.0' ],
35 silly audit   resolve: [ '1.22.12' ],
35 silly audit   'resolve-pkg-maps': [ '1.0.0' ],
35 silly audit   reusify: [ '1.1.0' ],
35 silly audit   'run-parallel': [ '1.2.0' ],
35 silly audit   scheduler: [ '0.23.2' ],
35 silly audit   'source-map': [ '0.6.1' ],
35 silly audit   'source-map-js': [ '1.2.1' ],
35 silly audit   'source-map-support': [ '0.5.21' ],
35 silly audit   streamsearch: [ '1.1.0' ],
35 silly audit   'styled-jsx': [ '5.1.1' ],
35 silly audit   sucrase: [ '3.35.1' ],
35 silly audit   'supports-preserve-symlinks-flag': [ '1.0.0' ],
35 silly audit   thenify: [ '3.3.1' ],
35 silly audit   'thenify-all': [ '1.6.0' ],
35 silly audit   tinyglobby: [ '0.2.17' ],
35 silly audit   fdir: [ '6.5.0' ],
35 silly audit   'to-regex-range': [ '5.0.1' ],
35 silly audit   'ts-interface-checker': [ '0.1.13' ],
35 silly audit   tslib: [ '2.8.1' ],
35 silly audit   tsx: [ '4.22.4' ],
35 silly audit   'update-browserslist-db': [ '1.2.3' ],
35 silly audit   'util-deprecate': [ '1.0.2' ],
35 silly audit   autoprefixer: [ '10.5.1' ],
35 silly audit   'drizzle-kit': [ '0.31.10' ],
35 silly audit   tailwindcss: [ '3.4.19' ]
35 silly audit }
36 http fetch POST 200 https://registry.npmjs.org/-/npm/v1/security/advisories/bulk 2249ms
37 silly audit report {
37 silly audit report   esbuild: [
37 silly audit report     {
37 silly audit report       id: 1102341,
37 silly audit report       url: 'https://github.com/advisories/GHSA-67mh-4wv8-2f99',
37 silly audit report       title: 'esbuild enables any website to send any requests to the development server and read the response',
37 silly audit report       severity: 'moderate',
37 silly audit report       vulnerable_versions: '<=0.24.2',
37 silly audit report       cwe: [Array],
37 silly audit report       cvss: [Object]
37 silly audit report     }
37 silly audit report   ],
37 silly audit report   next: [
37 silly audit report     {
37 silly audit report       id: 1099638,
37 silly audit report       url: 'https://github.com/advisories/GHSA-gp8f-8m3g-qvj9',
37 silly audit report       title: 'Next.js Cache Poisoning',
37 silly audit report       severity: 'high',
37 silly audit report       vulnerable_versions: '>=14.0.0 <14.2.10',
37 silly audit report       cwe: [Array],
37 silly audit report       cvss: [Object]
37 silly audit report     },
37 silly audit report     {
37 silly audit report       id: 1100421,
37 silly audit report       url: 'https://github.com/advisories/GHSA-g77x-44xx-532m',
37 silly audit report       title: 'Denial of Service condition in Next.js image optimization',
37 silly audit report       severity: 'moderate',
37 silly audit report       vulnerable_versions: '>=10.0.0 <14.2.7',
37 silly audit report       cwe: [Array],
37 silly audit report       cvss: [Object]
37 silly audit report     },
37 silly audit report     {
37 silly audit report       id: 1117931,
37 silly audit report       url: 'https://github.com/advisories/GHSA-8h8q-6873-q5fj',
37 silly audit report       title: 'Next.js Vulnerable to Denial of Service with Server Components',
37 silly audit report       severity: 'high',
37 silly audit report       vulnerable_versions: '>=13.0.0 <15.5.16',
37 silly audit report       cwe: [Array],
37 silly audit report       cvss: [Object]
37 silly audit report     },
37 silly audit report     {
37 silly audit report       id: 1101438,
37 silly audit report       url: 'https://github.com/advisories/GHSA-7m27-7ghc-44w9',
37 silly audit report       title: 'Next.js Allows a Denial of Service (DoS) with Server Actions',
37 silly audit report       severity: 'moderate',
37 silly audit report       vulnerable_versions: '>=14.0.0 <14.2.21',
37 silly audit report       cwe: [Array],
37 silly audit report       cvss: [Object]
37 silly audit report     },
37 silly audit report     {
37 silly audit report       id: 1105461,
37 silly audit report       url: 'https://github.com/advisories/GHSA-3h52-269p-cp9r',
37 silly audit report       title: 'Information exposure in Next.js dev server due to lack of origin verification',
37 silly audit report       severity: 'low',
37 silly audit report       vulnerable_versions: '>=13.0 <14.2.30',
37 silly audit report       cwe: [Array],
37 silly audit report       cvss: [Object]
37 silly audit report     },
37 silly audit report     {
37 silly audit report       id: 1111391,
37 silly audit report       url: 'https://github.com/advisories/GHSA-mwv6-3258-q52c',
37 silly audit report       title: 'Next Vulnerable to Denial of Service with Server Components',
37 silly audit report       severity: 'high',
37 silly audit report       vulnerable_versions: '>=13.3.0 <14.2.34',
37 silly audit report       cwe: [Array],
37 silly audit report       cvss: [Object]
37 silly audit report     },
37 silly audit report     {
37 silly audit report       id: 1107226,
37 silly audit report       url: 'https://github.com/advisories/GHSA-g5qg-72qw-gw5v',
37 silly audit report       title: 'Next.js Affected by Cache Key Confusion for Image Optimization API Routes',
37 silly audit report       severity: 'moderate',
37 silly audit report       vulnerable_versions: '>=0.9.9 <14.2.31',
37 silly audit report       cwe: [Array],
37 silly audit report       cvss: [Object]
37 silly audit report     },
37 silly audit report     {
37 silly audit report       id: 1107420,
37 silly audit report       url: 'https://github.com/advisories/GHSA-7gfc-8cq8-jh5f',
37 silly audit report       title: 'Next.js authorization bypass vulnerability',
37 silly audit report       severity: 'high',
37 silly audit report       vulnerable_versions: '>=9.5.5 <14.2.15',
37 silly audit report       cwe: [Array],
37 silly audit report       cvss: [Object]
37 silly audit report     },
37 silly audit report     {
37 silly audit report       id: 1107512,
37 silly audit report       url: 'https://github.com/advisories/GHSA-4342-x723-ch2f',
37 silly audit report       title: 'Next.js Improper Middleware Redirect Handling Leads to SSRF',
37 silly audit report       severity: 'moderate',
37 silly audit report       vulnerable_versions: '>=0.9.9 <14.2.32',
37 silly audit report       cwe: [Array],
37 silly audit report       cvss: [Object]
37 silly audit report     },
37 silly audit report     {
37 silly audit report       id: 1107513,
37 silly audit report       url: 'https://github.com/advisories/GHSA-xv57-4mr9-wg8v',
37 silly audit report       title: 'Next.js Content Injection Vulnerability for Image Optimization',
37 silly audit report       severity: 'moderate',
37 silly audit report       vulnerable_versions: '>=0.9.9 <14.2.31',
37 silly audit report       cwe: [Array],
37 silly audit report       cvss: [Object]
37 silly audit report     },
37 silly audit report     {
37 silly audit report       id: 1112182,
37 silly audit report       url: 'https://github.com/advisories/GHSA-5j59-xgg2-r9c4',
37 silly audit report       title: 'Next has a Denial of Service with Server Components - Incomplete Fix Follow-Up',
37 silly audit report       severity: 'high',
37 silly audit report       vulnerable_versions: '>=13.3.1-canary.0 <14.2.35',
37 silly audit report       cwe: [Array],
37 silly audit report       cvss: [Object]
37 silly audit report     },
37 silly audit report     {
37 silly audit report       id: 1108291,
37 silly audit report       url: 'https://github.com/advisories/GHSA-qpjv-v59x-3qc4',
37 silly audit report       title: 'Next.js Race Condition to Cache Poisoning',
37 silly audit report       severity: 'low',
37 silly audit report       vulnerable_versions: '>=0.9.9 <14.2.24',
37 silly audit report       cwe: [Array],
37 silly audit report       cvss: [Object]
37 silly audit report     },
37 silly audit report     {
37 silly audit report       id: 1118942,
37 silly audit report       url: 'https://github.com/advisories/GHSA-3g8h-86w9-wvmq',
37 silly audit report       title: "Next.js's Middleware / Proxy redirects can be cache-poisoned",
37 silly audit report       severity: 'low',
37 silly audit report       vulnerable_versions: '>=12.2.0 <15.5.16',
37 silly audit report       cwe: [Array],
37 silly audit report       cvss: [Object]
37 silly audit report     },
37 silly audit report     {
37 silly audit report       id: 1118944,
37 silly audit report       url: 'https://github.com/advisories/GHSA-ffhc-5mcf-pf4q',
37 silly audit report       title: 'Next.js vulnerable to cross-site scripting in App Router applications using CSP nonces',
37 silly audit report       severity: 'moderate',
37 silly audit report       vulnerable_versions: '>=13.4.0 <15.5.16',
37 silly audit report       cwe: [Array],
37 silly audit report       cvss: [Object]
37 silly audit report     },
37 silly audit report     {
37 silly audit report       id: 1118946,
37 silly audit report       url: 'https://github.com/advisories/GHSA-vfv6-92ff-j949',
37 silly audit report       title: 'Next.js vulnerable to cache poisoning via collisions in React Server Component cache-busting',
37 silly audit report       severity: 'low',
37 silly audit report       vulnerable_versions: '>=13.4.6 <15.5.16',
37 silly audit report       cwe: [Array],
37 silly audit report       cvss: [Object]
37 silly audit report     },
37 silly audit report     {
37 silly audit report       id: 1118948,
37 silly audit report       url: 'https://github.com/advisories/GHSA-gx5p-jg67-6x7h',
37 silly audit report       title: 'Next.js has cross-site scripting in beforeInteractive scripts with untrusted input',
37 silly audit report       severity: 'moderate',
37 silly audit report       vulnerable_versions: '>=13.0.0 <15.5.16',
37 silly audit report       cwe: [Array],
37 silly audit report       cvss: [Object]
37 silly audit report     },
37 silly audit report     {
37 silly audit report       id: 1118952,
37 silly audit report       url: 'https://github.com/advisories/GHSA-h64f-5h5j-jqjh',
37 silly audit report       title: 'Next.js has a Denial of Service in the Image Optimization API',
37 silly audit report       severity: 'moderate',
37 silly audit report       vulnerable_versions: '>=10.0.0 <15.5.16',
37 silly audit report       cwe: [Array],
37 silly audit report       cvss: [Object]
37 silly audit report     },
37 silly audit report     {
37 silly audit report       id: 1118954,
37 silly audit report       url: 'https://github.com/advisories/GHSA-c4j6-fc7j-m34r',
37 silly audit report       title: 'Next.js vulnerable to server-side request forgery in applications using WebSocket upgrades',
37 silly audit report       severity: 'high',
37 silly audit report       vulnerable_versions: '>=13.4.13 <15.5.16',
37 silly audit report       cwe: [Array],
37 silly audit report       cvss: [Object]
37 silly audit report     },
37 silly audit report     {
37 silly audit report       id: 1118958,
37 silly audit report       url: 'https://github.com/advisories/GHSA-wfc6-r584-vfw7',
37 silly audit report       title: 'Next.js vulnerable to cache poisoning in React Server Component responses',
37 silly audit report       severity: 'moderate',
37 silly audit report       vulnerable_versions: '>=14.2.0 <15.5.16',
37 silly audit report       cwe: [Array],
37 silly audit report       cvss: [Object]
37 silly audit report     },
37 silly audit report     {
37 silly audit report       id: 1118962,
37 silly audit report       url: 'https://github.com/advisories/GHSA-36qx-fr4f-26g5',
37 silly audit report       title: 'Next.js has a Middleware / Proxy bypass in Pages Router applications using i18n',
37 silly audit report       severity: 'high',
37 silly audit report       vulnerable_versions: '>=12.2.0 <15.5.16',
37 silly audit report       cwe: [Array],
37 silly audit report       cvss: [Object]
37 silly audit report     },
37 silly audit report     {
37 silly audit report       id: 1112593,
37 silly audit report       url: 'https://github.com/advisories/GHSA-9g9p-9gw9-jx7f',
37 silly audit report       title: 'Next.js self-hosted applications vulnerable to DoS via Image Optimizer remotePatterns configuration',
37 silly audit report       severity: 'moderate',
37 silly audit report       vulnerable_versions: '>=10.0.0 <15.5.10',
37 silly audit report       cwe: [Array],
37 silly audit report       cvss: [Object]
37 silly audit report     },
37 silly audit report     {
37 silly audit report       id: 1112653,
37 silly audit report       url: 'https://github.com/advisories/GHSA-h25m-26qc-wcjf',
37 silly audit report       title: 'Next.js HTTP request deserialization can lead to DoS when using insecure React Server Components',
37 silly audit report       severity: 'high',
37 silly audit report       vulnerable_versions: '>=13.0.0 <15.0.8',
37 silly audit report       cwe: [Array],
37 silly audit report       cvss: [Object]
37 silly audit report     },
37 silly audit report     {
37 silly audit report       id: 1113689,
37 silly audit report       url: 'https://github.com/advisories/GHSA-f82v-jwr5-mffw',
37 silly audit report       title: 'Authorization Bypass in Next.js Middleware',
37 silly audit report       severity: 'critical',
37 silly audit report       vulnerable_versions: '>=14.0.0 <14.2.25',
37 silly audit report       cwe: [Array],
37 silly audit report       cvss: [Object]
37 silly audit report     },
37 silly audit report     {
37 silly audit report       id: 1114897,
37 silly audit report       url: 'https://github.com/advisories/GHSA-ggv3-7p47-pfv8',
37 silly audit report       title: 'Next.js: HTTP request smuggling in rewrites',
37 silly audit report       severity: 'moderate',
37 silly audit report       vulnerable_versions: '>=9.5.0 <15.5.13',
37 silly audit report       cwe: [Array],
37 silly audit report       cvss: [Object]
37 silly audit report     },
37 silly audit report     {
37 silly audit report       id: 1114940,
37 silly audit report       url: 'https://github.com/advisories/GHSA-3x4c-7xq6-9pq8',
37 silly audit report       title: 'Next.js: Unbounded next/image disk cache growth can exhaust storage',
37 silly audit report       severity: 'moderate',
37 silly audit report       vulnerable_versions: '>=10.0.0 <15.5.14',
37 silly audit report       cwe: [Array],
37 silly audit report       cvss: [Object]
37 silly audit report     },
37 silly audit report     {
37 silly audit report       id: 1116376,
37 silly audit report       url: 'https://github.com/advisories/GHSA-q4gf-8mx6-v5v3',
37 silly audit report       title: 'Next.js has a Denial of Service with Server Components',
37 silly audit report       severity: 'high',
37 silly audit report       vulnerable_versions: '>=13.0.0 <15.5.15',
37 silly audit report       cwe: [Array],
37 silly audit report       cvss: [Object]
37 silly audit report     }
37 silly audit report   ],
37 silly audit report   postcss: [
37 silly audit report     {
37 silly audit report       id: 1117015,
37 silly audit report       url: 'https://github.com/advisories/GHSA-qx2v-qp2m-jg93',
37 silly audit report       title: 'PostCSS has XSS via Unescaped </style> in its CSS Stringify Output',
37 silly audit report       severity: 'moderate',
37 silly audit report       vulnerable_versions: '<8.5.10',
37 silly audit report       cwe: [Array],
37 silly audit report       cvss: [Object]
37 silly audit report     }
37 silly audit report   ]
37 silly audit report }
38 silly packumentCache corgi:https://registry.npmjs.org/esbuild cache-miss
39 silly packumentCache corgi:https://registry.npmjs.org/next cache-miss
40 silly packumentCache corgi:https://registry.npmjs.org/postcss cache-miss
41 http cache https://registry.npmjs.org/postcss 109ms (cache hit)
42 silly packumentCache corgi:https://registry.npmjs.org/postcss set size:344717 disposed:false
43 http cache https://registry.npmjs.org/esbuild 131ms (cache hit)
44 silly packumentCache corgi:https://registry.npmjs.org/esbuild set size:887361 disposed:false
45 http cache https://registry.npmjs.org/next 218ms (cache hit)
46 silly packumentCache corgi:https://registry.npmjs.org/next set size:25316683 disposed:false
47 silly packumentCache corgi:https://registry.npmjs.org/@esbuild-kit%2fcore-utils cache-miss
48 http cache https://registry.npmjs.org/@esbuild-kit%2fcore-utils 14ms (cache hit)
49 silly packumentCache corgi:https://registry.npmjs.org/@esbuild-kit%2fcore-utils set size:50014 disposed:false
50 silly packumentCache corgi:https://registry.npmjs.org/@esbuild-kit%2fesm-loader cache-miss
51 http cache https://registry.npmjs.org/@esbuild-kit%2fesm-loader 11ms (cache hit)
52 silly packumentCache corgi:https://registry.npmjs.org/@esbuild-kit%2fesm-loader set size:48202 disposed:false
53 silly packumentCache corgi:https://registry.npmjs.org/drizzle-kit cache-miss
54 http cache https://registry.npmjs.org/drizzle-kit 17ms (cache hit)
55 silly packumentCache corgi:https://registry.npmjs.org/drizzle-kit set size:1201438 disposed:false
56 warn allow-scripts 3 packages have install scripts not yet covered by allowScripts:
56 warn allow-scripts   esbuild@0.18.20 (postinstall: node install.js)
56 warn allow-scripts   esbuild@0.25.12 (postinstall: node install.js)
56 warn allow-scripts   esbuild@0.28.1 (postinstall: node install.js)
56 warn allow-scripts
56 warn allow-scripts Run `npm approve-scripts --allow-scripts-pending` to review, or `npm approve-scripts <pkg>` to allow.
57 verbose cwd /data/data/com.termux/files/home
58 verbose os Linux 5.10.237-android12-9-00014-gf82f7360927e-ab14119954
59 verbose node v24.17.0
60 verbose npm  v11.17.0
61 verbose exit 0
62 info ok
