0 verbose cli /data/data/com.termux/files/usr/bin/node /data/data/com.termux/files/usr/bin/npm
1 info using npm@11.17.0
2 info using node@v24.17.0
3 silly config load:file:/data/data/com.termux/files/usr/lib/node_modules/npm/npmrc
4 silly config load:file:/data/data/com.termux/files/home/.npmrc
5 silly config load:file:/data/data/com.termux/files/usr/etc/npmrc
6 verbose title npm install next@13.5.6 react@18.2.0 react-dom@18.2.0
7 verbose argv "install" "next@13.5.6" "react@18.2.0" "react-dom@18.2.0" "--legacy-peer-deps"
8 verbose logfile logs-max:10 dir:/data/data/com.termux/files/home/.npm/_logs/2026-06-24T06_28_12_230Z-
9 verbose logfile /data/data/com.termux/files/home/.npm/_logs/2026-06-24T06_28_12_230Z-debug-0.log
10 silly logfile start cleaning logs, removing 1 files
11 silly logfile done cleaning log files
12 silly packumentCache heap:1174405120 maxSize:293601280 maxEntrySize:146800640
13 silly idealTree buildDeps
14 silly fetch manifest next@13.5.6
15 silly packumentCache full:https://registry.npmjs.org/next cache-miss
16 http cache https://registry.npmjs.org/next 395ms (cache hit)
17 silly packumentCache full:https://registry.npmjs.org/next set size:30851660 disposed:false
18 silly fetch manifest react@18.2.0
19 silly packumentCache full:https://registry.npmjs.org/react cache-miss
20 http cache https://registry.npmjs.org/react 38ms (cache hit)
21 silly packumentCache full:https://registry.npmjs.org/react set size:6733629 disposed:false
22 silly fetch manifest react-dom@18.2.0
23 silly packumentCache full:https://registry.npmjs.org/react-dom cache-miss
24 http fetch GET 200 https://registry.npmjs.org/react-dom 1629ms (cache revalidated)
25 silly packumentCache full:https://registry.npmjs.org/react-dom set size:9003652 disposed:false
26 silly placeDep ROOT next@13.5.6 REPLACE for: thaesu-marketplace@0.1.0 want: 13.5.6
27 silly placeDep ROOT react@18.2.0 REPLACE for: thaesu-marketplace@0.1.0 want: 18.2.0
28 silly placeDep ROOT react-dom@18.2.0 REPLACE for: thaesu-marketplace@0.1.0 want: 18.2.0
29 silly fetch manifest @next/env@13.5.6
30 silly packumentCache full:https://registry.npmjs.org/@next%2fenv cache-miss
31 silly fetch manifest watchpack@2.4.0
32 silly packumentCache full:https://registry.npmjs.org/watchpack cache-miss
33 silly fetch manifest @swc/helpers@0.5.2
34 silly packumentCache full:https://registry.npmjs.org/@swc%2fhelpers cache-miss
35 silly fetch manifest @next/swc-darwin-x64@13.5.6
36 silly packumentCache full:https://registry.npmjs.org/@next%2fswc-darwin-x64 cache-miss
37 silly fetch manifest @next/swc-darwin-arm64@13.5.6
38 silly packumentCache full:https://registry.npmjs.org/@next%2fswc-darwin-arm64 cache-miss
39 silly fetch manifest @next/swc-linux-x64-gnu@13.5.6
40 silly packumentCache full:https://registry.npmjs.org/@next%2fswc-linux-x64-gnu cache-miss
41 silly fetch manifest @next/swc-linux-x64-musl@13.5.6
42 silly packumentCache full:https://registry.npmjs.org/@next%2fswc-linux-x64-musl cache-miss
43 http fetch GET 200 https://registry.npmjs.org/@next%2fswc-darwin-x64 1147ms (cache revalidated)
44 silly packumentCache full:https://registry.npmjs.org/@next%2fswc-darwin-x64 set size:5291735 disposed:false
45 silly fetch manifest @next/swc-win32-x64-msvc@13.5.6
46 silly packumentCache full:https://registry.npmjs.org/@next%2fswc-win32-x64-msvc cache-miss
47 http fetch GET 200 https://registry.npmjs.org/@next%2fenv 1257ms (cache revalidated)
48 silly packumentCache full:https://registry.npmjs.org/@next%2fenv set size:7362725 disposed:false
49 silly fetch manifest @next/swc-linux-arm64-gnu@13.5.6
50 silly packumentCache full:https://registry.npmjs.org/@next%2fswc-linux-arm64-gnu cache-miss
51 http fetch GET 200 https://registry.npmjs.org/@next%2fswc-linux-x64-gnu 1480ms (cache revalidated)
52 silly packumentCache full:https://registry.npmjs.org/@next%2fswc-linux-x64-gnu set size:5399897 disposed:false
53 silly fetch manifest @next/swc-win32-ia32-msvc@13.5.6
54 silly packumentCache full:https://registry.npmjs.org/@next%2fswc-win32-ia32-msvc cache-miss
55 http fetch GET 200 https://registry.npmjs.org/@next%2fswc-linux-x64-musl 1615ms (cache revalidated)
56 silly packumentCache full:https://registry.npmjs.org/@next%2fswc-linux-x64-musl set size:5155829 disposed:false
57 silly fetch manifest @next/swc-linux-arm64-musl@13.5.6
58 silly packumentCache full:https://registry.npmjs.org/@next%2fswc-linux-arm64-musl cache-miss
59 http fetch GET 200 https://registry.npmjs.org/@next%2fswc-darwin-arm64 1714ms (cache revalidated)
60 silly packumentCache full:https://registry.npmjs.org/@next%2fswc-darwin-arm64 set size:5349463 disposed:false
61 silly fetch manifest @next/swc-win32-arm64-msvc@13.5.6
62 silly packumentCache full:https://registry.npmjs.org/@next%2fswc-win32-arm64-msvc cache-miss
63 http fetch GET 200 https://registry.npmjs.org/@swc%2fhelpers 1837ms (cache revalidated)
64 silly packumentCache full:https://registry.npmjs.org/@swc%2fhelpers set size:775458 disposed:false
65 http fetch GET 200 https://registry.npmjs.org/@next%2fswc-win32-x64-msvc 644ms (cache revalidated)
66 silly packumentCache full:https://registry.npmjs.org/@next%2fswc-win32-x64-msvc set size:5371411 disposed:false
67 http fetch GET 200 https://registry.npmjs.org/watchpack 2019ms (cache miss)
68 silly packumentCache full:https://registry.npmjs.org/watchpack set size:undefined disposed:false
69 http fetch GET 200 https://registry.npmjs.org/@next%2fswc-linux-arm64-gnu 619ms (cache revalidated)
70 silly packumentCache full:https://registry.npmjs.org/@next%2fswc-linux-arm64-gnu set size:5203541 disposed:false
71 http fetch GET 200 https://registry.npmjs.org/@next%2fswc-win32-ia32-msvc 601ms (cache revalidated)
72 silly packumentCache full:https://registry.npmjs.org/@next%2fswc-win32-ia32-msvc set size:3201393 disposed:false
73 http fetch GET 200 https://registry.npmjs.org/@next%2fswc-linux-arm64-musl 580ms (cache revalidated)
74 silly packumentCache full:https://registry.npmjs.org/@next%2fswc-linux-arm64-musl set size:5221794 disposed:false
75 http fetch GET 200 https://registry.npmjs.org/@next%2fswc-win32-arm64-msvc 842ms (cache revalidated)
76 silly packumentCache full:https://registry.npmjs.org/@next%2fswc-win32-arm64-msvc set size:5185179 disposed:false
77 silly placeDep ROOT @next/env@13.5.6 OK for: next@13.5.6 want: 13.5.6
78 silly placeDep ROOT @next/swc-darwin-arm64@13.5.6 OK for: next@13.5.6 want: 13.5.6
79 silly placeDep ROOT @next/swc-darwin-x64@13.5.6 OK for: next@13.5.6 want: 13.5.6
80 silly placeDep ROOT @next/swc-linux-arm64-gnu@13.5.6 OK for: next@13.5.6 want: 13.5.6
81 silly placeDep ROOT @next/swc-linux-arm64-musl@13.5.6 OK for: next@13.5.6 want: 13.5.6
82 silly placeDep ROOT @next/swc-linux-x64-gnu@13.5.6 OK for: next@13.5.6 want: 13.5.6
83 silly placeDep ROOT @next/swc-linux-x64-musl@13.5.6 OK for: next@13.5.6 want: 13.5.6
84 silly placeDep ROOT @next/swc-win32-arm64-msvc@13.5.6 OK for: next@13.5.6 want: 13.5.6
85 silly placeDep ROOT @next/swc-win32-ia32-msvc@13.5.6 OK for: next@13.5.6 want: 13.5.6
86 silly placeDep ROOT @next/swc-win32-x64-msvc@13.5.6 OK for: next@13.5.6 want: 13.5.6
87 silly placeDep ROOT @swc/helpers@0.5.2 OK for: next@13.5.6 want: 0.5.2
88 silly placeDep ROOT watchpack@2.4.0 OK for: next@13.5.6 want: 2.4.0
89 silly fetch manifest tslib@^2.4.0
90 silly packumentCache full:https://registry.npmjs.org/tslib cache-miss
91 silly fetch manifest graceful-fs@^4.1.2
92 silly packumentCache full:https://registry.npmjs.org/graceful-fs cache-miss
93 silly fetch manifest glob-to-regexp@^0.4.1
94 silly packumentCache full:https://registry.npmjs.org/glob-to-regexp cache-miss
95 http fetch GET 200 https://registry.npmjs.org/graceful-fs 218ms (cache revalidated)
96 silly packumentCache full:https://registry.npmjs.org/graceful-fs set size:124285 disposed:false
97 http fetch GET 200 https://registry.npmjs.org/tslib 229ms (cache revalidated)
98 silly packumentCache full:https://registry.npmjs.org/tslib set size:108843 disposed:false
99 http fetch GET 200 https://registry.npmjs.org/glob-to-regexp 240ms (cache miss)
100 silly packumentCache full:https://registry.npmjs.org/glob-to-regexp set size:undefined disposed:false
101 silly placeDep ROOT tslib@2.8.1 OK for: @swc/helpers@0.5.2 want: ^2.4.0
102 silly placeDep ROOT glob-to-regexp@0.4.1 OK for: watchpack@2.4.0 want: ^0.4.1
103 silly placeDep ROOT graceful-fs@4.2.11 OK for: watchpack@2.4.0 want: ^4.1.2
104 silly reify mark retired [ '/data/data/com.termux/files/home/node_modules/@next/env' ]
105 silly reify mark retired [ '/data/data/com.termux/files/home/node_modules/@swc/counter' ]
106 silly reify mark retired [ '/data/data/com.termux/files/home/node_modules/@swc/helpers' ]
107 silly reify mark retired [
107 silly reify   '/data/data/com.termux/files/home/node_modules/next',
107 silly reify   '/data/data/com.termux/files/home/node_modules/.bin/next'
107 silly reify ]
108 silly reify moves {
108 silly reify   '/data/data/com.termux/files/home/node_modules/@next/env': '/data/data/com.termux/files/home/node_modules/@next/.env-79WLey5W',
108 silly reify   '/data/data/com.termux/files/home/node_modules/@swc/counter': '/data/data/com.termux/files/home/node_modules/@swc/.counter-XsOusfPW',
108 silly reify   '/data/data/com.termux/files/home/node_modules/@swc/helpers': '/data/data/com.termux/files/home/node_modules/@swc/.helpers-65m28HL5',
108 silly reify   '/data/data/com.termux/files/home/node_modules/next': '/data/data/com.termux/files/home/node_modules/.next-WAjiubSv',
108 silly reify   '/data/data/com.termux/files/home/node_modules/.bin/next': '/data/data/com.termux/files/home/node_modules/.bin/.next-8RJa3GLQ'
108 silly reify }
109 silly audit bulk request {
109 silly audit   '@babel/compat-data': [ '7.29.7' ],
109 silly audit   '@babel/core': [ '7.29.7' ],
109 silly audit   '@babel/code-frame': [ '7.29.7' ],
109 silly audit   '@babel/generator': [ '7.29.7' ],
109 silly audit   '@babel/helper-globals': [ '7.29.7' ],
109 silly audit   '@babel/helper-string-parser': [ '7.29.7' ],
109 silly audit   '@babel/helper-validator-identifier': [ '7.29.7' ],
109 silly audit   '@babel/parser': [ '7.29.7' ],
109 silly audit   '@babel/template': [ '7.29.7' ],
109 silly audit   '@babel/traverse': [ '7.29.7' ],
109 silly audit   '@babel/types': [ '7.29.7' ],
109 silly audit   '@babel/helper-compilation-targets': [ '7.29.7' ],
109 silly audit   '@babel/helper-create-class-features-plugin': [ '7.29.7' ],
109 silly audit   '@babel/helper-annotate-as-pure': [ '7.29.7' ],
109 silly audit   '@babel/helper-member-expression-to-functions': [ '7.29.7' ],
109 silly audit   '@babel/helper-optimise-call-expression': [ '7.29.7' ],
109 silly audit   '@babel/helper-skip-transparent-expression-wrappers': [ '7.29.7' ],
109 silly audit   '@babel/helper-create-regexp-features-plugin': [ '7.29.7' ],
109 silly audit   '@babel/helper-define-polyfill-provider': [ '0.6.8' ],
109 silly audit   '@babel/helper-module-transforms': [ '7.29.7' ],
109 silly audit   '@babel/helper-module-imports': [ '7.29.7' ],
109 silly audit   '@babel/helper-plugin-utils': [ '7.29.7' ],
109 silly audit   '@babel/helper-remap-async-to-generator': [ '7.29.7' ],
109 silly audit   '@babel/helper-replace-supers': [ '7.29.7' ],
109 silly audit   '@babel/helper-validator-option': [ '7.29.7' ],
109 silly audit   '@babel/helper-wrap-function': [ '7.29.7' ],
109 silly audit   '@babel/helpers': [ '7.29.7' ],
109 silly audit   '@babel/plugin-bugfix-firefox-class-in-computed-class-key': [ '7.29.7' ],
109 silly audit   '@babel/plugin-bugfix-safari-class-field-initializer-scope': [ '7.29.7' ],
109 silly audit   '@babel/plugin-bugfix-safari-id-destructuring-collision-in-function-expression': [ '7.29.7' ],
109 silly audit   '@babel/plugin-bugfix-safari-rest-destructuring-rhs-array': [ '7.29.7' ],
109 silly audit   '@babel/plugin-bugfix-v8-spread-parameters-in-optional-chaining': [ '7.29.7' ],
109 silly audit   '@babel/plugin-bugfix-v8-static-class-fields-redefine-readonly': [ '7.29.7' ],
109 silly audit   '@babel/plugin-proposal-private-property-in-object': [ '7.21.0-placeholder-for-preset-env.2' ],
109 silly audit   '@babel/plugin-syntax-import-assertions': [ '7.29.7' ],
109 silly audit   '@babel/plugin-syntax-import-attributes': [ '7.29.7' ],
109 silly audit   '@babel/plugin-syntax-jsx': [ '7.29.7' ],
109 silly audit   '@babel/plugin-syntax-unicode-sets-regex': [ '7.18.6' ],
109 silly audit   '@babel/plugin-transform-arrow-functions': [ '7.29.7' ],
109 silly audit   '@babel/plugin-transform-async-generator-functions': [ '7.29.7' ],
109 silly audit   '@babel/plugin-transform-async-to-generator': [ '7.29.7' ],
109 silly audit   '@babel/plugin-transform-block-scoped-functions': [ '7.29.7' ],
109 silly audit   '@babel/plugin-transform-block-scoping': [ '7.29.7' ],
109 silly audit   '@babel/plugin-transform-class-properties': [ '7.29.7' ],
109 silly audit   '@babel/plugin-transform-class-static-block': [ '7.29.7' ],
109 silly audit   '@babel/plugin-transform-classes': [ '7.29.7' ],
109 silly audit   '@babel/plugin-transform-computed-properties': [ '7.29.7' ],
109 silly audit   '@babel/plugin-transform-destructuring': [ '7.29.7' ],
109 silly audit   '@babel/plugin-transform-dotall-regex': [ '7.29.7' ],
109 silly audit   '@babel/plugin-transform-duplicate-keys': [ '7.29.7' ],
109 silly audit   '@babel/plugin-transform-duplicate-named-capturing-groups-regex': [ '7.29.7' ],
109 silly audit   '@babel/plugin-transform-dynamic-import': [ '7.29.7' ],
109 silly audit   '@babel/plugin-transform-explicit-resource-management': [ '7.29.7' ],
109 silly audit   '@babel/plugin-transform-exponentiation-operator': [ '7.29.7' ],
109 silly audit   '@babel/plugin-transform-export-namespace-from': [ '7.29.7' ],
109 silly audit   '@babel/plugin-transform-for-of': [ '7.29.7' ],
109 silly audit   '@babel/plugin-transform-function-name': [ '7.29.7' ],
109 silly audit   '@babel/plugin-transform-json-strings': [ '7.29.7' ],
109 silly audit   '@babel/plugin-transform-literals': [ '7.29.7' ],
109 silly audit   '@babel/plugin-transform-logical-assignment-operators': [ '7.29.7' ],
109 silly audit   '@babel/plugin-transform-member-expression-literals': [ '7.29.7' ],
109 silly audit   '@babel/plugin-transform-modules-amd': [ '7.29.7' ],
109 silly audit   '@babel/plugin-transform-modules-commonjs': [ '7.29.7' ],
109 silly audit   '@babel/plugin-transform-modules-systemjs': [ '7.29.7' ],
109 silly audit   '@babel/plugin-transform-modules-umd': [ '7.29.7' ],
109 silly audit   '@babel/plugin-transform-named-capturing-groups-regex': [ '7.29.7' ],
109 silly audit   '@babel/plugin-transform-new-target': [ '7.29.7' ],
109 silly audit   '@babel/plugin-transform-nullish-coalescing-operator': [ '7.29.7' ],
109 silly audit   '@babel/plugin-transform-numeric-separator': [ '7.29.7' ],
109 silly audit   '@babel/plugin-transform-object-rest-spread': [ '7.29.7' ],
109 silly audit   '@babel/plugin-transform-object-super': [ '7.29.7' ],
109 silly audit   '@babel/plugin-transform-optional-catch-binding': [ '7.29.7' ],
109 silly audit   '@babel/plugin-transform-optional-chaining': [ '7.29.7' ],
109 silly audit   '@babel/plugin-transform-parameters': [ '7.29.7' ],
109 silly audit   '@babel/plugin-transform-private-methods': [ '7.29.7' ],
109 silly audit   '@babel/plugin-transform-private-property-in-object': [ '7.29.7' ],
109 silly audit   '@babel/plugin-transform-property-literals': [ '7.29.7' ],
109 silly audit   '@babel/plugin-transform-react-display-name': [ '7.29.7' ],
109 silly audit   '@babel/plugin-transform-react-jsx': [ '7.29.7' ],
109 silly audit   '@babel/plugin-transform-react-jsx-development': [ '7.29.7' ],
109 silly audit   '@babel/plugin-transform-react-pure-annotations': [ '7.29.7' ],
109 silly audit   '@babel/plugin-transform-regenerator': [ '7.29.7' ],
109 silly audit   '@babel/plugin-transform-regexp-modifiers': [ '7.29.7' ],
109 silly audit   '@babel/plugin-transform-reserved-words': [ '7.29.7' ],
109 silly audit   '@babel/plugin-transform-shorthand-properties': [ '7.29.7' ],
109 silly audit   '@babel/plugin-transform-spread': [ '7.29.7' ],
109 silly audit   '@babel/plugin-transform-sticky-regex': [ '7.29.7' ],
109 silly audit   '@babel/plugin-transform-template-literals': [ '7.29.7' ],
109 silly audit   '@babel/plugin-transform-typeof-symbol': [ '7.29.7' ],
109 silly audit   '@babel/plugin-transform-unicode-escapes': [ '7.29.7' ],
109 silly audit   '@babel/plugin-transform-unicode-property-regex': [ '7.29.7' ],
109 silly audit   '@babel/plugin-transform-unicode-regex': [ '7.29.7' ],
109 silly audit   '@babel/plugin-transform-unicode-sets-regex': [ '7.29.7' ],
109 silly audit   '@babel/preset-env': [ '7.29.7' ],
109 silly audit   '@babel/preset-modules': [ '0.1.6-no-external-plugins' ],
109 silly audit   '@babel/preset-react': [ '7.29.7' ],
109 silly audit   '@jridgewell/gen-mapping': [ '0.3.13' ],
109 silly audit   '@jridgewell/remapping': [ '2.3.5' ],
109 silly audit   '@jridgewell/resolve-uri': [ '3.1.2' ],
109 silly audit   '@jridgewell/sourcemap-codec': [ '1.5.5' ],
109 silly audit   '@jridgewell/trace-mapping': [ '0.3.31' ],
109 silly audit   'babel-plugin-polyfill-corejs2': [ '0.4.17' ],
109 silly audit   'babel-plugin-polyfill-corejs3': [ '0.14.2' ],
109 silly audit   'babel-plugin-polyfill-regenerator': [ '0.6.8' ],
109 silly audit   'baseline-browser-mapping': [ '2.10.38' ],
109 silly audit   browserslist: [ '4.28.4' ],
109 silly audit   busboy: [ '1.6.0' ],
109 silly audit   'caniuse-lite': [ '1.0.30001799' ],
109 silly audit   'client-only': [ '0.0.1' ],
109 silly audit   'convert-source-map': [ '2.0.0' ],
109 silly audit   'core-js-compat': [ '3.49.0' ],
109 silly audit   debug: [ '4.4.3' ],
109 silly audit   'electron-to-chromium': [ '1.5.378' ],
109 silly audit   'es-errors': [ '1.3.0' ],
109 silly audit   escalade: [ '3.2.0' ],
109 silly audit   esutils: [ '2.0.3' ],
109 silly audit   'function-bind': [ '1.1.2' ],
109 silly audit   gensync: [ '1.0.0-beta.2' ],
109 silly audit   hasown: [ '2.0.4' ],
109 silly audit   'is-core-module': [ '2.16.2' ],
109 silly audit   'js-tokens': [ '4.0.0' ],
109 silly audit   jsesc: [ '3.1.0' ],
109 silly audit   json5: [ '2.2.3' ],
109 silly audit   'lodash.debounce': [ '4.0.8' ],
109 silly audit   'loose-envify': [ '1.4.0' ],
109 silly audit   'lru-cache': [ '5.1.1' ],
109 silly audit   ms: [ '2.1.3' ],
109 silly audit   nanoid: [ '3.3.15' ],
109 silly audit   'node-releases': [ '2.0.48' ],
109 silly audit   'path-parse': [ '1.0.7' ],
109 silly audit   picocolors: [ '1.1.1' ],
109 silly audit   regenerate: [ '1.4.2' ],
109 silly audit   'regenerate-unicode-properties': [ '10.2.2' ],
109 silly audit   'regexpu-core': [ '6.4.0' ],
109 silly audit   regjsgen: [ '0.8.0' ],
109 silly audit   regjsparser: [ '0.13.2' ],
109 silly audit   resolve: [ '1.22.12' ],
109 silly audit   scheduler: [ '0.23.2' ],
109 silly audit   semver: [ '6.3.1' ],
109 silly audit   'source-map-js': [ '1.2.1' ],
109 silly audit   streamsearch: [ '1.1.0' ],
109 silly audit   'styled-jsx': [ '5.1.1' ],
109 silly audit   'supports-preserve-symlinks-flag': [ '1.0.0' ],
109 silly audit   'unicode-canonical-property-names-ecmascript': [ '2.0.1' ],
109 silly audit   'unicode-match-property-ecmascript': [ '2.0.0' ],
109 silly audit   'unicode-match-property-value-ecmascript': [ '2.2.1' ],
109 silly audit   'unicode-property-aliases-ecmascript': [ '2.2.0' ],
109 silly audit   'update-browserslist-db': [ '1.2.3' ],
109 silly audit   yallist: [ '3.1.1' ],
109 silly audit   next: [ '13.5.6' ],
109 silly audit   postcss: [ '8.4.31' ],
109 silly audit   react: [ '18.2.0' ],
109 silly audit   'react-dom': [ '18.2.0' ],
109 silly audit   '@next/env': [ '13.5.6' ],
109 silly audit   '@next/swc-darwin-arm64': [ '13.5.6' ],
109 silly audit   '@next/swc-darwin-x64': [ '13.5.6' ],
109 silly audit   '@next/swc-linux-arm64-gnu': [ '13.5.6' ],
109 silly audit   '@next/swc-linux-arm64-musl': [ '13.5.6' ],
109 silly audit   '@next/swc-linux-x64-gnu': [ '13.5.6' ],
109 silly audit   '@next/swc-linux-x64-musl': [ '13.5.6' ],
109 silly audit   '@next/swc-win32-arm64-msvc': [ '13.5.6' ],
109 silly audit   '@next/swc-win32-ia32-msvc': [ '13.5.6' ],
109 silly audit   '@next/swc-win32-x64-msvc': [ '13.5.6' ],
109 silly audit   '@swc/helpers': [ '0.5.2' ],
109 silly audit   watchpack: [ '2.4.0' ],
109 silly audit   tslib: [ '2.8.1' ],
109 silly audit   'glob-to-regexp': [ '0.4.1' ],
109 silly audit   'graceful-fs': [ '4.2.11' ]
109 silly audit }
110 http cache watchpack@https://registry.npmjs.org/watchpack/-/watchpack-2.4.0.tgz 0ms (cache hit)
111 http cache @swc/helpers@https://registry.npmjs.org/@swc/helpers/-/helpers-0.5.2.tgz 0ms (cache hit)
112 http cache next@https://registry.npmjs.org/next/-/next-13.5.6.tgz 0ms (cache hit)
113 http cache @next/env@https://registry.npmjs.org/@next/env/-/env-13.5.6.tgz 0ms (cache hit)
114 http cache glob-to-regexp@https://registry.npmjs.org/glob-to-regexp/-/glob-to-regexp-0.4.1.tgz 1ms (cache hit)
115 silly tarball no local data for watchpack@https://registry.npmjs.org/watchpack/-/watchpack-2.4.0.tgz. Extracting by manifest.
116 silly tarball no local data for @swc/helpers@https://registry.npmjs.org/@swc/helpers/-/helpers-0.5.2.tgz. Extracting by manifest.
117 silly tarball no local data for next@https://registry.npmjs.org/next/-/next-13.5.6.tgz. Extracting by manifest.
118 silly tarball no local data for @next/env@https://registry.npmjs.org/@next/env/-/env-13.5.6.tgz. Extracting by manifest.
119 silly tarball no local data for glob-to-regexp@https://registry.npmjs.org/glob-to-regexp/-/glob-to-regexp-0.4.1.tgz. Extracting by manifest.
120 http fetch GET 200 https://registry.npmjs.org/glob-to-regexp/-/glob-to-regexp-0.4.1.tgz 344ms (cache miss)
121 http fetch GET 200 https://registry.npmjs.org/watchpack/-/watchpack-2.4.0.tgz 362ms (cache miss)
122 http fetch GET 200 https://registry.npmjs.org/@next/env/-/env-13.5.6.tgz 539ms (cache miss)
123 http fetch POST 200 https://registry.npmjs.org/-/npm/v1/security/advisories/bulk 684ms
124 silly audit report {
124 silly audit report   next: [
124 silly audit report     {
124 silly audit report       id: 1099639,
124 silly audit report       url: 'https://github.com/advisories/GHSA-gp8f-8m3g-qvj9',
124 silly audit report       title: 'Next.js Cache Poisoning',
124 silly audit report       severity: 'high',
124 silly audit report       vulnerable_versions: '>=13.5.1 <13.5.7',
124 silly audit report       cwe: [Array],
124 silly audit report       cvss: [Object]
124 silly audit report     },
124 silly audit report     {
124 silly audit report       id: 1100421,
124 silly audit report       url: 'https://github.com/advisories/GHSA-g77x-44xx-532m',
124 silly audit report       title: 'Denial of Service condition in Next.js image optimization',
124 silly audit report       severity: 'moderate',
124 silly audit report       vulnerable_versions: '>=10.0.0 <14.2.7',
124 silly audit report       cwe: [Array],
124 silly audit report       cvss: [Object]
124 silly audit report     },
124 silly audit report     {
124 silly audit report       id: 1117931,
124 silly audit report       url: 'https://github.com/advisories/GHSA-8h8q-6873-q5fj',
124 silly audit report       title: 'Next.js Vulnerable to Denial of Service with Server Components',
124 silly audit report       severity: 'high',
124 silly audit report       vulnerable_versions: '>=13.0.0 <15.5.16',
124 silly audit report       cwe: [Array],
124 silly audit report       cvss: [Object]
124 silly audit report     },
124 silly audit report     {
124 silly audit report       id: 1101439,
124 silly audit report       url: 'https://github.com/advisories/GHSA-7m27-7ghc-44w9',
124 silly audit report       title: 'Next.js Allows a Denial of Service (DoS) with Server Actions',
124 silly audit report       severity: 'moderate',
124 silly audit report       vulnerable_versions: '>=13.0.0 <13.5.8',
124 silly audit report       cwe: [Array],
124 silly audit report       cvss: [Object]
124 silly audit report     },
124 silly audit report     {
124 silly audit report       id: 1105461,
124 silly audit report       url: 'https://github.com/advisories/GHSA-3h52-269p-cp9r',
124 silly audit report       title: 'Information exposure in Next.js dev server due to lack of origin verification',
124 silly audit report       severity: 'low',
124 silly audit report       vulnerable_versions: '>=13.0 <14.2.30',
124 silly audit report       cwe: [Array],
124 silly audit report       cvss: [Object]
124 silly audit report     },
124 silly audit report     {
124 silly audit report       id: 1111391,
124 silly audit report       url: 'https://github.com/advisories/GHSA-mwv6-3258-q52c',
124 silly audit report       title: 'Next Vulnerable to Denial of Service with Server Components',
124 silly audit report       severity: 'high',
124 silly audit report       vulnerable_versions: '>=13.3.0 <14.2.34',
124 silly audit report       cwe: [Array],
124 silly audit report       cvss: [Object]
124 silly audit report     },
124 silly audit report     {
124 silly audit report       id: 1107226,
124 silly audit report       url: 'https://github.com/advisories/GHSA-g5qg-72qw-gw5v',
124 silly audit report       title: 'Next.js Affected by Cache Key Confusion for Image Optimization API Routes',
124 silly audit report       severity: 'moderate',
124 silly audit report       vulnerable_versions: '>=0.9.9 <14.2.31',
124 silly audit report       cwe: [Array],
124 silly audit report       cvss: [Object]
124 silly audit report     },
124 silly audit report     {
124 silly audit report       id: 1107420,
124 silly audit report       url: 'https://github.com/advisories/GHSA-7gfc-8cq8-jh5f',
124 silly audit report       title: 'Next.js authorization bypass vulnerability',
124 silly audit report       severity: 'high',
124 silly audit report       vulnerable_versions: '>=9.5.5 <14.2.15',
124 silly audit report       cwe: [Array],
124 silly audit report       cvss: [Object]
124 silly audit report     },
124 silly audit report     {
124 silly audit report       id: 1107512,
124 silly audit report       url: 'https://github.com/advisories/GHSA-4342-x723-ch2f',
124 silly audit report       title: 'Next.js Improper Middleware Redirect Handling Leads to SSRF',
124 silly audit report       severity: 'moderate',
124 silly audit report       vulnerable_versions: '>=0.9.9 <14.2.32',
124 silly audit report       cwe: [Array],
124 silly audit report       cvss: [Object]
124 silly audit report     },
124 silly audit report     {
124 silly audit report       id: 1107513,
124 silly audit report       url: 'https://github.com/advisories/GHSA-xv57-4mr9-wg8v',
124 silly audit report       title: 'Next.js Content Injection Vulnerability for Image Optimization',
124 silly audit report       severity: 'moderate',
124 silly audit report       vulnerable_versions: '>=0.9.9 <14.2.31',
124 silly audit report       cwe: [Array],
124 silly audit report       cvss: [Object]
124 silly audit report     },
124 silly audit report     {
124 silly audit report       id: 1112182,
124 silly audit report       url: 'https://github.com/advisories/GHSA-5j59-xgg2-r9c4',
124 silly audit report       title: 'Next has a Denial of Service with Server Components - Incomplete Fix Follow-Up',
124 silly audit report       severity: 'high',
124 silly audit report       vulnerable_versions: '>=13.3.1-canary.0 <14.2.35',
124 silly audit report       cwe: [Array],
124 silly audit report       cvss: [Object]
124 silly audit report     },
124 silly audit report     {
124 silly audit report       id: 1108291,
124 silly audit report       url: 'https://github.com/advisories/GHSA-qpjv-v59x-3qc4',
124 silly audit report       title: 'Next.js Race Condition to Cache Poisoning',
124 silly audit report       severity: 'low',
124 silly audit report       vulnerable_versions: '>=0.9.9 <14.2.24',
124 silly audit report       cwe: [Array],
124 silly audit report       cvss: [Object]
124 silly audit report     },
124 silly audit report     {
124 silly audit report       id: 1118942,
124 silly audit report       url: 'https://github.com/advisories/GHSA-3g8h-86w9-wvmq',
124 silly audit report       title: "Next.js's Middleware / Proxy redirects can be cache-poisoned",
124 silly audit report       severity: 'low',
124 silly audit report       vulnerable_versions: '>=12.2.0 <15.5.16',
124 silly audit report       cwe: [Array],
124 silly audit report       cvss: [Object]
124 silly audit report     },
124 silly audit report     {
124 silly audit report       id: 1118944,
124 silly audit report       url: 'https://github.com/advisories/GHSA-ffhc-5mcf-pf4q',
124 silly audit report       title: 'Next.js vulnerable to cross-site scripting in App Router applications using CSP nonces',
124 silly audit report       severity: 'moderate',
124 silly audit report       vulnerable_versions: '>=13.4.0 <15.5.16',
124 silly audit report       cwe: [Array],
124 silly audit report       cvss: [Object]
124 silly audit report     },
124 silly audit report     {
124 silly audit report       id: 1118946,
124 silly audit report       url: 'https://github.com/advisories/GHSA-vfv6-92ff-j949',
124 silly audit report       title: 'Next.js vulnerable to cache poisoning via collisions in React Server Component cache-busting',
124 silly audit report       severity: 'low',
124 silly audit report       vulnerable_versions: '>=13.4.6 <15.5.16',
124 silly audit report       cwe: [Array],
124 silly audit report       cvss: [Object]
124 silly audit report     },
124 silly audit report     {
124 silly audit report       id: 1118948,
124 silly audit report       url: 'https://github.com/advisories/GHSA-gx5p-jg67-6x7h',
124 silly audit report       title: 'Next.js has cross-site scripting in beforeInteractive scripts with untrusted input',
124 silly audit report       severity: 'moderate',
124 silly audit report       vulnerable_versions: '>=13.0.0 <15.5.16',
124 silly audit report       cwe: [Array],
124 silly audit report       cvss: [Object]
124 silly audit report     },
124 silly audit report     {
124 silly audit report       id: 1118952,
124 silly audit report       url: 'https://github.com/advisories/GHSA-h64f-5h5j-jqjh',
124 silly audit report       title: 'Next.js has a Denial of Service in the Image Optimization API',
124 silly audit report       severity: 'moderate',
124 silly audit report       vulnerable_versions: '>=10.0.0 <15.5.16',
124 silly audit report       cwe: [Array],
124 silly audit report       cvss: [Object]
124 silly audit report     },
124 silly audit report     {
124 silly audit report       id: 1118954,
124 silly audit report       url: 'https://github.com/advisories/GHSA-c4j6-fc7j-m34r',
124 silly audit report       title: 'Next.js vulnerable to server-side request forgery in applications using WebSocket upgrades',
124 silly audit report       severity: 'high',
124 silly audit report       vulnerable_versions: '>=13.4.13 <15.5.16',
124 silly audit report       cwe: [Array],
124 silly audit report       cvss: [Object]
124 silly audit report     },
124 silly audit report     {
124 silly audit report       id: 1118962,
124 silly audit report       url: 'https://github.com/advisories/GHSA-36qx-fr4f-26g5',
124 silly audit report       title: 'Next.js has a Middleware / Proxy bypass in Pages Router applications using i18n',
124 silly audit report       severity: 'high',
124 silly audit report       vulnerable_versions: '>=12.2.0 <15.5.16',
124 silly audit report       cwe: [Array],
124 silly audit report       cvss: [Object]
124 silly audit report     },
124 silly audit report     {
124 silly audit report       id: 1112593,
124 silly audit report       url: 'https://github.com/advisories/GHSA-9g9p-9gw9-jx7f',
124 silly audit report       title: 'Next.js self-hosted applications vulnerable to DoS via Image Optimizer remotePatterns configuration',
124 silly audit report       severity: 'moderate',
124 silly audit report       vulnerable_versions: '>=10.0.0 <15.5.10',
124 silly audit report       cwe: [Array],
124 silly audit report       cvss: [Object]
124 silly audit report     },
124 silly audit report     {
124 silly audit report       id: 1112653,
124 silly audit report       url: 'https://github.com/advisories/GHSA-h25m-26qc-wcjf',
124 silly audit report       title: 'Next.js HTTP request deserialization can lead to DoS when using insecure React Server Components',
124 silly audit report       severity: 'high',
124 silly audit report       vulnerable_versions: '>=13.0.0 <15.0.8',
124 silly audit report       cwe: [Array],
124 silly audit report       cvss: [Object]
124 silly audit report     },
124 silly audit report     {
124 silly audit report       id: 1113690,
124 silly audit report       url: 'https://github.com/advisories/GHSA-f82v-jwr5-mffw',
124 silly audit report       title: 'Authorization Bypass in Next.js Middleware',
124 silly audit report       severity: 'critical',
124 silly audit report       vulnerable_versions: '>=13.0.0 <13.5.9',
124 silly audit report       cwe: [Array],
124 silly audit report       cvss: [Object]
124 silly audit report     },
124 silly audit report     {
124 silly audit report       id: 1114897,
124 silly audit report       url: 'https://github.com/advisories/GHSA-ggv3-7p47-pfv8',
124 silly audit report       title: 'Next.js: HTTP request smuggling in rewrites',
124 silly audit report       severity: 'moderate',
124 silly audit report       vulnerable_versions: '>=9.5.0 <15.5.13',
124 silly audit report       cwe: [Array],
124 silly audit report       cvss: [Object]
124 silly audit report     },
124 silly audit report     {
124 silly audit report       id: 1114940,
124 silly audit report       url: 'https://github.com/advisories/GHSA-3x4c-7xq6-9pq8',
124 silly audit report       title: 'Next.js: Unbounded next/image disk cache growth can exhaust storage',
124 silly audit report       severity: 'moderate',
124 silly audit report       vulnerable_versions: '>=10.0.0 <15.5.14',
124 silly audit report       cwe: [Array],
124 silly audit report       cvss: [Object]
124 silly audit report     },
124 silly audit report     {
124 silly audit report       id: 1116376,
124 silly audit report       url: 'https://github.com/advisories/GHSA-q4gf-8mx6-v5v3',
124 silly audit report       title: 'Next.js has a Denial of Service with Server Components',
124 silly audit report       severity: 'high',
124 silly audit report       vulnerable_versions: '>=13.0.0 <15.5.15',
124 silly audit report       cwe: [Array],
124 silly audit report       cvss: [Object]
124 silly audit report     },
124 silly audit report     {
124 silly audit report       id: 1097295,
124 silly audit report       url: 'https://github.com/advisories/GHSA-fr5h-rqp8-mj6g',
124 silly audit report       title: 'Next.js Server-Side Request Forgery in Server Actions',
124 silly audit report       severity: 'high',
124 silly audit report       vulnerable_versions: '>=13.4.0 <14.1.1',
124 silly audit report       cwe: [Array],
124 silly audit report       cvss: [Object]
124 silly audit report     }
124 silly audit report   ],
124 silly audit report   postcss: [
124 silly audit report     {
124 silly audit report       id: 1117015,
124 silly audit report       url: 'https://github.com/advisories/GHSA-qx2v-qp2m-jg93',
124 silly audit report       title: 'PostCSS has XSS via Unescaped </style> in its CSS Stringify Output',
124 silly audit report       severity: 'moderate',
124 silly audit report       vulnerable_versions: '<8.5.10',
124 silly audit report       cwe: [Array],
124 silly audit report       cvss: [Object]
124 silly audit report     }
124 silly audit report   ]
124 silly audit report }
125 silly packumentCache corgi:https://registry.npmjs.org/next cache-miss
126 silly packumentCache corgi:https://registry.npmjs.org/postcss cache-miss
127 http cache https://registry.npmjs.org/postcss 85ms (cache hit)
128 silly packumentCache corgi:https://registry.npmjs.org/postcss set size:344717 disposed:false
129 http cache https://registry.npmjs.org/next 188ms (cache hit)
130 silly packumentCache corgi:https://registry.npmjs.org/next set size:25316683 disposed:false
131 http fetch GET 200 https://registry.npmjs.org/@swc/helpers/-/helpers-0.5.2.tgz 5240ms (cache miss)
132 http fetch GET 200 https://registry.npmjs.org/next/-/next-13.5.6.tgz 34204ms (cache miss)
133 warn deprecated next@13.5.6: This version has a security vulnerability. Please upgrade to a patched version. See https://nextjs.org/blog/security-update-2025-12-11 for more details.
134 silly ADD node_modules/glob-to-regexp
135 silly ADD node_modules/watchpack
136 silly CHANGE node_modules/next
137 silly CHANGE node_modules/@swc/helpers
138 silly REMOVE node_modules/@swc/counter
139 silly CHANGE node_modules/@next/env
140 verbose cwd /data/data/com.termux/files/home
141 verbose os Linux 5.10.237-android12-9-00014-gf82f7360927e-ab14119954
142 verbose node v24.17.0
143 verbose npm  v11.17.0
144 verbose exit 0
145 info ok
