0 verbose cli /data/data/com.termux/files/usr/bin/node /data/data/com.termux/files/usr/bin/npm
1 info using npm@11.17.0
2 info using node@v24.17.0
3 silly config load:file:/data/data/com.termux/files/usr/lib/node_modules/npm/npmrc
4 silly config load:file:/data/data/com.termux/files/home/.npmrc
5 silly config load:file:/data/data/com.termux/files/usr/etc/npmrc
6 verbose title npm install @babel/core @babel/preset-env @babel/preset-react
7 verbose argv "install" "--save-dev" "@babel/core" "@babel/preset-env" "@babel/preset-react"
8 verbose logfile logs-max:10 dir:/data/data/com.termux/files/home/.npm/_logs/2026-06-24T06_26_01_206Z-
9 verbose logfile /data/data/com.termux/files/home/.npm/_logs/2026-06-24T06_26_01_206Z-debug-0.log
10 silly logfile start cleaning logs, removing 1 files
11 silly logfile done cleaning log files
12 silly packumentCache heap:1174405120 maxSize:293601280 maxEntrySize:146800640
13 silly idealTree buildDeps
14 silly fetch manifest @babel/core@^7.0.0
15 silly packumentCache full:https://registry.npmjs.org/@babel%2fcore cache-miss
16 http fetch GET 200 https://registry.npmjs.org/@babel%2fcore 1644ms (cache revalidated)
17 silly packumentCache full:https://registry.npmjs.org/@babel%2fcore set size:788258 disposed:false
18 silly fetch manifest @babel/preset-env@^7.0.0
19 silly packumentCache full:https://registry.npmjs.org/@babel%2fpreset-env cache-miss
20 http fetch GET 200 https://registry.npmjs.org/@babel%2fpreset-env 241ms (cache revalidated)
21 silly packumentCache full:https://registry.npmjs.org/@babel%2fpreset-env set size:1208399 disposed:false
22 silly fetch manifest @babel/preset-react@^7.0.0
23 silly packumentCache full:https://registry.npmjs.org/@babel%2fpreset-react cache-miss
24 http fetch GET 200 https://registry.npmjs.org/@babel%2fpreset-react 220ms (cache revalidated)
25 silly packumentCache full:https://registry.npmjs.org/@babel%2fpreset-react set size:264697 disposed:false
26 silly placeDep ROOT @babel/core@7.29.7 REPLACE for: thaesu-marketplace@0.1.0 want: ^7.0.0
27 silly placeDep ROOT @babel/preset-env@7.29.7 REPLACE for: thaesu-marketplace@0.1.0 want: ^7.0.0
28 silly placeDep ROOT @babel/preset-react@7.29.7 REPLACE for: thaesu-marketplace@0.1.0 want: ^7.0.0
29 silly reify moves {}
30 silly audit bulk request {
30 silly audit   '@babel/compat-data': [ '7.29.7' ],
30 silly audit   '@babel/code-frame': [ '7.29.7' ],
30 silly audit   '@babel/generator': [ '7.29.7' ],
30 silly audit   '@babel/helper-globals': [ '7.29.7' ],
30 silly audit   '@babel/helper-string-parser': [ '7.29.7' ],
30 silly audit   '@babel/helper-validator-identifier': [ '7.29.7' ],
30 silly audit   '@babel/parser': [ '7.29.7' ],
30 silly audit   '@babel/template': [ '7.29.7' ],
30 silly audit   '@babel/traverse': [ '7.29.7' ],
30 silly audit   '@babel/types': [ '7.29.7' ],
30 silly audit   '@babel/helper-compilation-targets': [ '7.29.7' ],
30 silly audit   '@babel/helper-create-class-features-plugin': [ '7.29.7' ],
30 silly audit   '@babel/helper-annotate-as-pure': [ '7.29.7' ],
30 silly audit   '@babel/helper-member-expression-to-functions': [ '7.29.7' ],
30 silly audit   '@babel/helper-optimise-call-expression': [ '7.29.7' ],
30 silly audit   '@babel/helper-skip-transparent-expression-wrappers': [ '7.29.7' ],
30 silly audit   '@babel/helper-create-regexp-features-plugin': [ '7.29.7' ],
30 silly audit   '@babel/helper-define-polyfill-provider': [ '0.6.8' ],
30 silly audit   '@babel/helper-module-transforms': [ '7.29.7' ],
30 silly audit   '@babel/helper-module-imports': [ '7.29.7' ],
30 silly audit   '@babel/helper-plugin-utils': [ '7.29.7' ],
30 silly audit   '@babel/helper-remap-async-to-generator': [ '7.29.7' ],
30 silly audit   '@babel/helper-replace-supers': [ '7.29.7' ],
30 silly audit   '@babel/helper-validator-option': [ '7.29.7' ],
30 silly audit   '@babel/helper-wrap-function': [ '7.29.7' ],
30 silly audit   '@babel/helpers': [ '7.29.7' ],
30 silly audit   '@babel/plugin-bugfix-firefox-class-in-computed-class-key': [ '7.29.7' ],
30 silly audit   '@babel/plugin-bugfix-safari-class-field-initializer-scope': [ '7.29.7' ],
30 silly audit   '@babel/plugin-bugfix-safari-id-destructuring-collision-in-function-expression': [ '7.29.7' ],
30 silly audit   '@babel/plugin-bugfix-safari-rest-destructuring-rhs-array': [ '7.29.7' ],
30 silly audit   '@babel/plugin-bugfix-v8-spread-parameters-in-optional-chaining': [ '7.29.7' ],
30 silly audit   '@babel/plugin-bugfix-v8-static-class-fields-redefine-readonly': [ '7.29.7' ],
30 silly audit   '@babel/plugin-proposal-private-property-in-object': [ '7.21.0-placeholder-for-preset-env.2' ],
30 silly audit   '@babel/plugin-syntax-import-assertions': [ '7.29.7' ],
30 silly audit   '@babel/plugin-syntax-import-attributes': [ '7.29.7' ],
30 silly audit   '@babel/plugin-syntax-jsx': [ '7.29.7' ],
30 silly audit   '@babel/plugin-syntax-unicode-sets-regex': [ '7.18.6' ],
30 silly audit   '@babel/plugin-transform-arrow-functions': [ '7.29.7' ],
30 silly audit   '@babel/plugin-transform-async-generator-functions': [ '7.29.7' ],
30 silly audit   '@babel/plugin-transform-async-to-generator': [ '7.29.7' ],
30 silly audit   '@babel/plugin-transform-block-scoped-functions': [ '7.29.7' ],
30 silly audit   '@babel/plugin-transform-block-scoping': [ '7.29.7' ],
30 silly audit   '@babel/plugin-transform-class-properties': [ '7.29.7' ],
30 silly audit   '@babel/plugin-transform-class-static-block': [ '7.29.7' ],
30 silly audit   '@babel/plugin-transform-classes': [ '7.29.7' ],
30 silly audit   '@babel/plugin-transform-computed-properties': [ '7.29.7' ],
30 silly audit   '@babel/plugin-transform-destructuring': [ '7.29.7' ],
30 silly audit   '@babel/plugin-transform-dotall-regex': [ '7.29.7' ],
30 silly audit   '@babel/plugin-transform-duplicate-keys': [ '7.29.7' ],
30 silly audit   '@babel/plugin-transform-duplicate-named-capturing-groups-regex': [ '7.29.7' ],
30 silly audit   '@babel/plugin-transform-dynamic-import': [ '7.29.7' ],
30 silly audit   '@babel/plugin-transform-explicit-resource-management': [ '7.29.7' ],
30 silly audit   '@babel/plugin-transform-exponentiation-operator': [ '7.29.7' ],
30 silly audit   '@babel/plugin-transform-export-namespace-from': [ '7.29.7' ],
30 silly audit   '@babel/plugin-transform-for-of': [ '7.29.7' ],
30 silly audit   '@babel/plugin-transform-function-name': [ '7.29.7' ],
30 silly audit   '@babel/plugin-transform-json-strings': [ '7.29.7' ],
30 silly audit   '@babel/plugin-transform-literals': [ '7.29.7' ],
30 silly audit   '@babel/plugin-transform-logical-assignment-operators': [ '7.29.7' ],
30 silly audit   '@babel/plugin-transform-member-expression-literals': [ '7.29.7' ],
30 silly audit   '@babel/plugin-transform-modules-amd': [ '7.29.7' ],
30 silly audit   '@babel/plugin-transform-modules-commonjs': [ '7.29.7' ],
30 silly audit   '@babel/plugin-transform-modules-systemjs': [ '7.29.7' ],
30 silly audit   '@babel/plugin-transform-modules-umd': [ '7.29.7' ],
30 silly audit   '@babel/plugin-transform-named-capturing-groups-regex': [ '7.29.7' ],
30 silly audit   '@babel/plugin-transform-new-target': [ '7.29.7' ],
30 silly audit   '@babel/plugin-transform-nullish-coalescing-operator': [ '7.29.7' ],
30 silly audit   '@babel/plugin-transform-numeric-separator': [ '7.29.7' ],
30 silly audit   '@babel/plugin-transform-object-rest-spread': [ '7.29.7' ],
30 silly audit   '@babel/plugin-transform-object-super': [ '7.29.7' ],
30 silly audit   '@babel/plugin-transform-optional-catch-binding': [ '7.29.7' ],
30 silly audit   '@babel/plugin-transform-optional-chaining': [ '7.29.7' ],
30 silly audit   '@babel/plugin-transform-parameters': [ '7.29.7' ],
30 silly audit   '@babel/plugin-transform-private-methods': [ '7.29.7' ],
30 silly audit   '@babel/plugin-transform-private-property-in-object': [ '7.29.7' ],
30 silly audit   '@babel/plugin-transform-property-literals': [ '7.29.7' ],
30 silly audit   '@babel/plugin-transform-react-display-name': [ '7.29.7' ],
30 silly audit   '@babel/plugin-transform-react-jsx': [ '7.29.7' ],
30 silly audit   '@babel/plugin-transform-react-jsx-development': [ '7.29.7' ],
30 silly audit   '@babel/plugin-transform-react-pure-annotations': [ '7.29.7' ],
30 silly audit   '@babel/plugin-transform-regenerator': [ '7.29.7' ],
30 silly audit   '@babel/plugin-transform-regexp-modifiers': [ '7.29.7' ],
30 silly audit   '@babel/plugin-transform-reserved-words': [ '7.29.7' ],
30 silly audit   '@babel/plugin-transform-shorthand-properties': [ '7.29.7' ],
30 silly audit   '@babel/plugin-transform-spread': [ '7.29.7' ],
30 silly audit   '@babel/plugin-transform-sticky-regex': [ '7.29.7' ],
30 silly audit   '@babel/plugin-transform-template-literals': [ '7.29.7' ],
30 silly audit   '@babel/plugin-transform-typeof-symbol': [ '7.29.7' ],
30 silly audit   '@babel/plugin-transform-unicode-escapes': [ '7.29.7' ],
30 silly audit   '@babel/plugin-transform-unicode-property-regex': [ '7.29.7' ],
30 silly audit   '@babel/plugin-transform-unicode-regex': [ '7.29.7' ],
30 silly audit   '@babel/plugin-transform-unicode-sets-regex': [ '7.29.7' ],
30 silly audit   '@babel/preset-modules': [ '0.1.6-no-external-plugins' ],
30 silly audit   '@jridgewell/gen-mapping': [ '0.3.13' ],
30 silly audit   '@jridgewell/remapping': [ '2.3.5' ],
30 silly audit   '@jridgewell/resolve-uri': [ '3.1.2' ],
30 silly audit   '@jridgewell/sourcemap-codec': [ '1.5.5' ],
30 silly audit   '@jridgewell/trace-mapping': [ '0.3.31' ],
30 silly audit   '@next/env': [ '14.2.0' ],
30 silly audit   '@next/swc-darwin-arm64': [ '14.2.0' ],
30 silly audit   '@next/swc-darwin-x64': [ '14.2.0' ],
30 silly audit   '@next/swc-linux-arm64-gnu': [ '14.2.0' ],
30 silly audit   '@next/swc-linux-arm64-musl': [ '14.2.0' ],
30 silly audit   '@next/swc-linux-x64-gnu': [ '14.2.0' ],
30 silly audit   '@next/swc-linux-x64-musl': [ '14.2.0' ],
30 silly audit   '@next/swc-win32-arm64-msvc': [ '14.2.0' ],
30 silly audit   '@next/swc-win32-ia32-msvc': [ '14.2.0' ],
30 silly audit   '@next/swc-win32-x64-msvc': [ '14.2.0' ],
30 silly audit   '@swc/counter': [ '0.1.3' ],
30 silly audit   '@swc/helpers': [ '0.5.5' ],
30 silly audit   'babel-plugin-polyfill-corejs2': [ '0.4.17' ],
30 silly audit   'babel-plugin-polyfill-corejs3': [ '0.14.2' ],
30 silly audit   'babel-plugin-polyfill-regenerator': [ '0.6.8' ],
30 silly audit   'baseline-browser-mapping': [ '2.10.38' ],
30 silly audit   browserslist: [ '4.28.4' ],
30 silly audit   busboy: [ '1.6.0' ],
30 silly audit   'caniuse-lite': [ '1.0.30001799' ],
30 silly audit   'client-only': [ '0.0.1' ],
30 silly audit   'convert-source-map': [ '2.0.0' ],
30 silly audit   'core-js-compat': [ '3.49.0' ],
30 silly audit   debug: [ '4.4.3' ],
30 silly audit   'electron-to-chromium': [ '1.5.378' ],
30 silly audit   'es-errors': [ '1.3.0' ],
30 silly audit   escalade: [ '3.2.0' ],
30 silly audit   esutils: [ '2.0.3' ],
30 silly audit   'function-bind': [ '1.1.2' ],
30 silly audit   gensync: [ '1.0.0-beta.2' ],
30 silly audit   'graceful-fs': [ '4.2.11' ],
30 silly audit   hasown: [ '2.0.4' ],
30 silly audit   'is-core-module': [ '2.16.2' ],
30 silly audit   'js-tokens': [ '4.0.0' ],
30 silly audit   jsesc: [ '3.1.0' ],
30 silly audit   json5: [ '2.2.3' ],
30 silly audit   'lodash.debounce': [ '4.0.8' ],
30 silly audit   'loose-envify': [ '1.4.0' ],
30 silly audit   'lru-cache': [ '5.1.1' ],
30 silly audit   ms: [ '2.1.3' ],
30 silly audit   nanoid: [ '3.3.15' ],
30 silly audit   next: [ '14.2.0' ],
30 silly audit   postcss: [ '8.4.31' ],
30 silly audit   'node-releases': [ '2.0.48' ],
30 silly audit   'path-parse': [ '1.0.7' ],
30 silly audit   picocolors: [ '1.1.1' ],
30 silly audit   react: [ '18.2.0' ],
30 silly audit   'react-dom': [ '18.2.0' ],
30 silly audit   regenerate: [ '1.4.2' ],
30 silly audit   'regenerate-unicode-properties': [ '10.2.2' ],
30 silly audit   'regexpu-core': [ '6.4.0' ],
30 silly audit   regjsgen: [ '0.8.0' ],
30 silly audit   regjsparser: [ '0.13.2' ],
30 silly audit   resolve: [ '1.22.12' ],
30 silly audit   scheduler: [ '0.23.2' ],
30 silly audit   semver: [ '6.3.1' ],
30 silly audit   'source-map-js': [ '1.2.1' ],
30 silly audit   streamsearch: [ '1.1.0' ],
30 silly audit   'styled-jsx': [ '5.1.1' ],
30 silly audit   'supports-preserve-symlinks-flag': [ '1.0.0' ],
30 silly audit   tslib: [ '2.8.1' ],
30 silly audit   'unicode-canonical-property-names-ecmascript': [ '2.0.1' ],
30 silly audit   'unicode-match-property-ecmascript': [ '2.0.0' ],
30 silly audit   'unicode-match-property-value-ecmascript': [ '2.2.1' ],
30 silly audit   'unicode-property-aliases-ecmascript': [ '2.2.0' ],
30 silly audit   'update-browserslist-db': [ '1.2.3' ],
30 silly audit   yallist: [ '3.1.1' ],
30 silly audit   '@babel/core': [ '7.29.7' ],
30 silly audit   '@babel/preset-env': [ '7.29.7' ],
30 silly audit   '@babel/preset-react': [ '7.29.7' ]
30 silly audit }
31 http fetch POST 200 https://registry.npmjs.org/-/npm/v1/security/advisories/bulk 779ms
32 silly audit report {
32 silly audit report   next: [
32 silly audit report     {
32 silly audit report       id: 1099638,
32 silly audit report       url: 'https://github.com/advisories/GHSA-gp8f-8m3g-qvj9',
32 silly audit report       title: 'Next.js Cache Poisoning',
32 silly audit report       severity: 'high',
32 silly audit report       vulnerable_versions: '>=14.0.0 <14.2.10',
32 silly audit report       cwe: [Array],
32 silly audit report       cvss: [Object]
32 silly audit report     },
32 silly audit report     {
32 silly audit report       id: 1100421,
32 silly audit report       url: 'https://github.com/advisories/GHSA-g77x-44xx-532m',
32 silly audit report       title: 'Denial of Service condition in Next.js image optimization',
32 silly audit report       severity: 'moderate',
32 silly audit report       vulnerable_versions: '>=10.0.0 <14.2.7',
32 silly audit report       cwe: [Array],
32 silly audit report       cvss: [Object]
32 silly audit report     },
32 silly audit report     {
32 silly audit report       id: 1117931,
32 silly audit report       url: 'https://github.com/advisories/GHSA-8h8q-6873-q5fj',
32 silly audit report       title: 'Next.js Vulnerable to Denial of Service with Server Components',
32 silly audit report       severity: 'high',
32 silly audit report       vulnerable_versions: '>=13.0.0 <15.5.16',
32 silly audit report       cwe: [Array],
32 silly audit report       cvss: [Object]
32 silly audit report     },
32 silly audit report     {
32 silly audit report       id: 1101438,
32 silly audit report       url: 'https://github.com/advisories/GHSA-7m27-7ghc-44w9',
32 silly audit report       title: 'Next.js Allows a Denial of Service (DoS) with Server Actions',
32 silly audit report       severity: 'moderate',
32 silly audit report       vulnerable_versions: '>=14.0.0 <14.2.21',
32 silly audit report       cwe: [Array],
32 silly audit report       cvss: [Object]
32 silly audit report     },
32 silly audit report     {
32 silly audit report       id: 1105461,
32 silly audit report       url: 'https://github.com/advisories/GHSA-3h52-269p-cp9r',
32 silly audit report       title: 'Information exposure in Next.js dev server due to lack of origin verification',
32 silly audit report       severity: 'low',
32 silly audit report       vulnerable_versions: '>=13.0 <14.2.30',
32 silly audit report       cwe: [Array],
32 silly audit report       cvss: [Object]
32 silly audit report     },
32 silly audit report     {
32 silly audit report       id: 1111391,
32 silly audit report       url: 'https://github.com/advisories/GHSA-mwv6-3258-q52c',
32 silly audit report       title: 'Next Vulnerable to Denial of Service with Server Components',
32 silly audit report       severity: 'high',
32 silly audit report       vulnerable_versions: '>=13.3.0 <14.2.34',
32 silly audit report       cwe: [Array],
32 silly audit report       cvss: [Object]
32 silly audit report     },
32 silly audit report     {
32 silly audit report       id: 1107226,
32 silly audit report       url: 'https://github.com/advisories/GHSA-g5qg-72qw-gw5v',
32 silly audit report       title: 'Next.js Affected by Cache Key Confusion for Image Optimization API Routes',
32 silly audit report       severity: 'moderate',
32 silly audit report       vulnerable_versions: '>=0.9.9 <14.2.31',
32 silly audit report       cwe: [Array],
32 silly audit report       cvss: [Object]
32 silly audit report     },
32 silly audit report     {
32 silly audit report       id: 1107420,
32 silly audit report       url: 'https://github.com/advisories/GHSA-7gfc-8cq8-jh5f',
32 silly audit report       title: 'Next.js authorization bypass vulnerability',
32 silly audit report       severity: 'high',
32 silly audit report       vulnerable_versions: '>=9.5.5 <14.2.15',
32 silly audit report       cwe: [Array],
32 silly audit report       cvss: [Object]
32 silly audit report     },
32 silly audit report     {
32 silly audit report       id: 1107512,
32 silly audit report       url: 'https://github.com/advisories/GHSA-4342-x723-ch2f',
32 silly audit report       title: 'Next.js Improper Middleware Redirect Handling Leads to SSRF',
32 silly audit report       severity: 'moderate',
32 silly audit report       vulnerable_versions: '>=0.9.9 <14.2.32',
32 silly audit report       cwe: [Array],
32 silly audit report       cvss: [Object]
32 silly audit report     },
32 silly audit report     {
32 silly audit report       id: 1107513,
32 silly audit report       url: 'https://github.com/advisories/GHSA-xv57-4mr9-wg8v',
32 silly audit report       title: 'Next.js Content Injection Vulnerability for Image Optimization',
32 silly audit report       severity: 'moderate',
32 silly audit report       vulnerable_versions: '>=0.9.9 <14.2.31',
32 silly audit report       cwe: [Array],
32 silly audit report       cvss: [Object]
32 silly audit report     },
32 silly audit report     {
32 silly audit report       id: 1112182,
32 silly audit report       url: 'https://github.com/advisories/GHSA-5j59-xgg2-r9c4',
32 silly audit report       title: 'Next has a Denial of Service with Server Components - Incomplete Fix Follow-Up',
32 silly audit report       severity: 'high',
32 silly audit report       vulnerable_versions: '>=13.3.1-canary.0 <14.2.35',
32 silly audit report       cwe: [Array],
32 silly audit report       cvss: [Object]
32 silly audit report     },
32 silly audit report     {
32 silly audit report       id: 1108291,
32 silly audit report       url: 'https://github.com/advisories/GHSA-qpjv-v59x-3qc4',
32 silly audit report       title: 'Next.js Race Condition to Cache Poisoning',
32 silly audit report       severity: 'low',
32 silly audit report       vulnerable_versions: '>=0.9.9 <14.2.24',
32 silly audit report       cwe: [Array],
32 silly audit report       cvss: [Object]
32 silly audit report     },
32 silly audit report     {
32 silly audit report       id: 1118942,
32 silly audit report       url: 'https://github.com/advisories/GHSA-3g8h-86w9-wvmq',
32 silly audit report       title: "Next.js's Middleware / Proxy redirects can be cache-poisoned",
32 silly audit report       severity: 'low',
32 silly audit report       vulnerable_versions: '>=12.2.0 <15.5.16',
32 silly audit report       cwe: [Array],
32 silly audit report       cvss: [Object]
32 silly audit report     },
32 silly audit report     {
32 silly audit report       id: 1118944,
32 silly audit report       url: 'https://github.com/advisories/GHSA-ffhc-5mcf-pf4q',
32 silly audit report       title: 'Next.js vulnerable to cross-site scripting in App Router applications using CSP nonces',
32 silly audit report       severity: 'moderate',
32 silly audit report       vulnerable_versions: '>=13.4.0 <15.5.16',
32 silly audit report       cwe: [Array],
32 silly audit report       cvss: [Object]
32 silly audit report     },
32 silly audit report     {
32 silly audit report       id: 1118946,
32 silly audit report       url: 'https://github.com/advisories/GHSA-vfv6-92ff-j949',
32 silly audit report       title: 'Next.js vulnerable to cache poisoning via collisions in React Server Component cache-busting',
32 silly audit report       severity: 'low',
32 silly audit report       vulnerable_versions: '>=13.4.6 <15.5.16',
32 silly audit report       cwe: [Array],
32 silly audit report       cvss: [Object]
32 silly audit report     },
32 silly audit report     {
32 silly audit report       id: 1118948,
32 silly audit report       url: 'https://github.com/advisories/GHSA-gx5p-jg67-6x7h',
32 silly audit report       title: 'Next.js has cross-site scripting in beforeInteractive scripts with untrusted input',
32 silly audit report       severity: 'moderate',
32 silly audit report       vulnerable_versions: '>=13.0.0 <15.5.16',
32 silly audit report       cwe: [Array],
32 silly audit report       cvss: [Object]
32 silly audit report     },
32 silly audit report     {
32 silly audit report       id: 1118952,
32 silly audit report       url: 'https://github.com/advisories/GHSA-h64f-5h5j-jqjh',
32 silly audit report       title: 'Next.js has a Denial of Service in the Image Optimization API',
32 silly audit report       severity: 'moderate',
32 silly audit report       vulnerable_versions: '>=10.0.0 <15.5.16',
32 silly audit report       cwe: [Array],
32 silly audit report       cvss: [Object]
32 silly audit report     },
32 silly audit report     {
32 silly audit report       id: 1118954,
32 silly audit report       url: 'https://github.com/advisories/GHSA-c4j6-fc7j-m34r',
32 silly audit report       title: 'Next.js vulnerable to server-side request forgery in applications using WebSocket upgrades',
32 silly audit report       severity: 'high',
32 silly audit report       vulnerable_versions: '>=13.4.13 <15.5.16',
32 silly audit report       cwe: [Array],
32 silly audit report       cvss: [Object]
32 silly audit report     },
32 silly audit report     {
32 silly audit report       id: 1118958,
32 silly audit report       url: 'https://github.com/advisories/GHSA-wfc6-r584-vfw7',
32 silly audit report       title: 'Next.js vulnerable to cache poisoning in React Server Component responses',
32 silly audit report       severity: 'moderate',
32 silly audit report       vulnerable_versions: '>=14.2.0 <15.5.16',
32 silly audit report       cwe: [Array],
32 silly audit report       cvss: [Object]
32 silly audit report     },
32 silly audit report     {
32 silly audit report       id: 1118962,
32 silly audit report       url: 'https://github.com/advisories/GHSA-36qx-fr4f-26g5',
32 silly audit report       title: 'Next.js has a Middleware / Proxy bypass in Pages Router applications using i18n',
32 silly audit report       severity: 'high',
32 silly audit report       vulnerable_versions: '>=12.2.0 <15.5.16',
32 silly audit report       cwe: [Array],
32 silly audit report       cvss: [Object]
32 silly audit report     },
32 silly audit report     {
32 silly audit report       id: 1112593,
32 silly audit report       url: 'https://github.com/advisories/GHSA-9g9p-9gw9-jx7f',
32 silly audit report       title: 'Next.js self-hosted applications vulnerable to DoS via Image Optimizer remotePatterns configuration',
32 silly audit report       severity: 'moderate',
32 silly audit report       vulnerable_versions: '>=10.0.0 <15.5.10',
32 silly audit report       cwe: [Array],
32 silly audit report       cvss: [Object]
32 silly audit report     },
32 silly audit report     {
32 silly audit report       id: 1112653,
32 silly audit report       url: 'https://github.com/advisories/GHSA-h25m-26qc-wcjf',
32 silly audit report       title: 'Next.js HTTP request deserialization can lead to DoS when using insecure React Server Components',
32 silly audit report       severity: 'high',
32 silly audit report       vulnerable_versions: '>=13.0.0 <15.0.8',
32 silly audit report       cwe: [Array],
32 silly audit report       cvss: [Object]
32 silly audit report     },
32 silly audit report     {
32 silly audit report       id: 1113689,
32 silly audit report       url: 'https://github.com/advisories/GHSA-f82v-jwr5-mffw',
32 silly audit report       title: 'Authorization Bypass in Next.js Middleware',
32 silly audit report       severity: 'critical',
32 silly audit report       vulnerable_versions: '>=14.0.0 <14.2.25',
32 silly audit report       cwe: [Array],
32 silly audit report       cvss: [Object]
32 silly audit report     },
32 silly audit report     {
32 silly audit report       id: 1114897,
32 silly audit report       url: 'https://github.com/advisories/GHSA-ggv3-7p47-pfv8',
32 silly audit report       title: 'Next.js: HTTP request smuggling in rewrites',
32 silly audit report       severity: 'moderate',
32 silly audit report       vulnerable_versions: '>=9.5.0 <15.5.13',
32 silly audit report       cwe: [Array],
32 silly audit report       cvss: [Object]
32 silly audit report     },
32 silly audit report     {
32 silly audit report       id: 1114940,
32 silly audit report       url: 'https://github.com/advisories/GHSA-3x4c-7xq6-9pq8',
32 silly audit report       title: 'Next.js: Unbounded next/image disk cache growth can exhaust storage',
32 silly audit report       severity: 'moderate',
32 silly audit report       vulnerable_versions: '>=10.0.0 <15.5.14',
32 silly audit report       cwe: [Array],
32 silly audit report       cvss: [Object]
32 silly audit report     },
32 silly audit report     {
32 silly audit report       id: 1116376,
32 silly audit report       url: 'https://github.com/advisories/GHSA-q4gf-8mx6-v5v3',
32 silly audit report       title: 'Next.js has a Denial of Service with Server Components',
32 silly audit report       severity: 'high',
32 silly audit report       vulnerable_versions: '>=13.0.0 <15.5.15',
32 silly audit report       cwe: [Array],
32 silly audit report       cvss: [Object]
32 silly audit report     }
32 silly audit report   ],
32 silly audit report   postcss: [
32 silly audit report     {
32 silly audit report       id: 1117015,
32 silly audit report       url: 'https://github.com/advisories/GHSA-qx2v-qp2m-jg93',
32 silly audit report       title: 'PostCSS has XSS via Unescaped </style> in its CSS Stringify Output',
32 silly audit report       severity: 'moderate',
32 silly audit report       vulnerable_versions: '<8.5.10',
32 silly audit report       cwe: [Array],
32 silly audit report       cvss: [Object]
32 silly audit report     }
32 silly audit report   ]
32 silly audit report }
33 silly packumentCache corgi:https://registry.npmjs.org/next cache-miss
34 silly packumentCache corgi:https://registry.npmjs.org/postcss cache-miss
35 http fetch GET 200 https://registry.npmjs.org/next 417ms (cache revalidated)
36 silly packumentCache corgi:https://registry.npmjs.org/next set size:25316683 disposed:false
37 http fetch GET 200 https://registry.npmjs.org/postcss 3864ms (cache revalidated)
38 silly packumentCache corgi:https://registry.npmjs.org/postcss set size:344717 disposed:false
39 verbose cwd /data/data/com.termux/files/home
40 verbose os Linux 5.10.237-android12-9-00014-gf82f7360927e-ab14119954
41 verbose node v24.17.0
42 verbose npm  v11.17.0
43 verbose exit 0
44 info ok
