0 verbose cli /data/data/com.termux/files/usr/bin/node /data/data/com.termux/files/usr/lib/node_modules/npm/bin/npm-cli.js
1 info using npm@11.17.0
2 info using node@v24.17.0
3 silly config load:file:/data/data/com.termux/files/usr/lib/node_modules/npm/npmrc
4 silly config load:file:/data/data/com.termux/files/home/.npmrc
5 silly config load:file:/data/data/com.termux/files/usr/etc/npmrc
6 verbose title npm exec vercel --token vcp_6vwxlyu5X6FAVdJXaSHArwallbwyZhsod6UC5yxxtZflXaZ5yT30e4MJ
7 verbose argv "exec" "--" "vercel" "--token" "vcp_6vwxlyu5X6FAVdJXaSHArwallbwyZhsod6UC5yxxtZflXaZ5yT30e4MJ"
8 verbose logfile logs-max:10 dir:/data/data/com.termux/files/home/.npm/_logs/2026-06-24T04_42_30_772Z-
9 verbose logfile /data/data/com.termux/files/home/.npm/_logs/2026-06-24T04_42_30_772Z-debug-0.log
10 silly logfile start cleaning logs, removing 1 files
11 silly logfile done cleaning log files
12 silly packumentCache heap:1174405120 maxSize:293601280 maxEntrySize:146800640
13 http fetch GET 200 https://registry.npmjs.org/vercel 1107ms (cache revalidated)
14 silly packumentCache heap:1174405120 maxSize:293601280 maxEntrySize:146800640
15 silly packumentCache heap:1174405120 maxSize:293601280 maxEntrySize:146800640
16 verbose cwd /data/data/com.termux/files/home
17 verbose os Linux 5.10.237-android12-9-00014-gf82f7360927e-ab14119954
18 verbose node v24.17.0
19 verbose npm  v11.17.0
20 verbose exit 1
21 verbose code 1
