0 verbose cli /data/data/com.termux/files/usr/bin/node /data/data/com.termux/files/usr/bin/npm
1 info using npm@11.17.0
2 info using node@v24.17.0
3 silly config load:file:/data/data/com.termux/files/usr/lib/node_modules/npm/npmrc
4 silly config load:file:/data/data/com.termux/files/home/.npmrc
5 silly config load:file:/data/data/com.termux/files/usr/etc/npmrc
6 verbose title npm install @tailwindcss/postcss
7 verbose argv "install" "@tailwindcss/postcss"
8 verbose logfile logs-max:10 dir:/data/data/com.termux/files/home/.npm/_logs/2026-06-24T18_20_20_126Z-
9 verbose logfile /data/data/com.termux/files/home/.npm/_logs/2026-06-24T18_20_20_126Z-debug-0.log
10 silly logfile start cleaning logs, removing 1 files
11 silly logfile done cleaning log files
12 silly packumentCache heap:1174405120 maxSize:293601280 maxEntrySize:146800640
13 silly idealTree buildDeps
14 silly fetch manifest @tailwindcss/postcss@^4.3.1
15 silly packumentCache full:https://registry.npmjs.org/@tailwindcss%2fpostcss cache-miss
16 http cache https://registry.npmjs.org/@tailwindcss%2fpostcss 101ms (cache hit)
17 silly packumentCache full:https://registry.npmjs.org/@tailwindcss%2fpostcss set size:2364625 disposed:false
18 silly placeDep ROOT @tailwindcss/postcss@4.3.1 REPLACE for: thaesu-marketplace@0.1.0 want: ^4.3.1
19 silly reify moves {}
20 silly audit bulk request {
20 silly audit   '@alloc/quick-lru': [ '5.2.0' ],
20 silly audit   '@jridgewell/gen-mapping': [ '0.3.13' ],
20 silly audit   '@jridgewell/remapping': [ '2.3.5' ],
20 silly audit   '@jridgewell/resolve-uri': [ '3.1.2' ],
20 silly audit   '@jridgewell/sourcemap-codec': [ '1.5.5' ],
20 silly audit   '@jridgewell/trace-mapping': [ '0.3.31' ],
20 silly audit   '@next/env': [ '13.5.6' ],
20 silly audit   '@next/swc-darwin-arm64': [ '13.5.6' ],
20 silly audit   '@next/swc-darwin-x64': [ '13.5.6' ],
20 silly audit   '@next/swc-linux-arm64-gnu': [ '13.5.6' ],
20 silly audit   '@next/swc-linux-arm64-musl': [ '13.5.6' ],
20 silly audit   '@next/swc-linux-x64-gnu': [ '13.5.6' ],
20 silly audit   '@next/swc-linux-x64-musl': [ '13.5.6' ],
20 silly audit   '@next/swc-win32-arm64-msvc': [ '13.5.6' ],
20 silly audit   '@next/swc-win32-ia32-msvc': [ '13.5.6' ],
20 silly audit   '@next/swc-win32-x64-msvc': [ '13.5.6' ],
20 silly audit   '@swc/helpers': [ '0.5.2' ],
20 silly audit   '@tailwindcss/node': [ '4.3.1' ],
20 silly audit   '@tailwindcss/oxide': [ '4.3.1' ],
20 silly audit   '@tailwindcss/oxide-android-arm64': [ '4.3.1' ],
20 silly audit   '@tailwindcss/oxide-darwin-arm64': [ '4.3.1' ],
20 silly audit   '@tailwindcss/oxide-darwin-x64': [ '4.3.1' ],
20 silly audit   '@tailwindcss/oxide-freebsd-x64': [ '4.3.1' ],
20 silly audit   '@tailwindcss/oxide-linux-arm-gnueabihf': [ '4.3.1' ],
20 silly audit   '@tailwindcss/oxide-linux-arm64-gnu': [ '4.3.1' ],
20 silly audit   '@tailwindcss/oxide-linux-arm64-musl': [ '4.3.1' ],
20 silly audit   '@tailwindcss/oxide-linux-x64-gnu': [ '4.3.1' ],
20 silly audit   '@tailwindcss/oxide-linux-x64-musl': [ '4.3.1' ],
20 silly audit   '@tailwindcss/oxide-wasm32-wasi': [ '4.3.1' ],
20 silly audit   '@tailwindcss/oxide-win32-arm64-msvc': [ '4.3.1' ],
20 silly audit   '@tailwindcss/oxide-win32-x64-msvc': [ '4.3.1' ],
20 silly audit   autoprefixer: [ '10.5.1' ],
20 silly audit   'baseline-browser-mapping': [ '2.10.38' ],
20 silly audit   browserslist: [ '4.28.4' ],
20 silly audit   busboy: [ '1.6.0' ],
20 silly audit   'caniuse-lite': [ '1.0.30001799' ],
20 silly audit   'client-only': [ '0.0.1' ],
20 silly audit   'detect-libc': [ '2.1.2' ],
20 silly audit   'electron-to-chromium': [ '1.5.378' ],
20 silly audit   'enhanced-resolve': [ '5.21.6' ],
20 silly audit   escalade: [ '3.2.0' ],
20 silly audit   'fraction.js': [ '5.3.4' ],
20 silly audit   'glob-to-regexp': [ '0.4.1' ],
20 silly audit   'graceful-fs': [ '4.2.11' ],
20 silly audit   jiti: [ '2.7.0' ],
20 silly audit   'js-tokens': [ '4.0.0' ],
20 silly audit   lightningcss: [ '1.32.0' ],
20 silly audit   'lightningcss-android-arm64': [ '1.32.0' ],
20 silly audit   'lightningcss-darwin-arm64': [ '1.32.0' ],
20 silly audit   'lightningcss-darwin-x64': [ '1.32.0' ],
20 silly audit   'lightningcss-freebsd-x64': [ '1.32.0' ],
20 silly audit   'lightningcss-linux-arm-gnueabihf': [ '1.32.0' ],
20 silly audit   'lightningcss-linux-arm64-gnu': [ '1.32.0' ],
20 silly audit   'lightningcss-linux-arm64-musl': [ '1.32.0' ],
20 silly audit   'lightningcss-linux-x64-gnu': [ '1.32.0' ],
20 silly audit   'lightningcss-linux-x64-musl': [ '1.32.0' ],
20 silly audit   'lightningcss-win32-arm64-msvc': [ '1.32.0' ],
20 silly audit   'lightningcss-win32-x64-msvc': [ '1.32.0' ],
20 silly audit   'loose-envify': [ '1.4.0' ],
20 silly audit   'magic-string': [ '0.30.21' ],
20 silly audit   nanoid: [ '3.3.15' ],
20 silly audit   next: [ '13.5.6' ],
20 silly audit   postcss: [ '8.4.31', '8.5.15' ],
20 silly audit   'node-releases': [ '2.0.49' ],
20 silly audit   picocolors: [ '1.1.1' ],
20 silly audit   'postcss-value-parser': [ '4.2.0' ],
20 silly audit   react: [ '18.2.0' ],
20 silly audit   'react-dom': [ '18.2.0' ],
20 silly audit   scheduler: [ '0.23.2' ],
20 silly audit   'source-map-js': [ '1.2.1' ],
20 silly audit   streamsearch: [ '1.1.0' ],
20 silly audit   'styled-jsx': [ '5.1.1' ],
20 silly audit   tailwindcss: [ '4.3.1' ],
20 silly audit   tapable: [ '2.3.3' ],
20 silly audit   tslib: [ '2.8.1' ],
20 silly audit   'update-browserslist-db': [ '1.2.3' ],
20 silly audit   watchpack: [ '2.4.0' ],
20 silly audit   '@tailwindcss/postcss': [ '4.3.1' ]
20 silly audit }
21 http fetch POST 200 https://registry.npmjs.org/-/npm/v1/security/advisories/bulk 1040ms
22 silly audit report {
22 silly audit report   next: [
22 silly audit report     {
22 silly audit report       id: 1099639,
22 silly audit report       url: 'https://github.com/advisories/GHSA-gp8f-8m3g-qvj9',
22 silly audit report       title: 'Next.js Cache Poisoning',
22 silly audit report       severity: 'high',
22 silly audit report       vulnerable_versions: '>=13.5.1 <13.5.7',
22 silly audit report       cwe: [Array],
22 silly audit report       cvss: [Object]
22 silly audit report     },
22 silly audit report     {
22 silly audit report       id: 1100421,
22 silly audit report       url: 'https://github.com/advisories/GHSA-g77x-44xx-532m',
22 silly audit report       title: 'Denial of Service condition in Next.js image optimization',
22 silly audit report       severity: 'moderate',
22 silly audit report       vulnerable_versions: '>=10.0.0 <14.2.7',
22 silly audit report       cwe: [Array],
22 silly audit report       cvss: [Object]
22 silly audit report     },
22 silly audit report     {
22 silly audit report       id: 1117931,
22 silly audit report       url: 'https://github.com/advisories/GHSA-8h8q-6873-q5fj',
22 silly audit report       title: 'Next.js Vulnerable to Denial of Service with Server Components',
22 silly audit report       severity: 'high',
22 silly audit report       vulnerable_versions: '>=13.0.0 <15.5.16',
22 silly audit report       cwe: [Array],
22 silly audit report       cvss: [Object]
22 silly audit report     },
22 silly audit report     {
22 silly audit report       id: 1101439,
22 silly audit report       url: 'https://github.com/advisories/GHSA-7m27-7ghc-44w9',
22 silly audit report       title: 'Next.js Allows a Denial of Service (DoS) with Server Actions',
22 silly audit report       severity: 'moderate',
22 silly audit report       vulnerable_versions: '>=13.0.0 <13.5.8',
22 silly audit report       cwe: [Array],
22 silly audit report       cvss: [Object]
22 silly audit report     },
22 silly audit report     {
22 silly audit report       id: 1105461,
22 silly audit report       url: 'https://github.com/advisories/GHSA-3h52-269p-cp9r',
22 silly audit report       title: 'Information exposure in Next.js dev server due to lack of origin verification',
22 silly audit report       severity: 'low',
22 silly audit report       vulnerable_versions: '>=13.0 <14.2.30',
22 silly audit report       cwe: [Array],
22 silly audit report       cvss: [Object]
22 silly audit report     },
22 silly audit report     {
22 silly audit report       id: 1111391,
22 silly audit report       url: 'https://github.com/advisories/GHSA-mwv6-3258-q52c',
22 silly audit report       title: 'Next Vulnerable to Denial of Service with Server Components',
22 silly audit report       severity: 'high',
22 silly audit report       vulnerable_versions: '>=13.3.0 <14.2.34',
22 silly audit report       cwe: [Array],
22 silly audit report       cvss: [Object]
22 silly audit report     },
22 silly audit report     {
22 silly audit report       id: 1107226,
22 silly audit report       url: 'https://github.com/advisories/GHSA-g5qg-72qw-gw5v',
22 silly audit report       title: 'Next.js Affected by Cache Key Confusion for Image Optimization API Routes',
22 silly audit report       severity: 'moderate',
22 silly audit report       vulnerable_versions: '>=0.9.9 <14.2.31',
22 silly audit report       cwe: [Array],
22 silly audit report       cvss: [Object]
22 silly audit report     },
22 silly audit report     {
22 silly audit report       id: 1107420,
22 silly audit report       url: 'https://github.com/advisories/GHSA-7gfc-8cq8-jh5f',
22 silly audit report       title: 'Next.js authorization bypass vulnerability',
22 silly audit report       severity: 'high',
22 silly audit report       vulnerable_versions: '>=9.5.5 <14.2.15',
22 silly audit report       cwe: [Array],
22 silly audit report       cvss: [Object]
22 silly audit report     },
22 silly audit report     {
22 silly audit report       id: 1107512,
22 silly audit report       url: 'https://github.com/advisories/GHSA-4342-x723-ch2f',
22 silly audit report       title: 'Next.js Improper Middleware Redirect Handling Leads to SSRF',
22 silly audit report       severity: 'moderate',
22 silly audit report       vulnerable_versions: '>=0.9.9 <14.2.32',
22 silly audit report       cwe: [Array],
22 silly audit report       cvss: [Object]
22 silly audit report     },
22 silly audit report     {
22 silly audit report       id: 1107513,
22 silly audit report       url: 'https://github.com/advisories/GHSA-xv57-4mr9-wg8v',
22 silly audit report       title: 'Next.js Content Injection Vulnerability for Image Optimization',
22 silly audit report       severity: 'moderate',
22 silly audit report       vulnerable_versions: '>=0.9.9 <14.2.31',
22 silly audit report       cwe: [Array],
22 silly audit report       cvss: [Object]
22 silly audit report     },
22 silly audit report     {
22 silly audit report       id: 1112182,
22 silly audit report       url: 'https://github.com/advisories/GHSA-5j59-xgg2-r9c4',
22 silly audit report       title: 'Next has a Denial of Service with Server Components - Incomplete Fix Follow-Up',
22 silly audit report       severity: 'high',
22 silly audit report       vulnerable_versions: '>=13.3.1-canary.0 <14.2.35',
22 silly audit report       cwe: [Array],
22 silly audit report       cvss: [Object]
22 silly audit report     },
22 silly audit report     {
22 silly audit report       id: 1108291,
22 silly audit report       url: 'https://github.com/advisories/GHSA-qpjv-v59x-3qc4',
22 silly audit report       title: 'Next.js Race Condition to Cache Poisoning',
22 silly audit report       severity: 'low',
22 silly audit report       vulnerable_versions: '>=0.9.9 <14.2.24',
22 silly audit report       cwe: [Array],
22 silly audit report       cvss: [Object]
22 silly audit report     },
22 silly audit report     {
22 silly audit report       id: 1118942,
22 silly audit report       url: 'https://github.com/advisories/GHSA-3g8h-86w9-wvmq',
22 silly audit report       title: "Next.js's Middleware / Proxy redirects can be cache-poisoned",
22 silly audit report       severity: 'low',
22 silly audit report       vulnerable_versions: '>=12.2.0 <15.5.16',
22 silly audit report       cwe: [Array],
22 silly audit report       cvss: [Object]
22 silly audit report     },
22 silly audit report     {
22 silly audit report       id: 1118944,
22 silly audit report       url: 'https://github.com/advisories/GHSA-ffhc-5mcf-pf4q',
22 silly audit report       title: 'Next.js vulnerable to cross-site scripting in App Router applications using CSP nonces',
22 silly audit report       severity: 'moderate',
22 silly audit report       vulnerable_versions: '>=13.4.0 <15.5.16',
22 silly audit report       cwe: [Array],
22 silly audit report       cvss: [Object]
22 silly audit report     },
22 silly audit report     {
22 silly audit report       id: 1118946,
22 silly audit report       url: 'https://github.com/advisories/GHSA-vfv6-92ff-j949',
22 silly audit report       title: 'Next.js vulnerable to cache poisoning via collisions in React Server Component cache-busting',
22 silly audit report       severity: 'low',
22 silly audit report       vulnerable_versions: '>=13.4.6 <15.5.16',
22 silly audit report       cwe: [Array],
22 silly audit report       cvss: [Object]
22 silly audit report     },
22 silly audit report     {
22 silly audit report       id: 1118948,
22 silly audit report       url: 'https://github.com/advisories/GHSA-gx5p-jg67-6x7h',
22 silly audit report       title: 'Next.js has cross-site scripting in beforeInteractive scripts with untrusted input',
22 silly audit report       severity: 'moderate',
22 silly audit report       vulnerable_versions: '>=13.0.0 <15.5.16',
22 silly audit report       cwe: [Array],
22 silly audit report       cvss: [Object]
22 silly audit report     },
22 silly audit report     {
22 silly audit report       id: 1118952,
22 silly audit report       url: 'https://github.com/advisories/GHSA-h64f-5h5j-jqjh',
22 silly audit report       title: 'Next.js has a Denial of Service in the Image Optimization API',
22 silly audit report       severity: 'moderate',
22 silly audit report       vulnerable_versions: '>=10.0.0 <15.5.16',
22 silly audit report       cwe: [Array],
22 silly audit report       cvss: [Object]
22 silly audit report     },
22 silly audit report     {
22 silly audit report       id: 1118954,
22 silly audit report       url: 'https://github.com/advisories/GHSA-c4j6-fc7j-m34r',
22 silly audit report       title: 'Next.js vulnerable to server-side request forgery in applications using WebSocket upgrades',
22 silly audit report       severity: 'high',
22 silly audit report       vulnerable_versions: '>=13.4.13 <15.5.16',
22 silly audit report       cwe: [Array],
22 silly audit report       cvss: [Object]
22 silly audit report     },
22 silly audit report     {
22 silly audit report       id: 1118962,
22 silly audit report       url: 'https://github.com/advisories/GHSA-36qx-fr4f-26g5',
22 silly audit report       title: 'Next.js has a Middleware / Proxy bypass in Pages Router applications using i18n',
22 silly audit report       severity: 'high',
22 silly audit report       vulnerable_versions: '>=12.2.0 <15.5.16',
22 silly audit report       cwe: [Array],
22 silly audit report       cvss: [Object]
22 silly audit report     },
22 silly audit report     {
22 silly audit report       id: 1112593,
22 silly audit report       url: 'https://github.com/advisories/GHSA-9g9p-9gw9-jx7f',
22 silly audit report       title: 'Next.js self-hosted applications vulnerable to DoS via Image Optimizer remotePatterns configuration',
22 silly audit report       severity: 'moderate',
22 silly audit report       vulnerable_versions: '>=10.0.0 <15.5.10',
22 silly audit report       cwe: [Array],
22 silly audit report       cvss: [Object]
22 silly audit report     },
22 silly audit report     {
22 silly audit report       id: 1112653,
22 silly audit report       url: 'https://github.com/advisories/GHSA-h25m-26qc-wcjf',
22 silly audit report       title: 'Next.js HTTP request deserialization can lead to DoS when using insecure React Server Components',
22 silly audit report       severity: 'high',
22 silly audit report       vulnerable_versions: '>=13.0.0 <15.0.8',
22 silly audit report       cwe: [Array],
22 silly audit report       cvss: [Object]
22 silly audit report     },
22 silly audit report     {
22 silly audit report       id: 1113690,
22 silly audit report       url: 'https://github.com/advisories/GHSA-f82v-jwr5-mffw',
22 silly audit report       title: 'Authorization Bypass in Next.js Middleware',
22 silly audit report       severity: 'critical',
22 silly audit report       vulnerable_versions: '>=13.0.0 <13.5.9',
22 silly audit report       cwe: [Array],
22 silly audit report       cvss: [Object]
22 silly audit report     },
22 silly audit report     {
22 silly audit report       id: 1114897,
22 silly audit report       url: 'https://github.com/advisories/GHSA-ggv3-7p47-pfv8',
22 silly audit report       title: 'Next.js: HTTP request smuggling in rewrites',
22 silly audit report       severity: 'moderate',
22 silly audit report       vulnerable_versions: '>=9.5.0 <15.5.13',
22 silly audit report       cwe: [Array],
22 silly audit report       cvss: [Object]
22 silly audit report     },
22 silly audit report     {
22 silly audit report       id: 1114940,
22 silly audit report       url: 'https://github.com/advisories/GHSA-3x4c-7xq6-9pq8',
22 silly audit report       title: 'Next.js: Unbounded next/image disk cache growth can exhaust storage',
22 silly audit report       severity: 'moderate',
22 silly audit report       vulnerable_versions: '>=10.0.0 <15.5.14',
22 silly audit report       cwe: [Array],
22 silly audit report       cvss: [Object]
22 silly audit report     },
22 silly audit report     {
22 silly audit report       id: 1116376,
22 silly audit report       url: 'https://github.com/advisories/GHSA-q4gf-8mx6-v5v3',
22 silly audit report       title: 'Next.js has a Denial of Service with Server Components',
22 silly audit report       severity: 'high',
22 silly audit report       vulnerable_versions: '>=13.0.0 <15.5.15',
22 silly audit report       cwe: [Array],
22 silly audit report       cvss: [Object]
22 silly audit report     },
22 silly audit report     {
22 silly audit report       id: 1097295,
22 silly audit report       url: 'https://github.com/advisories/GHSA-fr5h-rqp8-mj6g',
22 silly audit report       title: 'Next.js Server-Side Request Forgery in Server Actions',
22 silly audit report       severity: 'high',
22 silly audit report       vulnerable_versions: '>=13.4.0 <14.1.1',
22 silly audit report       cwe: [Array],
22 silly audit report       cvss: [Object]
22 silly audit report     }
22 silly audit report   ],
22 silly audit report   postcss: [
22 silly audit report     {
22 silly audit report       id: 1117015,
22 silly audit report       url: 'https://github.com/advisories/GHSA-qx2v-qp2m-jg93',
22 silly audit report       title: 'PostCSS has XSS via Unescaped </style> in its CSS Stringify Output',
22 silly audit report       severity: 'moderate',
22 silly audit report       vulnerable_versions: '<8.5.10',
22 silly audit report       cwe: [Array],
22 silly audit report       cvss: [Object]
22 silly audit report     }
22 silly audit report   ]
22 silly audit report }
23 silly packumentCache corgi:https://registry.npmjs.org/next cache-miss
24 silly packumentCache corgi:https://registry.npmjs.org/postcss cache-miss
25 http cache https://registry.npmjs.org/postcss 138ms (cache hit)
26 silly packumentCache corgi:https://registry.npmjs.org/postcss set size:344717 disposed:false
27 http cache https://registry.npmjs.org/next 261ms (cache hit)
28 silly packumentCache corgi:https://registry.npmjs.org/next set size:25320223 disposed:false
29 verbose cwd /data/data/com.termux/files/home
30 verbose os Linux 5.10.237-android12-9-00014-gf82f7360927e-ab14119954
31 verbose node v24.17.0
32 verbose npm  v11.17.0
33 verbose exit 0
34 info ok
