0 verbose cli /data/data/com.termux/files/usr/bin/node /data/data/com.termux/files/usr/bin/npm
1 info using npm@11.17.0
2 info using node@v24.17.0
3 silly config load:file:/data/data/com.termux/files/usr/lib/node_modules/npm/npmrc
4 silly config load:file:/data/data/com.termux/files/home/.npmrc
5 silly config load:file:/data/data/com.termux/files/usr/etc/npmrc
6 verbose title npm install @tailwindcss/postcss
7 verbose argv "install" "@tailwindcss/postcss"
8 verbose logfile logs-max:10 dir:/data/data/com.termux/files/home/.npm/_logs/2026-06-24T18_19_15_217Z-
9 verbose logfile /data/data/com.termux/files/home/.npm/_logs/2026-06-24T18_19_15_217Z-debug-0.log
10 silly logfile start cleaning logs, removing 2 files
11 silly packumentCache heap:1174405120 maxSize:293601280 maxEntrySize:146800640
12 silly logfile done cleaning log files
13 silly idealTree buildDeps
14 silly fetch manifest @tailwindcss/postcss@*
15 silly packumentCache full:https://registry.npmjs.org/@tailwindcss%2fpostcss cache-miss
16 verbose shrinkwrap failed to load node_modules/.package-lock.json out of date, updated: node_modules/next
17 http fetch GET 200 https://registry.npmjs.org/@tailwindcss%2fpostcss 6738ms (cache miss)
18 silly packumentCache full:https://registry.npmjs.org/@tailwindcss%2fpostcss set size:undefined disposed:false
19 silly placeDep ROOT @tailwindcss/postcss@4.3.1 OK for: thaesu-marketplace@0.1.0 want: *
20 silly fetch manifest @alloc/quick-lru@^5.2.0
21 silly packumentCache full:https://registry.npmjs.org/@alloc%2fquick-lru cache-miss
22 silly fetch manifest @tailwindcss/node@4.3.1
23 silly packumentCache full:https://registry.npmjs.org/@tailwindcss%2fnode cache-miss
24 silly fetch manifest @tailwindcss/oxide@4.3.1
25 silly packumentCache full:https://registry.npmjs.org/@tailwindcss%2foxide cache-miss
26 http fetch GET 200 https://registry.npmjs.org/@alloc%2fquick-lru 938ms (cache revalidated)
27 silly packumentCache full:https://registry.npmjs.org/@alloc%2fquick-lru set size:7269 disposed:false
28 http fetch GET 200 https://registry.npmjs.org/@tailwindcss%2foxide 2071ms (cache miss)
29 silly packumentCache full:https://registry.npmjs.org/@tailwindcss%2foxide set size:undefined disposed:false
30 http fetch GET 200 https://registry.npmjs.org/@tailwindcss%2fnode 2252ms (cache miss)
31 silly packumentCache full:https://registry.npmjs.org/@tailwindcss%2fnode set size:undefined disposed:false
32 silly placeDep ROOT @alloc/quick-lru@5.2.0 OK for: @tailwindcss/postcss@4.3.1 want: ^5.2.0
33 silly placeDep ROOT @tailwindcss/node@4.3.1 OK for: @tailwindcss/postcss@4.3.1 want: 4.3.1
34 silly placeDep ROOT @tailwindcss/oxide@4.3.1 OK for: @tailwindcss/postcss@4.3.1 want: 4.3.1
35 silly fetch manifest jiti@^2.7.0
36 silly packumentCache full:https://registry.npmjs.org/jiti cache-miss
37 silly fetch manifest lightningcss@1.32.0
38 silly packumentCache full:https://registry.npmjs.org/lightningcss cache-miss
39 silly fetch manifest magic-string@^0.30.21
40 silly packumentCache full:https://registry.npmjs.org/magic-string cache-miss
41 silly fetch manifest enhanced-resolve@5.21.6
42 silly packumentCache full:https://registry.npmjs.org/enhanced-resolve cache-miss
43 silly fetch manifest @jridgewell/remapping@^2.3.5
44 silly packumentCache full:https://registry.npmjs.org/@jridgewell%2fremapping cache-miss
45 silly fetch manifest @tailwindcss/oxide-darwin-x64@4.3.1
46 silly packumentCache full:https://registry.npmjs.org/@tailwindcss%2foxide-darwin-x64 cache-miss
47 silly fetch manifest @tailwindcss/oxide-freebsd-x64@4.3.1
48 silly packumentCache full:https://registry.npmjs.org/@tailwindcss%2foxide-freebsd-x64 cache-miss
49 http fetch GET 200 https://registry.npmjs.org/lightningcss 301ms (cache miss)
50 silly packumentCache full:https://registry.npmjs.org/lightningcss set size:undefined disposed:false
51 silly fetch manifest @tailwindcss/oxide-wasm32-wasi@4.3.1
52 silly packumentCache full:https://registry.npmjs.org/@tailwindcss%2foxide-wasm32-wasi cache-miss
53 http fetch GET 200 https://registry.npmjs.org/magic-string 336ms (cache miss)
54 silly packumentCache full:https://registry.npmjs.org/magic-string set size:undefined disposed:false
55 silly fetch manifest @tailwindcss/oxide-darwin-arm64@4.3.1
56 silly packumentCache full:https://registry.npmjs.org/@tailwindcss%2foxide-darwin-arm64 cache-miss
57 http fetch GET 200 https://registry.npmjs.org/enhanced-resolve 376ms (cache miss)
58 silly packumentCache full:https://registry.npmjs.org/enhanced-resolve set size:undefined disposed:false
59 silly fetch manifest @tailwindcss/oxide-android-arm64@4.3.1
60 silly packumentCache full:https://registry.npmjs.org/@tailwindcss%2foxide-android-arm64 cache-miss
61 http fetch GET 200 https://registry.npmjs.org/jiti 1151ms (cache revalidated)
62 silly packumentCache full:https://registry.npmjs.org/jiti set size:387989 disposed:false
63 silly fetch manifest @tailwindcss/oxide-linux-x64-gnu@4.3.1
64 silly packumentCache full:https://registry.npmjs.org/@tailwindcss%2foxide-linux-x64-gnu cache-miss
65 http fetch GET 200 https://registry.npmjs.org/@jridgewell%2fremapping 1958ms (cache revalidated)
66 silly packumentCache full:https://registry.npmjs.org/@jridgewell%2fremapping set size:23809 disposed:false
67 silly fetch manifest @tailwindcss/oxide-linux-x64-musl@4.3.1
68 silly packumentCache full:https://registry.npmjs.org/@tailwindcss%2foxide-linux-x64-musl cache-miss
69 http fetch GET 200 https://registry.npmjs.org/@tailwindcss%2foxide-android-arm64 2899ms (cache miss)
70 silly packumentCache full:https://registry.npmjs.org/@tailwindcss%2foxide-android-arm64 set size:undefined disposed:false
71 silly fetch manifest @tailwindcss/oxide-win32-x64-msvc@4.3.1
72 silly packumentCache full:https://registry.npmjs.org/@tailwindcss%2foxide-win32-x64-msvc cache-miss
73 http fetch GET 200 https://registry.npmjs.org/@tailwindcss%2foxide-wasm32-wasi 5674ms (cache miss)
74 silly packumentCache full:https://registry.npmjs.org/@tailwindcss%2foxide-wasm32-wasi set size:undefined disposed:false
75 silly fetch manifest @tailwindcss/oxide-linux-arm64-gnu@4.3.1
76 silly packumentCache full:https://registry.npmjs.org/@tailwindcss%2foxide-linux-arm64-gnu cache-miss
77 http fetch GET 200 https://registry.npmjs.org/@tailwindcss%2foxide-win32-x64-msvc 8327ms (cache miss)
78 silly packumentCache full:https://registry.npmjs.org/@tailwindcss%2foxide-win32-x64-msvc set size:undefined disposed:false
79 silly fetch manifest @tailwindcss/oxide-linux-arm64-musl@4.3.1
80 silly packumentCache full:https://registry.npmjs.org/@tailwindcss%2foxide-linux-arm64-musl cache-miss
81 http fetch GET 200 https://registry.npmjs.org/@tailwindcss%2foxide-darwin-x64 11881ms (cache miss)
82 silly packumentCache full:https://registry.npmjs.org/@tailwindcss%2foxide-darwin-x64 set size:undefined disposed:false
83 silly fetch manifest @tailwindcss/oxide-win32-arm64-msvc@4.3.1
84 silly packumentCache full:https://registry.npmjs.org/@tailwindcss%2foxide-win32-arm64-msvc cache-miss
85 http fetch GET 200 https://registry.npmjs.org/@tailwindcss%2foxide-freebsd-x64 11978ms (cache miss)
86 silly packumentCache full:https://registry.npmjs.org/@tailwindcss%2foxide-freebsd-x64 set size:undefined disposed:false
87 silly fetch manifest @tailwindcss/oxide-linux-arm-gnueabihf@4.3.1
88 silly packumentCache full:https://registry.npmjs.org/@tailwindcss%2foxide-linux-arm-gnueabihf cache-miss
89 http fetch GET 200 https://registry.npmjs.org/@tailwindcss%2foxide-darwin-arm64 11728ms (cache miss)
90 silly packumentCache full:https://registry.npmjs.org/@tailwindcss%2foxide-darwin-arm64 set size:undefined disposed:false
91 http fetch GET 200 https://registry.npmjs.org/@tailwindcss%2foxide-linux-x64-gnu 10962ms (cache miss)
92 silly packumentCache full:https://registry.npmjs.org/@tailwindcss%2foxide-linux-x64-gnu set size:undefined disposed:false
93 http fetch GET 200 https://registry.npmjs.org/@tailwindcss%2foxide-linux-arm64-gnu 6208ms (cache miss)
94 silly packumentCache full:https://registry.npmjs.org/@tailwindcss%2foxide-linux-arm64-gnu set size:undefined disposed:false
95 http fetch GET 200 https://registry.npmjs.org/@tailwindcss%2foxide-linux-x64-musl 10465ms (cache miss)
96 silly packumentCache full:https://registry.npmjs.org/@tailwindcss%2foxide-linux-x64-musl set size:undefined disposed:false
97 http fetch GET 200 https://registry.npmjs.org/@tailwindcss%2foxide-linux-arm64-musl 2056ms (cache miss)
98 silly packumentCache full:https://registry.npmjs.org/@tailwindcss%2foxide-linux-arm64-musl set size:undefined disposed:false
99 http fetch GET 200 https://registry.npmjs.org/@tailwindcss%2foxide-win32-arm64-msvc 2254ms (cache miss)
100 silly packumentCache full:https://registry.npmjs.org/@tailwindcss%2foxide-win32-arm64-msvc set size:undefined disposed:false
101 http fetch GET 200 https://registry.npmjs.org/@tailwindcss%2foxide-linux-arm-gnueabihf 2199ms (cache miss)
102 silly packumentCache full:https://registry.npmjs.org/@tailwindcss%2foxide-linux-arm-gnueabihf set size:undefined disposed:false
103 silly placeDep ROOT @jridgewell/remapping@2.3.5 OK for: @tailwindcss/node@4.3.1 want: ^2.3.5
104 silly placeDep ROOT enhanced-resolve@5.21.6 OK for: @tailwindcss/node@4.3.1 want: 5.21.6
105 silly placeDep ROOT jiti@2.7.0 OK for: @tailwindcss/node@4.3.1 want: ^2.7.0
106 silly placeDep ROOT lightningcss@1.32.0 OK for: @tailwindcss/node@4.3.1 want: 1.32.0
107 silly placeDep ROOT magic-string@0.30.21 OK for: @tailwindcss/node@4.3.1 want: ^0.30.21
108 silly fetch manifest @jridgewell/gen-mapping@^0.3.5
109 silly packumentCache full:https://registry.npmjs.org/@jridgewell%2fgen-mapping cache-miss
110 silly fetch manifest @jridgewell/trace-mapping@^0.3.24
111 silly packumentCache full:https://registry.npmjs.org/@jridgewell%2ftrace-mapping cache-miss
112 silly fetch manifest tapable@^2.3.3
113 silly packumentCache full:https://registry.npmjs.org/tapable cache-miss
114 silly fetch manifest detect-libc@^2.0.3
115 silly packumentCache full:https://registry.npmjs.org/detect-libc cache-miss
116 silly fetch manifest lightningcss-darwin-x64@1.32.0
117 silly packumentCache full:https://registry.npmjs.org/lightningcss-darwin-x64 cache-miss
118 silly fetch manifest lightningcss-linux-x64-gnu@1.32.0
119 silly packumentCache full:https://registry.npmjs.org/lightningcss-linux-x64-gnu cache-miss
120 silly fetch manifest lightningcss-win32-x64-msvc@1.32.0
121 silly packumentCache full:https://registry.npmjs.org/lightningcss-win32-x64-msvc cache-miss
122 http fetch GET 200 https://registry.npmjs.org/@jridgewell%2fgen-mapping 199ms (cache revalidated)
123 silly packumentCache full:https://registry.npmjs.org/@jridgewell%2fgen-mapping set size:75941 disposed:false
124 silly fetch manifest lightningcss-win32-arm64-msvc@1.32.0
125 silly packumentCache full:https://registry.npmjs.org/lightningcss-win32-arm64-msvc cache-miss
126 http fetch GET 200 https://registry.npmjs.org/detect-libc 202ms (cache revalidated)
127 silly packumentCache full:https://registry.npmjs.org/detect-libc set size:47861 disposed:false
128 silly fetch manifest lightningcss-darwin-arm64@1.32.0
129 silly packumentCache full:https://registry.npmjs.org/lightningcss-darwin-arm64 cache-miss
130 http fetch GET 200 https://registry.npmjs.org/@jridgewell%2ftrace-mapping 210ms (cache revalidated)
131 silly packumentCache full:https://registry.npmjs.org/@jridgewell%2ftrace-mapping set size:170909 disposed:false
132 silly fetch manifest lightningcss-linux-arm64-gnu@1.32.0
133 silly packumentCache full:https://registry.npmjs.org/lightningcss-linux-arm64-gnu cache-miss
134 http fetch GET 200 https://registry.npmjs.org/lightningcss-linux-x64-gnu 223ms (cache miss)
135 silly packumentCache full:https://registry.npmjs.org/lightningcss-linux-x64-gnu set size:undefined disposed:false
136 silly fetch manifest lightningcss-linux-arm-gnueabihf@1.32.0
137 silly packumentCache full:https://registry.npmjs.org/lightningcss-linux-arm-gnueabihf cache-miss
138 http fetch GET 200 https://registry.npmjs.org/lightningcss-win32-x64-msvc 231ms (cache miss)
139 silly packumentCache full:https://registry.npmjs.org/lightningcss-win32-x64-msvc set size:undefined disposed:false
140 silly fetch manifest lightningcss-linux-arm64-musl@1.32.0
141 silly packumentCache full:https://registry.npmjs.org/lightningcss-linux-arm64-musl cache-miss
142 http fetch GET 200 https://registry.npmjs.org/tapable 278ms (cache miss)
143 silly packumentCache full:https://registry.npmjs.org/tapable set size:undefined disposed:false
144 silly fetch manifest lightningcss-linux-x64-musl@1.32.0
145 silly packumentCache full:https://registry.npmjs.org/lightningcss-linux-x64-musl cache-miss
146 http fetch GET 200 https://registry.npmjs.org/lightningcss-darwin-x64 293ms (cache miss)
147 silly packumentCache full:https://registry.npmjs.org/lightningcss-darwin-x64 set size:undefined disposed:false
148 silly fetch manifest lightningcss-freebsd-x64@1.32.0
149 silly packumentCache full:https://registry.npmjs.org/lightningcss-freebsd-x64 cache-miss
150 http fetch GET 200 https://registry.npmjs.org/lightningcss-win32-arm64-msvc 272ms (cache miss)
151 silly packumentCache full:https://registry.npmjs.org/lightningcss-win32-arm64-msvc set size:undefined disposed:false
152 silly fetch manifest lightningcss-android-arm64@1.32.0
153 silly packumentCache full:https://registry.npmjs.org/lightningcss-android-arm64 cache-miss
154 http fetch GET 200 https://registry.npmjs.org/lightningcss-darwin-arm64 279ms (cache miss)
155 silly packumentCache full:https://registry.npmjs.org/lightningcss-darwin-arm64 set size:undefined disposed:false
156 silly fetch manifest @jridgewell/sourcemap-codec@^1.5.5
157 silly packumentCache full:https://registry.npmjs.org/@jridgewell%2fsourcemap-codec cache-miss
158 http fetch GET 200 https://registry.npmjs.org/lightningcss-linux-arm-gnueabihf 261ms (cache miss)
159 silly packumentCache full:https://registry.npmjs.org/lightningcss-linux-arm-gnueabihf set size:undefined disposed:false
160 http fetch GET 200 https://registry.npmjs.org/lightningcss-linux-x64-musl 211ms (cache miss)
161 silly packumentCache full:https://registry.npmjs.org/lightningcss-linux-x64-musl set size:undefined disposed:false
162 http fetch GET 200 https://registry.npmjs.org/lightningcss-freebsd-x64 236ms (cache miss)
163 silly packumentCache full:https://registry.npmjs.org/lightningcss-freebsd-x64 set size:undefined disposed:false
164 http fetch GET 200 https://registry.npmjs.org/lightningcss-linux-arm64-gnu 326ms (cache miss)
165 silly packumentCache full:https://registry.npmjs.org/lightningcss-linux-arm64-gnu set size:undefined disposed:false
166 http fetch GET 200 https://registry.npmjs.org/lightningcss-android-arm64 98ms (cache miss)
167 silly packumentCache full:https://registry.npmjs.org/lightningcss-android-arm64 set size:undefined disposed:false
168 http fetch GET 200 https://registry.npmjs.org/@jridgewell%2fsourcemap-codec 163ms (cache revalidated)
169 silly packumentCache full:https://registry.npmjs.org/@jridgewell%2fsourcemap-codec set size:51856 disposed:false
170 http fetch GET 200 https://registry.npmjs.org/lightningcss-linux-arm64-musl 1120ms (cache miss)
171 silly packumentCache full:https://registry.npmjs.org/lightningcss-linux-arm64-musl set size:undefined disposed:false
172 silly placeDep ROOT @jridgewell/gen-mapping@0.3.13 OK for: @jridgewell/remapping@2.3.5 want: ^0.3.5
173 silly placeDep ROOT @jridgewell/trace-mapping@0.3.31 OK for: @jridgewell/remapping@2.3.5 want: ^0.3.24
174 silly fetch manifest @jridgewell/sourcemap-codec@^1.5.0
175 silly packumentCache full:https://registry.npmjs.org/@jridgewell%2fsourcemap-codec cache-hit
176 silly fetch manifest @jridgewell/resolve-uri@^3.1.0
177 silly packumentCache full:https://registry.npmjs.org/@jridgewell%2fresolve-uri cache-miss
178 silly fetch manifest @jridgewell/sourcemap-codec@^1.4.14
179 silly packumentCache full:https://registry.npmjs.org/@jridgewell%2fsourcemap-codec cache-hit
180 http fetch GET 200 https://registry.npmjs.org/@jridgewell%2fresolve-uri 118ms (cache revalidated)
181 silly packumentCache full:https://registry.npmjs.org/@jridgewell%2fresolve-uri set size:57361 disposed:false
182 silly placeDep ROOT @jridgewell/sourcemap-codec@1.5.5 OK for: @jridgewell/gen-mapping@0.3.13 want: ^1.5.0
183 silly placeDep ROOT @jridgewell/resolve-uri@3.1.2 OK for: @jridgewell/trace-mapping@0.3.31 want: ^3.1.0
184 silly placeDep ROOT @tailwindcss/oxide-android-arm64@4.3.1 OK for: @tailwindcss/oxide@4.3.1 want: 4.3.1
185 silly placeDep ROOT @tailwindcss/oxide-darwin-arm64@4.3.1 OK for: @tailwindcss/oxide@4.3.1 want: 4.3.1
186 silly placeDep ROOT @tailwindcss/oxide-darwin-x64@4.3.1 OK for: @tailwindcss/oxide@4.3.1 want: 4.3.1
187 silly placeDep ROOT @tailwindcss/oxide-freebsd-x64@4.3.1 OK for: @tailwindcss/oxide@4.3.1 want: 4.3.1
188 silly placeDep ROOT @tailwindcss/oxide-linux-arm-gnueabihf@4.3.1 OK for: @tailwindcss/oxide@4.3.1 want: 4.3.1
189 silly placeDep ROOT @tailwindcss/oxide-linux-arm64-gnu@4.3.1 OK for: @tailwindcss/oxide@4.3.1 want: 4.3.1
190 silly placeDep ROOT @tailwindcss/oxide-linux-arm64-musl@4.3.1 OK for: @tailwindcss/oxide@4.3.1 want: 4.3.1
191 silly placeDep ROOT @tailwindcss/oxide-linux-x64-gnu@4.3.1 OK for: @tailwindcss/oxide@4.3.1 want: 4.3.1
192 silly placeDep ROOT @tailwindcss/oxide-linux-x64-musl@4.3.1 OK for: @tailwindcss/oxide@4.3.1 want: 4.3.1
193 silly placeDep ROOT @tailwindcss/oxide-wasm32-wasi@4.3.1 OK for: @tailwindcss/oxide@4.3.1 want: 4.3.1
194 silly placeDep ROOT @tailwindcss/oxide-win32-arm64-msvc@4.3.1 OK for: @tailwindcss/oxide@4.3.1 want: 4.3.1
195 silly placeDep ROOT @tailwindcss/oxide-win32-x64-msvc@4.3.1 OK for: @tailwindcss/oxide@4.3.1 want: 4.3.1
196 silly placeDep ROOT tapable@2.3.3 OK for: enhanced-resolve@5.21.6 want: ^2.3.3
197 silly placeDep ROOT detect-libc@2.1.2 OK for: lightningcss@1.32.0 want: ^2.0.3
198 silly placeDep ROOT lightningcss-android-arm64@1.32.0 OK for: lightningcss@1.32.0 want: 1.32.0
199 silly placeDep ROOT lightningcss-darwin-arm64@1.32.0 OK for: lightningcss@1.32.0 want: 1.32.0
200 silly placeDep ROOT lightningcss-darwin-x64@1.32.0 OK for: lightningcss@1.32.0 want: 1.32.0
201 silly placeDep ROOT lightningcss-freebsd-x64@1.32.0 OK for: lightningcss@1.32.0 want: 1.32.0
202 silly placeDep ROOT lightningcss-linux-arm-gnueabihf@1.32.0 OK for: lightningcss@1.32.0 want: 1.32.0
203 silly placeDep ROOT lightningcss-linux-arm64-gnu@1.32.0 OK for: lightningcss@1.32.0 want: 1.32.0
204 silly placeDep ROOT lightningcss-linux-arm64-musl@1.32.0 OK for: lightningcss@1.32.0 want: 1.32.0
205 silly placeDep ROOT lightningcss-linux-x64-gnu@1.32.0 OK for: lightningcss@1.32.0 want: 1.32.0
206 silly placeDep ROOT lightningcss-linux-x64-musl@1.32.0 OK for: lightningcss@1.32.0 want: 1.32.0
207 silly placeDep ROOT lightningcss-win32-arm64-msvc@1.32.0 OK for: lightningcss@1.32.0 want: 1.32.0
208 silly placeDep ROOT lightningcss-win32-x64-msvc@1.32.0 OK for: lightningcss@1.32.0 want: 1.32.0
209 silly reify moves {}
210 silly audit bulk request {
210 silly audit   '@next/env': [ '13.5.6' ],
210 silly audit   '@next/swc-darwin-arm64': [ '13.5.6' ],
210 silly audit   '@next/swc-darwin-x64': [ '13.5.6' ],
210 silly audit   '@next/swc-linux-arm64-gnu': [ '13.5.6' ],
210 silly audit   '@next/swc-linux-arm64-musl': [ '13.5.6' ],
210 silly audit   '@next/swc-linux-x64-gnu': [ '13.5.6' ],
210 silly audit   '@next/swc-linux-x64-musl': [ '13.5.6' ],
210 silly audit   '@next/swc-win32-arm64-msvc': [ '13.5.6' ],
210 silly audit   '@next/swc-win32-ia32-msvc': [ '13.5.6' ],
210 silly audit   '@next/swc-win32-x64-msvc': [ '13.5.6' ],
210 silly audit   '@swc/helpers': [ '0.5.2' ],
210 silly audit   autoprefixer: [ '10.5.1' ],
210 silly audit   'baseline-browser-mapping': [ '2.10.38' ],
210 silly audit   browserslist: [ '4.28.4' ],
210 silly audit   busboy: [ '1.6.0' ],
210 silly audit   'caniuse-lite': [ '1.0.30001799' ],
210 silly audit   'client-only': [ '0.0.1' ],
210 silly audit   'electron-to-chromium': [ '1.5.378' ],
210 silly audit   escalade: [ '3.2.0' ],
210 silly audit   'fraction.js': [ '5.3.4' ],
210 silly audit   'glob-to-regexp': [ '0.4.1' ],
210 silly audit   'graceful-fs': [ '4.2.11' ],
210 silly audit   'js-tokens': [ '4.0.0' ],
210 silly audit   'loose-envify': [ '1.4.0' ],
210 silly audit   nanoid: [ '3.3.15' ],
210 silly audit   next: [ '13.5.6' ],
210 silly audit   postcss: [ '8.4.31', '8.5.15' ],
210 silly audit   'node-releases': [ '2.0.49' ],
210 silly audit   picocolors: [ '1.1.1' ],
210 silly audit   'postcss-value-parser': [ '4.2.0' ],
210 silly audit   react: [ '18.2.0' ],
210 silly audit   'react-dom': [ '18.2.0' ],
210 silly audit   scheduler: [ '0.23.2' ],
210 silly audit   'source-map-js': [ '1.2.1' ],
210 silly audit   streamsearch: [ '1.1.0' ],
210 silly audit   'styled-jsx': [ '5.1.1' ],
210 silly audit   tailwindcss: [ '4.3.1' ],
210 silly audit   tslib: [ '2.8.1' ],
210 silly audit   'update-browserslist-db': [ '1.2.3' ],
210 silly audit   watchpack: [ '2.4.0' ],
210 silly audit   '@tailwindcss/postcss': [ '4.3.1' ],
210 silly audit   '@alloc/quick-lru': [ '5.2.0' ],
210 silly audit   '@tailwindcss/node': [ '4.3.1' ],
210 silly audit   '@tailwindcss/oxide': [ '4.3.1' ],
210 silly audit   '@jridgewell/remapping': [ '2.3.5' ],
210 silly audit   'enhanced-resolve': [ '5.21.6' ],
210 silly audit   jiti: [ '2.7.0' ],
210 silly audit   lightningcss: [ '1.32.0' ],
210 silly audit   'magic-string': [ '0.30.21' ],
210 silly audit   '@jridgewell/gen-mapping': [ '0.3.13' ],
210 silly audit   '@jridgewell/trace-mapping': [ '0.3.31' ],
210 silly audit   '@jridgewell/sourcemap-codec': [ '1.5.5' ],
210 silly audit   '@jridgewell/resolve-uri': [ '3.1.2' ],
210 silly audit   '@tailwindcss/oxide-android-arm64': [ '4.3.1' ],
210 silly audit   '@tailwindcss/oxide-darwin-arm64': [ '4.3.1' ],
210 silly audit   '@tailwindcss/oxide-darwin-x64': [ '4.3.1' ],
210 silly audit   '@tailwindcss/oxide-freebsd-x64': [ '4.3.1' ],
210 silly audit   '@tailwindcss/oxide-linux-arm-gnueabihf': [ '4.3.1' ],
210 silly audit   '@tailwindcss/oxide-linux-arm64-gnu': [ '4.3.1' ],
210 silly audit   '@tailwindcss/oxide-linux-arm64-musl': [ '4.3.1' ],
210 silly audit   '@tailwindcss/oxide-linux-x64-gnu': [ '4.3.1' ],
210 silly audit   '@tailwindcss/oxide-linux-x64-musl': [ '4.3.1' ],
210 silly audit   '@tailwindcss/oxide-wasm32-wasi': [ '4.3.1' ],
210 silly audit   '@tailwindcss/oxide-win32-arm64-msvc': [ '4.3.1' ],
210 silly audit   '@tailwindcss/oxide-win32-x64-msvc': [ '4.3.1' ],
210 silly audit   tapable: [ '2.3.3' ],
210 silly audit   'detect-libc': [ '2.1.2' ],
210 silly audit   'lightningcss-android-arm64': [ '1.32.0' ],
210 silly audit   'lightningcss-darwin-arm64': [ '1.32.0' ],
210 silly audit   'lightningcss-darwin-x64': [ '1.32.0' ],
210 silly audit   'lightningcss-freebsd-x64': [ '1.32.0' ],
210 silly audit   'lightningcss-linux-arm-gnueabihf': [ '1.32.0' ],
210 silly audit   'lightningcss-linux-arm64-gnu': [ '1.32.0' ],
210 silly audit   'lightningcss-linux-arm64-musl': [ '1.32.0' ],
210 silly audit   'lightningcss-linux-x64-gnu': [ '1.32.0' ],
210 silly audit   'lightningcss-linux-x64-musl': [ '1.32.0' ],
210 silly audit   'lightningcss-win32-arm64-msvc': [ '1.32.0' ],
210 silly audit   'lightningcss-win32-x64-msvc': [ '1.32.0' ]
210 silly audit }
211 http cache detect-libc@https://registry.npmjs.org/detect-libc/-/detect-libc-2.1.2.tgz 0ms (cache hit)
212 http cache lightningcss-android-arm64@https://registry.npmjs.org/lightningcss-android-arm64/-/lightningcss-android-arm64-1.32.0.tgz 0ms (cache hit)
213 http cache tapable@https://registry.npmjs.org/tapable/-/tapable-2.3.3.tgz 0ms (cache hit)
214 http cache @tailwindcss/oxide-android-arm64@https://registry.npmjs.org/@tailwindcss/oxide-android-arm64/-/oxide-android-arm64-4.3.1.tgz 0ms (cache hit)
215 http cache @jridgewell/resolve-uri@https://registry.npmjs.org/@jridgewell/resolve-uri/-/resolve-uri-3.1.2.tgz 0ms (cache hit)
216 http cache @jridgewell/trace-mapping@https://registry.npmjs.org/@jridgewell/trace-mapping/-/trace-mapping-0.3.31.tgz 0ms (cache hit)
217 http cache @jridgewell/gen-mapping@https://registry.npmjs.org/@jridgewell/gen-mapping/-/gen-mapping-0.3.13.tgz 0ms (cache hit)
218 http cache magic-string@https://registry.npmjs.org/magic-string/-/magic-string-0.30.21.tgz 0ms (cache hit)
219 http cache lightningcss@https://registry.npmjs.org/lightningcss/-/lightningcss-1.32.0.tgz 0ms (cache hit)
220 http cache @jridgewell/sourcemap-codec@https://registry.npmjs.org/@jridgewell/sourcemap-codec/-/sourcemap-codec-1.5.5.tgz 0ms (cache hit)
221 http cache jiti@https://registry.npmjs.org/jiti/-/jiti-2.7.0.tgz 0ms (cache hit)
222 http cache enhanced-resolve@https://registry.npmjs.org/enhanced-resolve/-/enhanced-resolve-5.21.6.tgz 0ms (cache hit)
223 http cache @jridgewell/remapping@https://registry.npmjs.org/@jridgewell/remapping/-/remapping-2.3.5.tgz 0ms (cache hit)
224 http cache @tailwindcss/oxide@https://registry.npmjs.org/@tailwindcss/oxide/-/oxide-4.3.1.tgz 0ms (cache hit)
225 http cache @tailwindcss/node@https://registry.npmjs.org/@tailwindcss/node/-/node-4.3.1.tgz 0ms (cache hit)
226 http cache @alloc/quick-lru@https://registry.npmjs.org/@alloc/quick-lru/-/quick-lru-5.2.0.tgz 0ms (cache hit)
227 http cache @tailwindcss/postcss@https://registry.npmjs.org/@tailwindcss/postcss/-/postcss-4.3.1.tgz 0ms (cache hit)
228 silly tarball no local data for lightningcss-android-arm64@https://registry.npmjs.org/lightningcss-android-arm64/-/lightningcss-android-arm64-1.32.0.tgz. Extracting by manifest.
229 silly tarball no local data for tapable@https://registry.npmjs.org/tapable/-/tapable-2.3.3.tgz. Extracting by manifest.
230 silly tarball no local data for @tailwindcss/oxide-android-arm64@https://registry.npmjs.org/@tailwindcss/oxide-android-arm64/-/oxide-android-arm64-4.3.1.tgz. Extracting by manifest.
231 silly tarball no local data for magic-string@https://registry.npmjs.org/magic-string/-/magic-string-0.30.21.tgz. Extracting by manifest.
232 silly tarball no local data for lightningcss@https://registry.npmjs.org/lightningcss/-/lightningcss-1.32.0.tgz. Extracting by manifest.
233 silly tarball no local data for jiti@https://registry.npmjs.org/jiti/-/jiti-2.7.0.tgz. Extracting by manifest.
234 silly tarball no local data for enhanced-resolve@https://registry.npmjs.org/enhanced-resolve/-/enhanced-resolve-5.21.6.tgz. Extracting by manifest.
235 silly tarball no local data for @tailwindcss/oxide@https://registry.npmjs.org/@tailwindcss/oxide/-/oxide-4.3.1.tgz. Extracting by manifest.
236 silly tarball no local data for @tailwindcss/node@https://registry.npmjs.org/@tailwindcss/node/-/node-4.3.1.tgz. Extracting by manifest.
237 silly tarball no local data for @tailwindcss/postcss@https://registry.npmjs.org/@tailwindcss/postcss/-/postcss-4.3.1.tgz. Extracting by manifest.
238 http fetch POST 200 https://registry.npmjs.org/-/npm/v1/security/advisories/bulk 446ms
239 silly audit report {
239 silly audit report   next: [
239 silly audit report     {
239 silly audit report       id: 1099639,
239 silly audit report       url: 'https://github.com/advisories/GHSA-gp8f-8m3g-qvj9',
239 silly audit report       title: 'Next.js Cache Poisoning',
239 silly audit report       severity: 'high',
239 silly audit report       vulnerable_versions: '>=13.5.1 <13.5.7',
239 silly audit report       cwe: [Array],
239 silly audit report       cvss: [Object]
239 silly audit report     },
239 silly audit report     {
239 silly audit report       id: 1100421,
239 silly audit report       url: 'https://github.com/advisories/GHSA-g77x-44xx-532m',
239 silly audit report       title: 'Denial of Service condition in Next.js image optimization',
239 silly audit report       severity: 'moderate',
239 silly audit report       vulnerable_versions: '>=10.0.0 <14.2.7',
239 silly audit report       cwe: [Array],
239 silly audit report       cvss: [Object]
239 silly audit report     },
239 silly audit report     {
239 silly audit report       id: 1117931,
239 silly audit report       url: 'https://github.com/advisories/GHSA-8h8q-6873-q5fj',
239 silly audit report       title: 'Next.js Vulnerable to Denial of Service with Server Components',
239 silly audit report       severity: 'high',
239 silly audit report       vulnerable_versions: '>=13.0.0 <15.5.16',
239 silly audit report       cwe: [Array],
239 silly audit report       cvss: [Object]
239 silly audit report     },
239 silly audit report     {
239 silly audit report       id: 1101439,
239 silly audit report       url: 'https://github.com/advisories/GHSA-7m27-7ghc-44w9',
239 silly audit report       title: 'Next.js Allows a Denial of Service (DoS) with Server Actions',
239 silly audit report       severity: 'moderate',
239 silly audit report       vulnerable_versions: '>=13.0.0 <13.5.8',
239 silly audit report       cwe: [Array],
239 silly audit report       cvss: [Object]
239 silly audit report     },
239 silly audit report     {
239 silly audit report       id: 1105461,
239 silly audit report       url: 'https://github.com/advisories/GHSA-3h52-269p-cp9r',
239 silly audit report       title: 'Information exposure in Next.js dev server due to lack of origin verification',
239 silly audit report       severity: 'low',
239 silly audit report       vulnerable_versions: '>=13.0 <14.2.30',
239 silly audit report       cwe: [Array],
239 silly audit report       cvss: [Object]
239 silly audit report     },
239 silly audit report     {
239 silly audit report       id: 1111391,
239 silly audit report       url: 'https://github.com/advisories/GHSA-mwv6-3258-q52c',
239 silly audit report       title: 'Next Vulnerable to Denial of Service with Server Components',
239 silly audit report       severity: 'high',
239 silly audit report       vulnerable_versions: '>=13.3.0 <14.2.34',
239 silly audit report       cwe: [Array],
239 silly audit report       cvss: [Object]
239 silly audit report     },
239 silly audit report     {
239 silly audit report       id: 1107226,
239 silly audit report       url: 'https://github.com/advisories/GHSA-g5qg-72qw-gw5v',
239 silly audit report       title: 'Next.js Affected by Cache Key Confusion for Image Optimization API Routes',
239 silly audit report       severity: 'moderate',
239 silly audit report       vulnerable_versions: '>=0.9.9 <14.2.31',
239 silly audit report       cwe: [Array],
239 silly audit report       cvss: [Object]
239 silly audit report     },
239 silly audit report     {
239 silly audit report       id: 1107420,
239 silly audit report       url: 'https://github.com/advisories/GHSA-7gfc-8cq8-jh5f',
239 silly audit report       title: 'Next.js authorization bypass vulnerability',
239 silly audit report       severity: 'high',
239 silly audit report       vulnerable_versions: '>=9.5.5 <14.2.15',
239 silly audit report       cwe: [Array],
239 silly audit report       cvss: [Object]
239 silly audit report     },
239 silly audit report     {
239 silly audit report       id: 1107512,
239 silly audit report       url: 'https://github.com/advisories/GHSA-4342-x723-ch2f',
239 silly audit report       title: 'Next.js Improper Middleware Redirect Handling Leads to SSRF',
239 silly audit report       severity: 'moderate',
239 silly audit report       vulnerable_versions: '>=0.9.9 <14.2.32',
239 silly audit report       cwe: [Array],
239 silly audit report       cvss: [Object]
239 silly audit report     },
239 silly audit report     {
239 silly audit report       id: 1107513,
239 silly audit report       url: 'https://github.com/advisories/GHSA-xv57-4mr9-wg8v',
239 silly audit report       title: 'Next.js Content Injection Vulnerability for Image Optimization',
239 silly audit report       severity: 'moderate',
239 silly audit report       vulnerable_versions: '>=0.9.9 <14.2.31',
239 silly audit report       cwe: [Array],
239 silly audit report       cvss: [Object]
239 silly audit report     },
239 silly audit report     {
239 silly audit report       id: 1112182,
239 silly audit report       url: 'https://github.com/advisories/GHSA-5j59-xgg2-r9c4',
239 silly audit report       title: 'Next has a Denial of Service with Server Components - Incomplete Fix Follow-Up',
239 silly audit report       severity: 'high',
239 silly audit report       vulnerable_versions: '>=13.3.1-canary.0 <14.2.35',
239 silly audit report       cwe: [Array],
239 silly audit report       cvss: [Object]
239 silly audit report     },
239 silly audit report     {
239 silly audit report       id: 1108291,
239 silly audit report       url: 'https://github.com/advisories/GHSA-qpjv-v59x-3qc4',
239 silly audit report       title: 'Next.js Race Condition to Cache Poisoning',
239 silly audit report       severity: 'low',
239 silly audit report       vulnerable_versions: '>=0.9.9 <14.2.24',
239 silly audit report       cwe: [Array],
239 silly audit report       cvss: [Object]
239 silly audit report     },
239 silly audit report     {
239 silly audit report       id: 1118942,
239 silly audit report       url: 'https://github.com/advisories/GHSA-3g8h-86w9-wvmq',
239 silly audit report       title: "Next.js's Middleware / Proxy redirects can be cache-poisoned",
239 silly audit report       severity: 'low',
239 silly audit report       vulnerable_versions: '>=12.2.0 <15.5.16',
239 silly audit report       cwe: [Array],
239 silly audit report       cvss: [Object]
239 silly audit report     },
239 silly audit report     {
239 silly audit report       id: 1118944,
239 silly audit report       url: 'https://github.com/advisories/GHSA-ffhc-5mcf-pf4q',
239 silly audit report       title: 'Next.js vulnerable to cross-site scripting in App Router applications using CSP nonces',
239 silly audit report       severity: 'moderate',
239 silly audit report       vulnerable_versions: '>=13.4.0 <15.5.16',
239 silly audit report       cwe: [Array],
239 silly audit report       cvss: [Object]
239 silly audit report     },
239 silly audit report     {
239 silly audit report       id: 1118946,
239 silly audit report       url: 'https://github.com/advisories/GHSA-vfv6-92ff-j949',
239 silly audit report       title: 'Next.js vulnerable to cache poisoning via collisions in React Server Component cache-busting',
239 silly audit report       severity: 'low',
239 silly audit report       vulnerable_versions: '>=13.4.6 <15.5.16',
239 silly audit report       cwe: [Array],
239 silly audit report       cvss: [Object]
239 silly audit report     },
239 silly audit report     {
239 silly audit report       id: 1118948,
239 silly audit report       url: 'https://github.com/advisories/GHSA-gx5p-jg67-6x7h',
239 silly audit report       title: 'Next.js has cross-site scripting in beforeInteractive scripts with untrusted input',
239 silly audit report       severity: 'moderate',
239 silly audit report       vulnerable_versions: '>=13.0.0 <15.5.16',
239 silly audit report       cwe: [Array],
239 silly audit report       cvss: [Object]
239 silly audit report     },
239 silly audit report     {
239 silly audit report       id: 1118952,
239 silly audit report       url: 'https://github.com/advisories/GHSA-h64f-5h5j-jqjh',
239 silly audit report       title: 'Next.js has a Denial of Service in the Image Optimization API',
239 silly audit report       severity: 'moderate',
239 silly audit report       vulnerable_versions: '>=10.0.0 <15.5.16',
239 silly audit report       cwe: [Array],
239 silly audit report       cvss: [Object]
239 silly audit report     },
239 silly audit report     {
239 silly audit report       id: 1118954,
239 silly audit report       url: 'https://github.com/advisories/GHSA-c4j6-fc7j-m34r',
239 silly audit report       title: 'Next.js vulnerable to server-side request forgery in applications using WebSocket upgrades',
239 silly audit report       severity: 'high',
239 silly audit report       vulnerable_versions: '>=13.4.13 <15.5.16',
239 silly audit report       cwe: [Array],
239 silly audit report       cvss: [Object]
239 silly audit report     },
239 silly audit report     {
239 silly audit report       id: 1118962,
239 silly audit report       url: 'https://github.com/advisories/GHSA-36qx-fr4f-26g5',
239 silly audit report       title: 'Next.js has a Middleware / Proxy bypass in Pages Router applications using i18n',
239 silly audit report       severity: 'high',
239 silly audit report       vulnerable_versions: '>=12.2.0 <15.5.16',
239 silly audit report       cwe: [Array],
239 silly audit report       cvss: [Object]
239 silly audit report     },
239 silly audit report     {
239 silly audit report       id: 1112593,
239 silly audit report       url: 'https://github.com/advisories/GHSA-9g9p-9gw9-jx7f',
239 silly audit report       title: 'Next.js self-hosted applications vulnerable to DoS via Image Optimizer remotePatterns configuration',
239 silly audit report       severity: 'moderate',
239 silly audit report       vulnerable_versions: '>=10.0.0 <15.5.10',
239 silly audit report       cwe: [Array],
239 silly audit report       cvss: [Object]
239 silly audit report     },
239 silly audit report     {
239 silly audit report       id: 1112653,
239 silly audit report       url: 'https://github.com/advisories/GHSA-h25m-26qc-wcjf',
239 silly audit report       title: 'Next.js HTTP request deserialization can lead to DoS when using insecure React Server Components',
239 silly audit report       severity: 'high',
239 silly audit report       vulnerable_versions: '>=13.0.0 <15.0.8',
239 silly audit report       cwe: [Array],
239 silly audit report       cvss: [Object]
239 silly audit report     },
239 silly audit report     {
239 silly audit report       id: 1113690,
239 silly audit report       url: 'https://github.com/advisories/GHSA-f82v-jwr5-mffw',
239 silly audit report       title: 'Authorization Bypass in Next.js Middleware',
239 silly audit report       severity: 'critical',
239 silly audit report       vulnerable_versions: '>=13.0.0 <13.5.9',
239 silly audit report       cwe: [Array],
239 silly audit report       cvss: [Object]
239 silly audit report     },
239 silly audit report     {
239 silly audit report       id: 1114897,
239 silly audit report       url: 'https://github.com/advisories/GHSA-ggv3-7p47-pfv8',
239 silly audit report       title: 'Next.js: HTTP request smuggling in rewrites',
239 silly audit report       severity: 'moderate',
239 silly audit report       vulnerable_versions: '>=9.5.0 <15.5.13',
239 silly audit report       cwe: [Array],
239 silly audit report       cvss: [Object]
239 silly audit report     },
239 silly audit report     {
239 silly audit report       id: 1114940,
239 silly audit report       url: 'https://github.com/advisories/GHSA-3x4c-7xq6-9pq8',
239 silly audit report       title: 'Next.js: Unbounded next/image disk cache growth can exhaust storage',
239 silly audit report       severity: 'moderate',
239 silly audit report       vulnerable_versions: '>=10.0.0 <15.5.14',
239 silly audit report       cwe: [Array],
239 silly audit report       cvss: [Object]
239 silly audit report     },
239 silly audit report     {
239 silly audit report       id: 1116376,
239 silly audit report       url: 'https://github.com/advisories/GHSA-q4gf-8mx6-v5v3',
239 silly audit report       title: 'Next.js has a Denial of Service with Server Components',
239 silly audit report       severity: 'high',
239 silly audit report       vulnerable_versions: '>=13.0.0 <15.5.15',
239 silly audit report       cwe: [Array],
239 silly audit report       cvss: [Object]
239 silly audit report     },
239 silly audit report     {
239 silly audit report       id: 1097295,
239 silly audit report       url: 'https://github.com/advisories/GHSA-fr5h-rqp8-mj6g',
239 silly audit report       title: 'Next.js Server-Side Request Forgery in Server Actions',
239 silly audit report       severity: 'high',
239 silly audit report       vulnerable_versions: '>=13.4.0 <14.1.1',
239 silly audit report       cwe: [Array],
239 silly audit report       cvss: [Object]
239 silly audit report     }
239 silly audit report   ],
239 silly audit report   postcss: [
239 silly audit report     {
239 silly audit report       id: 1117015,
239 silly audit report       url: 'https://github.com/advisories/GHSA-qx2v-qp2m-jg93',
239 silly audit report       title: 'PostCSS has XSS via Unescaped </style> in its CSS Stringify Output',
239 silly audit report       severity: 'moderate',
239 silly audit report       vulnerable_versions: '<8.5.10',
239 silly audit report       cwe: [Array],
239 silly audit report       cvss: [Object]
239 silly audit report     }
239 silly audit report   ]
239 silly audit report }
240 silly packumentCache corgi:https://registry.npmjs.org/next cache-miss
241 silly packumentCache corgi:https://registry.npmjs.org/postcss cache-miss
242 http fetch GET 200 https://registry.npmjs.org/magic-string/-/magic-string-0.30.21.tgz 605ms (cache miss)
243 http fetch GET 200 https://registry.npmjs.org/lightningcss/-/lightningcss-1.32.0.tgz 609ms (cache miss)
244 http fetch GET 200 https://registry.npmjs.org/tapable/-/tapable-2.3.3.tgz 616ms (cache miss)
245 http fetch GET 200 https://registry.npmjs.org/postcss 449ms (cache revalidated)
246 silly packumentCache corgi:https://registry.npmjs.org/postcss set size:344717 disposed:false
247 http fetch GET 200 https://registry.npmjs.org/next 567ms (cache revalidated)
248 silly packumentCache corgi:https://registry.npmjs.org/next set size:25320223 disposed:false
249 http fetch GET 200 https://registry.npmjs.org/@tailwindcss/oxide/-/oxide-4.3.1.tgz 4071ms (cache miss)
250 http fetch GET 200 https://registry.npmjs.org/@tailwindcss/postcss/-/postcss-4.3.1.tgz 4113ms (cache miss)
251 http fetch GET 200 https://registry.npmjs.org/@tailwindcss/node/-/node-4.3.1.tgz 4134ms (cache miss)
252 http fetch GET 200 https://registry.npmjs.org/jiti/-/jiti-2.7.0.tgz 4222ms (cache miss)
253 http fetch GET 200 https://registry.npmjs.org/@tailwindcss/oxide-android-arm64/-/oxide-android-arm64-4.3.1.tgz 4237ms (cache miss)
254 http fetch GET 200 https://registry.npmjs.org/enhanced-resolve/-/enhanced-resolve-5.21.6.tgz 4287ms (cache miss)
255 http fetch GET 200 https://registry.npmjs.org/lightningcss-android-arm64/-/lightningcss-android-arm64-1.32.0.tgz 12270ms (cache miss)
256 silly ADD node_modules/lightningcss-android-arm64
257 silly ADD node_modules/detect-libc
258 silly ADD node_modules/tapable
259 silly ADD node_modules/@tailwindcss/oxide-android-arm64
260 silly ADD node_modules/@jridgewell/resolve-uri
261 silly ADD node_modules/@jridgewell/sourcemap-codec
262 silly ADD node_modules/@jridgewell/trace-mapping
263 silly ADD node_modules/@jridgewell/gen-mapping
264 silly ADD node_modules/magic-string
265 silly ADD node_modules/lightningcss
266 silly ADD node_modules/jiti
267 silly ADD node_modules/enhanced-resolve
268 silly ADD node_modules/@jridgewell/remapping
269 silly ADD node_modules/@tailwindcss/oxide
270 silly ADD node_modules/@tailwindcss/node
271 silly ADD node_modules/@alloc/quick-lru
272 silly ADD node_modules/@tailwindcss/postcss
273 verbose cwd /data/data/com.termux/files/home
274 verbose os Linux 5.10.237-android12-9-00014-gf82f7360927e-ab14119954
275 verbose node v24.17.0
276 verbose npm  v11.17.0
277 verbose exit 0
278 info ok
