0 verbose cli /data/data/com.termux/files/usr/bin/node /data/data/com.termux/files/usr/bin/npm
1 info using npm@11.17.0
2 info using node@v24.17.0
3 silly config load:file:/data/data/com.termux/files/usr/lib/node_modules/npm/npmrc
4 silly config load:file:/data/data/com.termux/files/home/.npmrc
5 silly config load:file:/data/data/com.termux/files/usr/etc/npmrc
6 verbose title npm install next@13.5.6 react@latest react-dom@latest
7 verbose argv "install" "next@13.5.6" "react@latest" "react-dom@latest"
8 verbose logfile logs-max:10 dir:/data/data/com.termux/files/home/.npm/_logs/2026-06-24T06_27_33_450Z-
9 verbose logfile /data/data/com.termux/files/home/.npm/_logs/2026-06-24T06_27_33_450Z-debug-0.log
10 silly logfile start cleaning logs, removing 1 files
11 silly logfile done cleaning log files
12 silly packumentCache heap:1174405120 maxSize:293601280 maxEntrySize:146800640
13 silly packumentCache corgi:https://registry.npmjs.org/react cache-miss
14 silly packumentCache corgi:https://registry.npmjs.org/react-dom cache-miss
15 http fetch GET 200 https://registry.npmjs.org/react-dom 3623ms (cache miss)
16 silly packumentCache corgi:https://registry.npmjs.org/react-dom set size:undefined disposed:false
17 http fetch GET 200 https://registry.npmjs.org/react 3712ms (cache miss)
18 silly packumentCache corgi:https://registry.npmjs.org/react set size:undefined disposed:false
19 silly idealTree buildDeps
20 silly fetch manifest next@13.5.6
21 silly packumentCache full:https://registry.npmjs.org/next cache-miss
22 http fetch GET 200 https://registry.npmjs.org/next 597ms (cache revalidated)
23 silly packumentCache full:https://registry.npmjs.org/next set size:30851660 disposed:false
24 silly fetch manifest @opentelemetry/api@^1.1.0
25 silly packumentCache full:https://registry.npmjs.org/@opentelemetry%2fapi cache-miss
26 http fetch GET 200 https://registry.npmjs.org/@opentelemetry%2fapi 930ms (cache revalidated)
27 silly packumentCache full:https://registry.npmjs.org/@opentelemetry%2fapi set size:272967 disposed:false
28 silly fetch manifest react@19.2.7
29 silly packumentCache full:https://registry.npmjs.org/react cache-miss
30 http fetch GET 200 https://registry.npmjs.org/react 560ms (cache revalidated)
31 silly packumentCache full:https://registry.npmjs.org/react set size:6733629 disposed:false
32 silly fetch manifest react@^18.2.0
33 silly packumentCache full:https://registry.npmjs.org/react cache-miss
34 http cache https://registry.npmjs.org/react 39ms (cache hit)
35 silly packumentCache full:https://registry.npmjs.org/react set size:6733629 disposed:false
36 verbose stack Error: unable to resolve dependency tree
36 verbose stack     at #failPeerConflict (/data/data/com.termux/files/usr/lib/node_modules/npm/node_modules/@npmcli/arborist/lib/arborist/build-ideal-tree.js:1516:25)
36 verbose stack     at #loadPeerSet (/data/data/com.termux/files/usr/lib/node_modules/npm/node_modules/@npmcli/arborist/lib/arborist/build-ideal-tree.js:1482:33)
36 verbose stack     at async #buildDepStep (/data/data/com.termux/files/usr/lib/node_modules/npm/node_modules/@npmcli/arborist/lib/arborist/build-ideal-tree.js:984:15)
36 verbose stack     at async Arborist.buildIdealTree (/data/data/com.termux/files/usr/lib/node_modules/npm/node_modules/@npmcli/arborist/lib/arborist/build-ideal-tree.js:179:7)
36 verbose stack     at async Promise.all (index 1)
36 verbose stack     at async Arborist.reify (/data/data/com.termux/files/usr/lib/node_modules/npm/node_modules/@npmcli/arborist/lib/arborist/reify.js:112:5)
36 verbose stack     at async Install.exec (/data/data/com.termux/files/usr/lib/node_modules/npm/lib/commands/install.js:158:5)
36 verbose stack     at async Npm.exec (/data/data/com.termux/files/usr/lib/node_modules/npm/lib/npm.js:193:9)
36 verbose stack     at async module.exports (/data/data/com.termux/files/usr/lib/node_modules/npm/lib/cli/entry.js:67:5)
37 error code ERESOLVE
38 error ERESOLVE unable to resolve dependency tree
39 error
40 error While resolving: thaesu-marketplace@0.1.0
40 error Found: react@19.2.7[2m[22m
40 error [2mnode_modules/react[22m
40 error   react@"19.2.7" from the root project
40 error
40 error Could not resolve dependency:
40 error [95mpeer[39m react@"^18.2.0" from next@13.5.6[2m[22m
40 error [2mnode_modules/next[22m
40 error   next@"13.5.6" from the root project
40 error
40 error Fix the upstream dependency conflict, or retry this command with --force or --legacy-peer-deps to accept an incorrect (and potentially broken) dependency resolution.
41 error
41 error
41 error For a full report see:
41 error /data/data/com.termux/files/home/.npm/_logs/2026-06-24T06_27_33_450Z-eresolve-report.txt
42 silly unfinished npm timer reify 1782282454196
43 silly unfinished npm timer reify:loadTrees 1782282454199
44 silly unfinished npm timer idealTree:buildDeps 1782282458467
45 silly unfinished npm timer idealTree:#root 1782282458470
46 verbose cwd /data/data/com.termux/files/home
47 verbose os Linux 5.10.237-android12-9-00014-gf82f7360927e-ab14119954
48 verbose node v24.17.0
49 verbose npm  v11.17.0
50 verbose exit 1
51 verbose code 1
52 error A complete log of this run can be found in: /data/data/com.termux/files/home/.npm/_logs/2026-06-24T06_27_33_450Z-debug-0.log
