0 verbose cli /data/data/com.termux/files/usr/bin/node /data/data/com.termux/files/usr/bin/npm
1 info using npm@11.17.0
2 info using node@v24.17.0
3 silly config load:file:/data/data/com.termux/files/usr/lib/node_modules/npm/npmrc
4 silly config load:file:/data/data/com.termux/files/home/.npmrc
5 silly config load:file:/data/data/com.termux/files/usr/etc/npmrc
6 verbose title npm install drizzle-orm @neondatabase/serverless postgres
7 verbose argv "install" "drizzle-orm" "@neondatabase/serverless" "postgres"
8 verbose logfile logs-max:10 dir:/data/data/com.termux/files/home/.npm/_logs/2026-06-24T04_30_16_460Z-
9 verbose logfile /data/data/com.termux/files/home/.npm/_logs/2026-06-24T04_30_16_460Z-debug-0.log
10 silly logfile start cleaning logs, removing 1 files
11 silly logfile done cleaning log files
12 silly packumentCache heap:1174405120 maxSize:293601280 maxEntrySize:146800640
13 silly idealTree buildDeps
14 silly fetch manifest @neondatabase/serverless@latest
15 silly packumentCache full:https://registry.npmjs.org/@neondatabase%2fserverless cache-miss
16 http cache https://registry.npmjs.org/@neondatabase%2fserverless 112ms (cache hit)
17 silly packumentCache full:https://registry.npmjs.org/@neondatabase%2fserverless set size:178582 disposed:false
18 silly fetch manifest drizzle-orm@latest
19 silly packumentCache full:https://registry.npmjs.org/drizzle-orm cache-miss
20 http cache https://registry.npmjs.org/drizzle-orm 256ms (cache hit)
21 silly packumentCache full:https://registry.npmjs.org/drizzle-orm set size:64172209 disposed:false
22 silly fetch manifest @aws-sdk/client-rds-data@>=3
23 silly packumentCache full:https://registry.npmjs.org/@aws-sdk%2fclient-rds-data cache-miss
24 http cache https://registry.npmjs.org/@aws-sdk%2fclient-rds-data 31ms (cache hit)
25 silly packumentCache full:https://registry.npmjs.org/@aws-sdk%2fclient-rds-data set size:2864192 disposed:false
26 silly fetch manifest @cloudflare/workers-types@>=4
27 silly packumentCache full:https://registry.npmjs.org/@cloudflare%2fworkers-types cache-miss
28 http cache https://registry.npmjs.org/@cloudflare%2fworkers-types 25ms (cache hit)
29 silly packumentCache full:https://registry.npmjs.org/@cloudflare%2fworkers-types set size:1742144 disposed:false
30 silly fetch manifest @electric-sql/pglite@>=0.2.0
31 silly packumentCache full:https://registry.npmjs.org/@electric-sql%2fpglite cache-miss
32 http cache https://registry.npmjs.org/@electric-sql%2fpglite 12ms (cache hit)
33 silly packumentCache full:https://registry.npmjs.org/@electric-sql%2fpglite set size:339066 disposed:false
34 silly fetch manifest @libsql/client@>=0.10.0
35 silly packumentCache full:https://registry.npmjs.org/@libsql%2fclient cache-miss
36 http cache https://registry.npmjs.org/@libsql%2fclient 17ms (cache hit)
37 silly packumentCache full:https://registry.npmjs.org/@libsql%2fclient set size:392417 disposed:false
38 silly fetch manifest @libsql/client-wasm@>=0.10.0
39 silly packumentCache full:https://registry.npmjs.org/@libsql%2fclient-wasm cache-miss
40 http cache https://registry.npmjs.org/@libsql%2fclient-wasm 13ms (cache hit)
41 silly packumentCache full:https://registry.npmjs.org/@libsql%2fclient-wasm set size:148489 disposed:false
42 silly fetch manifest @op-engineering/op-sqlite@>=2
43 silly packumentCache full:https://registry.npmjs.org/@op-engineering%2fop-sqlite cache-miss
44 http cache https://registry.npmjs.org/@op-engineering%2fop-sqlite 20ms (cache hit)
45 silly packumentCache full:https://registry.npmjs.org/@op-engineering%2fop-sqlite set size:508302 disposed:false
46 silly fetch manifest @sqlite.org/sqlite-wasm@*
47 silly packumentCache full:https://registry.npmjs.org/@sqlite.org%2fsqlite-wasm cache-miss
48 http cache https://registry.npmjs.org/@sqlite.org%2fsqlite-wasm 15ms (cache hit)
49 silly packumentCache full:https://registry.npmjs.org/@sqlite.org%2fsqlite-wasm set size:231306 disposed:false
50 silly fetch manifest react@^18.2.0
51 silly packumentCache full:https://registry.npmjs.org/react cache-miss
52 http cache https://registry.npmjs.org/react 64ms (cache hit)
53 silly packumentCache full:https://registry.npmjs.org/react set size:6733629 disposed:false
54 silly fetch manifest react-native@*
55 silly packumentCache full:https://registry.npmjs.org/react-native cache-miss
56 http cache https://registry.npmjs.org/react-native 84ms (cache hit)
57 silly packumentCache full:https://registry.npmjs.org/react-native set size:15377397 disposed:false
58 silly fetch manifest @react-native/jest-preset@0.86.0
59 silly packumentCache full:https://registry.npmjs.org/@react-native%2fjest-preset cache-miss
60 http cache https://registry.npmjs.org/@react-native%2fjest-preset 11ms (cache hit)
61 silly packumentCache full:https://registry.npmjs.org/@react-native%2fjest-preset set size:214853 disposed:false
62 silly fetch manifest react@^19.2.3
63 silly packumentCache full:https://registry.npmjs.org/react cache-miss
64 http cache https://registry.npmjs.org/react 47ms (cache hit)
65 silly packumentCache full:https://registry.npmjs.org/react set size:6733629 disposed:false
66 silly fetch manifest @types/react@^19.1.1
67 silly packumentCache full:https://registry.npmjs.org/@types%2freact cache-miss
68 http cache https://registry.npmjs.org/@types%2freact 25ms (cache hit)
69 silly packumentCache full:https://registry.npmjs.org/@types%2freact set size:2632776 disposed:false
70 silly fetch manifest @opentelemetry/api@^1.4.1
71 silly packumentCache full:https://registry.npmjs.org/@opentelemetry%2fapi cache-miss
72 http cache https://registry.npmjs.org/@opentelemetry%2fapi 12ms (cache hit)
73 silly packumentCache full:https://registry.npmjs.org/@opentelemetry%2fapi set size:272967 disposed:false
74 silly fetch manifest @planetscale/database@>=1.13
75 silly packumentCache full:https://registry.npmjs.org/@planetscale%2fdatabase cache-miss
76 http cache https://registry.npmjs.org/@planetscale%2fdatabase 12ms (cache hit)
77 silly packumentCache full:https://registry.npmjs.org/@planetscale%2fdatabase set size:131439 disposed:false
78 silly fetch manifest @prisma/client@*
79 silly packumentCache full:https://registry.npmjs.org/@prisma%2fclient cache-miss
80 http cache https://registry.npmjs.org/@prisma%2fclient 273ms (cache hit)
81 silly packumentCache full:https://registry.npmjs.org/@prisma%2fclient set size:67858762 disposed:false
82 silly fetch manifest prisma@*
83 silly packumentCache full:https://registry.npmjs.org/prisma cache-miss
84 http cache https://registry.npmjs.org/prisma 182ms (cache hit)
85 silly packumentCache full:https://registry.npmjs.org/prisma set size:43265390 disposed:false
86 silly fetch manifest better-sqlite3@>=9.0.0
87 silly packumentCache full:https://registry.npmjs.org/better-sqlite3 cache-miss
88 http cache https://registry.npmjs.org/better-sqlite3 21ms (cache hit)
89 silly packumentCache full:https://registry.npmjs.org/better-sqlite3 set size:381995 disposed:false
90 silly fetch manifest typescript@>=5.4.0
91 silly packumentCache full:https://registry.npmjs.org/typescript cache-miss
92 http cache https://registry.npmjs.org/typescript 61ms (cache hit)
93 silly packumentCache full:https://registry.npmjs.org/typescript set size:15410956 disposed:false
94 silly fetch manifest @tidbcloud/serverless@*
95 silly packumentCache full:https://registry.npmjs.org/@tidbcloud%2fserverless cache-miss
96 http cache https://registry.npmjs.org/@tidbcloud%2fserverless 9ms (cache hit)
97 silly packumentCache full:https://registry.npmjs.org/@tidbcloud%2fserverless set size:51334 disposed:false
98 silly fetch manifest @types/better-sqlite3@*
99 silly packumentCache full:https://registry.npmjs.org/@types%2fbetter-sqlite3 cache-miss
100 http cache https://registry.npmjs.org/@types%2fbetter-sqlite3 8ms (cache hit)
101 silly packumentCache full:https://registry.npmjs.org/@types%2fbetter-sqlite3 set size:81988 disposed:false
102 silly fetch manifest @types/pg@*
103 silly packumentCache full:https://registry.npmjs.org/@types%2fpg cache-miss
104 http cache https://registry.npmjs.org/@types%2fpg 7ms (cache hit)
105 silly packumentCache full:https://registry.npmjs.org/@types%2fpg set size:195571 disposed:false
106 silly fetch manifest @types/sql.js@*
107 silly packumentCache full:https://registry.npmjs.org/@types%2fsql.js cache-miss
108 http cache https://registry.npmjs.org/@types%2fsql.js 10ms (cache hit)
109 silly packumentCache full:https://registry.npmjs.org/@types%2fsql.js set size:50269 disposed:false
110 silly fetch manifest @upstash/redis@>=1.34.7
111 silly packumentCache full:https://registry.npmjs.org/@upstash%2fredis cache-miss
112 http cache https://registry.npmjs.org/@upstash%2fredis 40ms (cache hit)
113 silly packumentCache full:https://registry.npmjs.org/@upstash%2fredis set size:3707535 disposed:false
114 silly fetch manifest @vercel/postgres@>=0.8.0
115 silly packumentCache full:https://registry.npmjs.org/@vercel%2fpostgres cache-miss
116 http cache https://registry.npmjs.org/@vercel%2fpostgres 14ms (cache hit)
117 silly packumentCache full:https://registry.npmjs.org/@vercel%2fpostgres set size:247779 disposed:false
118 silly fetch manifest @xata.io/client@*
119 silly packumentCache full:https://registry.npmjs.org/@xata.io%2fclient cache-miss
120 http cache https://registry.npmjs.org/@xata.io%2fclient 72ms (cache hit)
121 silly packumentCache full:https://registry.npmjs.org/@xata.io%2fclient set size:11854695 disposed:false
122 silly fetch manifest bun-types@*
123 silly packumentCache full:https://registry.npmjs.org/bun-types cache-miss
124 http cache https://registry.npmjs.org/bun-types 36ms (cache hit)
125 silly packumentCache full:https://registry.npmjs.org/bun-types set size:2433957 disposed:false
126 silly fetch manifest expo-sqlite@>=14.0.0
127 silly packumentCache full:https://registry.npmjs.org/expo-sqlite cache-miss
128 http cache https://registry.npmjs.org/expo-sqlite 16ms (cache hit)
129 silly packumentCache full:https://registry.npmjs.org/expo-sqlite set size:982478 disposed:false
130 silly fetch manifest expo@*
131 silly packumentCache full:https://registry.npmjs.org/expo cache-miss
132 http cache https://registry.npmjs.org/expo 35ms (cache hit)
133 silly packumentCache full:https://registry.npmjs.org/expo set size:3842155 disposed:false
134 silly fetch manifest @expo/metro-runtime@*
135 silly packumentCache full:https://registry.npmjs.org/@expo%2fmetro-runtime cache-miss
136 http cache https://registry.npmjs.org/@expo%2fmetro-runtime 17ms (cache hit)
137 silly packumentCache full:https://registry.npmjs.org/@expo%2fmetro-runtime set size:719195 disposed:false
138 silly fetch manifest react-dom@^18.2.0
139 silly packumentCache full:https://registry.npmjs.org/react-dom cache-miss
140 http cache https://registry.npmjs.org/react-dom 58ms (cache hit)
141 silly packumentCache full:https://registry.npmjs.org/react-dom set size:9003652 disposed:false
142 silly fetch manifest react-native-web@*
143 silly packumentCache full:https://registry.npmjs.org/react-native-web cache-miss
144 http cache https://registry.npmjs.org/react-native-web 18ms (cache hit)
145 silly packumentCache full:https://registry.npmjs.org/react-native-web set size:1090416 disposed:false
146 silly fetch manifest react-native-webview@*
147 silly packumentCache full:https://registry.npmjs.org/react-native-webview cache-miss
148 http cache https://registry.npmjs.org/react-native-webview 19ms (cache hit)
149 silly packumentCache full:https://registry.npmjs.org/react-native-webview set size:1374173 disposed:false
150 silly fetch manifest gel@>=2
151 silly packumentCache full:https://registry.npmjs.org/gel cache-miss
152 http cache https://registry.npmjs.org/gel 11ms (cache hit)
153 silly packumentCache full:https://registry.npmjs.org/gel set size:248308 disposed:false
154 silly fetch manifest knex@*
155 silly packumentCache full:https://registry.npmjs.org/knex cache-miss
156 http cache https://registry.npmjs.org/knex 27ms (cache hit)
157 silly packumentCache full:https://registry.npmjs.org/knex set size:1352811 disposed:false
158 silly fetch manifest pg-query-stream@^4.14.0
159 silly packumentCache full:https://registry.npmjs.org/pg-query-stream cache-miss
160 http cache https://registry.npmjs.org/pg-query-stream 13ms (cache hit)
161 silly packumentCache full:https://registry.npmjs.org/pg-query-stream set size:186883 disposed:false
162 silly fetch manifest pg@^8
163 silly packumentCache full:https://registry.npmjs.org/pg cache-miss
164 http cache https://registry.npmjs.org/pg 17ms (cache hit)
165 silly packumentCache full:https://registry.npmjs.org/pg set size:479973 disposed:false
166 silly fetch manifest pg-native@>=3.0.1
167 silly packumentCache full:https://registry.npmjs.org/pg-native cache-miss
168 http cache https://registry.npmjs.org/pg-native 14ms (cache hit)
169 silly packumentCache full:https://registry.npmjs.org/pg-native set size:92711 disposed:false
170 silly fetch manifest kysely@*
171 silly packumentCache full:https://registry.npmjs.org/kysely cache-miss
172 http cache https://registry.npmjs.org/kysely 19ms (cache hit)
173 silly packumentCache full:https://registry.npmjs.org/kysely set size:695713 disposed:false
174 silly fetch manifest mysql2@>=2
175 silly packumentCache full:https://registry.npmjs.org/mysql2 cache-miss
176 http cache https://registry.npmjs.org/mysql2 25ms (cache hit)
177 silly packumentCache full:https://registry.npmjs.org/mysql2 set size:860624 disposed:false
178 silly fetch manifest @types/node@>= 8
179 silly packumentCache full:https://registry.npmjs.org/@types%2fnode cache-miss
180 http cache https://registry.npmjs.org/@types%2fnode 67ms (cache hit)
181 silly packumentCache full:https://registry.npmjs.org/@types%2fnode set size:11058934 disposed:false
182 silly fetch manifest postgres@latest
183 silly packumentCache full:https://registry.npmjs.org/postgres cache-miss
184 http cache https://registry.npmjs.org/postgres 19ms (cache hit)
185 silly packumentCache full:https://registry.npmjs.org/postgres set size:185872 disposed:false
186 silly fetch manifest sql.js@>=1
187 silly packumentCache full:https://registry.npmjs.org/sql.js cache-miss
188 http cache https://registry.npmjs.org/sql.js 14ms (cache hit)
189 silly packumentCache full:https://registry.npmjs.org/sql.js set size:125779 disposed:false
190 silly fetch manifest sqlite3@>=5
191 silly packumentCache full:https://registry.npmjs.org/sqlite3 cache-miss
192 http cache https://registry.npmjs.org/sqlite3 20ms (cache hit)
193 silly packumentCache full:https://registry.npmjs.org/sqlite3 set size:330693 disposed:false
194 silly placeDep ROOT @neondatabase/serverless@1.1.0 REPLACE for: thaesu-marketplace@0.1.0 want: latest
195 silly placeDep ROOT drizzle-orm@0.45.2 REPLACE for: thaesu-marketplace@0.1.0 want: latest
196 silly placeDep ROOT postgres@3.4.9 REPLACE for: thaesu-marketplace@0.1.0 want: latest
197 silly reify moves {}
198 silly audit bulk request {
198 silly audit   '@alloc/quick-lru': [ '5.2.0' ],
198 silly audit   '@drizzle-team/brocli': [ '0.10.2' ],
198 silly audit   '@esbuild-kit/core-utils': [ '3.3.2' ],
198 silly audit   '@esbuild/android-arm': [ '0.18.20', '0.25.12', '0.28.1' ],
198 silly audit   '@esbuild/android-arm64': [ '0.18.20', '0.25.12', '0.28.1' ],
198 silly audit   '@esbuild/android-x64': [ '0.18.20', '0.25.12', '0.28.1' ],
198 silly audit   '@esbuild/darwin-arm64': [ '0.18.20', '0.25.12', '0.28.1' ],
198 silly audit   '@esbuild/darwin-x64': [ '0.18.20', '0.25.12', '0.28.1' ],
198 silly audit   '@esbuild/freebsd-arm64': [ '0.18.20', '0.25.12', '0.28.1' ],
198 silly audit   '@esbuild/freebsd-x64': [ '0.18.20', '0.25.12', '0.28.1' ],
198 silly audit   '@esbuild/linux-arm': [ '0.18.20', '0.25.12', '0.28.1' ],
198 silly audit   '@esbuild/linux-arm64': [ '0.18.20', '0.25.12', '0.28.1' ],
198 silly audit   '@esbuild/linux-ia32': [ '0.18.20', '0.25.12', '0.28.1' ],
198 silly audit   '@esbuild/linux-loong64': [ '0.18.20', '0.25.12', '0.28.1' ],
198 silly audit   '@esbuild/linux-mips64el': [ '0.18.20', '0.25.12', '0.28.1' ],
198 silly audit   '@esbuild/linux-ppc64': [ '0.18.20', '0.25.12', '0.28.1' ],
198 silly audit   '@esbuild/linux-riscv64': [ '0.18.20', '0.25.12', '0.28.1' ],
198 silly audit   '@esbuild/linux-s390x': [ '0.18.20', '0.25.12', '0.28.1' ],
198 silly audit   '@esbuild/linux-x64': [ '0.18.20', '0.25.12', '0.28.1' ],
198 silly audit   '@esbuild/netbsd-x64': [ '0.18.20', '0.25.12', '0.28.1' ],
198 silly audit   '@esbuild/openbsd-x64': [ '0.18.20', '0.25.12', '0.28.1' ],
198 silly audit   '@esbuild/sunos-x64': [ '0.18.20', '0.25.12', '0.28.1' ],
198 silly audit   '@esbuild/win32-arm64': [ '0.18.20', '0.25.12', '0.28.1' ],
198 silly audit   '@esbuild/win32-ia32': [ '0.18.20', '0.25.12', '0.28.1' ],
198 silly audit   '@esbuild/win32-x64': [ '0.18.20', '0.25.12', '0.28.1' ],
198 silly audit   esbuild: [ '0.18.20', '0.25.12', '0.28.1' ],
198 silly audit   '@esbuild-kit/esm-loader': [ '2.6.5' ],
198 silly audit   '@esbuild/aix-ppc64': [ '0.25.12', '0.28.1' ],
198 silly audit   '@esbuild/netbsd-arm64': [ '0.25.12', '0.28.1' ],
198 silly audit   '@esbuild/openbsd-arm64': [ '0.25.12', '0.28.1' ],
198 silly audit   '@esbuild/openharmony-arm64': [ '0.25.12', '0.28.1' ],
198 silly audit   '@jridgewell/gen-mapping': [ '0.3.13' ],
198 silly audit   '@jridgewell/resolve-uri': [ '3.1.2' ],
198 silly audit   '@jridgewell/sourcemap-codec': [ '1.5.5' ],
198 silly audit   '@jridgewell/trace-mapping': [ '0.3.31' ],
198 silly audit   '@next/env': [ '14.2.0' ],
198 silly audit   '@next/swc-darwin-arm64': [ '14.2.0' ],
198 silly audit   '@next/swc-darwin-x64': [ '14.2.0' ],
198 silly audit   '@next/swc-linux-arm64-gnu': [ '14.2.0' ],
198 silly audit   '@next/swc-linux-arm64-musl': [ '14.2.0' ],
198 silly audit   '@next/swc-linux-x64-gnu': [ '14.2.0' ],
198 silly audit   '@next/swc-linux-x64-musl': [ '14.2.0' ],
198 silly audit   '@next/swc-win32-arm64-msvc': [ '14.2.0' ],
198 silly audit   '@next/swc-win32-ia32-msvc': [ '14.2.0' ],
198 silly audit   '@next/swc-win32-x64-msvc': [ '14.2.0' ],
198 silly audit   '@nodelib/fs.scandir': [ '2.1.5' ],
198 silly audit   '@nodelib/fs.stat': [ '2.0.5' ],
198 silly audit   '@nodelib/fs.walk': [ '1.2.8' ],
198 silly audit   '@swc/counter': [ '0.1.3' ],
198 silly audit   '@swc/helpers': [ '0.5.5' ],
198 silly audit   'any-promise': [ '1.3.0' ],
198 silly audit   anymatch: [ '3.1.3' ],
198 silly audit   arg: [ '5.0.2' ],
198 silly audit   autoprefixer: [ '10.5.1' ],
198 silly audit   'baseline-browser-mapping': [ '2.10.38' ],
198 silly audit   'binary-extensions': [ '2.3.0' ],
198 silly audit   braces: [ '3.0.3' ],
198 silly audit   browserslist: [ '4.28.4' ],
198 silly audit   'buffer-from': [ '1.1.2' ],
198 silly audit   busboy: [ '1.6.0' ],
198 silly audit   'camelcase-css': [ '2.0.1' ],
198 silly audit   'caniuse-lite': [ '1.0.30001799' ],
198 silly audit   chokidar: [ '3.6.0' ],
198 silly audit   'glob-parent': [ '5.1.2', '6.0.2' ],
198 silly audit   'client-only': [ '0.0.1' ],
198 silly audit   commander: [ '4.1.1' ],
198 silly audit   cssesc: [ '3.0.0' ],
198 silly audit   didyoumean: [ '1.2.2' ],
198 silly audit   dlv: [ '1.1.3' ],
198 silly audit   'drizzle-kit': [ '0.31.10' ],
198 silly audit   'electron-to-chromium': [ '1.5.378' ],
198 silly audit   'es-errors': [ '1.3.0' ],
198 silly audit   escalade: [ '3.2.0' ],
198 silly audit   'fast-glob': [ '3.3.3' ],
198 silly audit   fastq: [ '1.20.1' ],
198 silly audit   'fill-range': [ '7.1.1' ],
198 silly audit   'fraction.js': [ '5.3.4' ],
198 silly audit   fsevents: [ '2.3.3' ],
198 silly audit   'function-bind': [ '1.1.2' ],
198 silly audit   'get-tsconfig': [ '4.14.0' ],
198 silly audit   'graceful-fs': [ '4.2.11' ],
198 silly audit   hasown: [ '2.0.4' ],
198 silly audit   'is-binary-path': [ '2.1.0' ],
198 silly audit   'is-core-module': [ '2.16.2' ],
198 silly audit   'is-extglob': [ '2.1.1' ],
198 silly audit   'is-glob': [ '4.0.3' ],
198 silly audit   'is-number': [ '7.0.0' ],
198 silly audit   jiti: [ '1.21.7' ],
198 silly audit   'js-tokens': [ '4.0.0' ],
198 silly audit   lilconfig: [ '3.1.3' ],
198 silly audit   'lines-and-columns': [ '1.2.4' ],
198 silly audit   'loose-envify': [ '1.4.0' ],
198 silly audit   merge2: [ '1.4.1' ],
198 silly audit   micromatch: [ '4.0.8' ],
198 silly audit   mz: [ '2.7.0' ],
198 silly audit   nanoid: [ '3.3.15' ],
198 silly audit   next: [ '14.2.0' ],
198 silly audit   postcss: [ '8.4.31', '8.5.15' ],
198 silly audit   'node-releases': [ '2.0.48' ],
198 silly audit   'normalize-path': [ '3.0.0' ],
198 silly audit   'object-assign': [ '4.1.1' ],
198 silly audit   'object-hash': [ '3.0.0' ],
198 silly audit   'path-parse': [ '1.0.7' ],
198 silly audit   picocolors: [ '1.1.1' ],
198 silly audit   picomatch: [ '2.3.2', '4.0.4' ],
198 silly audit   pify: [ '2.3.0' ],
198 silly audit   pirates: [ '4.0.7' ],
198 silly audit   'postcss-import': [ '15.1.0' ],
198 silly audit   'postcss-js': [ '4.1.0' ],
198 silly audit   'postcss-load-config': [ '6.0.1' ],
198 silly audit   'postcss-nested': [ '6.2.0' ],
198 silly audit   'postcss-selector-parser': [ '6.1.4' ],
198 silly audit   'postcss-value-parser': [ '4.2.0' ],
198 silly audit   'queue-microtask': [ '1.2.3' ],
198 silly audit   react: [ '18.2.0' ],
198 silly audit   'react-dom': [ '18.2.0' ],
198 silly audit   'read-cache': [ '1.0.0' ],
198 silly audit   readdirp: [ '3.6.0' ],
198 silly audit   resolve: [ '1.22.12' ],
198 silly audit   'resolve-pkg-maps': [ '1.0.0' ],
198 silly audit   reusify: [ '1.1.0' ],
198 silly audit   'run-parallel': [ '1.2.0' ],
198 silly audit   scheduler: [ '0.23.2' ],
198 silly audit   'source-map': [ '0.6.1' ],
198 silly audit   'source-map-js': [ '1.2.1' ],
198 silly audit   'source-map-support': [ '0.5.21' ],
198 silly audit   streamsearch: [ '1.1.0' ],
198 silly audit   'styled-jsx': [ '5.1.1' ],
198 silly audit   sucrase: [ '3.35.1' ],
198 silly audit   'supports-preserve-symlinks-flag': [ '1.0.0' ],
198 silly audit   tailwindcss: [ '3.4.19' ],
198 silly audit   thenify: [ '3.3.1' ],
198 silly audit   'thenify-all': [ '1.6.0' ],
198 silly audit   tinyglobby: [ '0.2.17' ],
198 silly audit   fdir: [ '6.5.0' ],
198 silly audit   'to-regex-range': [ '5.0.1' ],
198 silly audit   'ts-interface-checker': [ '0.1.13' ],
198 silly audit   tslib: [ '2.8.1' ],
198 silly audit   tsx: [ '4.22.4' ],
198 silly audit   'update-browserslist-db': [ '1.2.3' ],
198 silly audit   'util-deprecate': [ '1.0.2' ],
198 silly audit   '@neondatabase/serverless': [ '1.1.0' ],
198 silly audit   'drizzle-orm': [ '0.45.2' ],
198 silly audit   postgres: [ '3.4.9' ]
198 silly audit }
199 http fetch POST 200 https://registry.npmjs.org/-/npm/v1/security/advisories/bulk 2215ms
200 silly audit report {
200 silly audit report   esbuild: [
200 silly audit report     {
200 silly audit report       id: 1102341,
200 silly audit report       url: 'https://github.com/advisories/GHSA-67mh-4wv8-2f99',
200 silly audit report       title: 'esbuild enables any website to send any requests to the development server and read the response',
200 silly audit report       severity: 'moderate',
200 silly audit report       vulnerable_versions: '<=0.24.2',
200 silly audit report       cwe: [Array],
200 silly audit report       cvss: [Object]
200 silly audit report     }
200 silly audit report   ],
200 silly audit report   next: [
200 silly audit report     {
200 silly audit report       id: 1099638,
200 silly audit report       url: 'https://github.com/advisories/GHSA-gp8f-8m3g-qvj9',
200 silly audit report       title: 'Next.js Cache Poisoning',
200 silly audit report       severity: 'high',
200 silly audit report       vulnerable_versions: '>=14.0.0 <14.2.10',
200 silly audit report       cwe: [Array],
200 silly audit report       cvss: [Object]
200 silly audit report     },
200 silly audit report     {
200 silly audit report       id: 1100421,
200 silly audit report       url: 'https://github.com/advisories/GHSA-g77x-44xx-532m',
200 silly audit report       title: 'Denial of Service condition in Next.js image optimization',
200 silly audit report       severity: 'moderate',
200 silly audit report       vulnerable_versions: '>=10.0.0 <14.2.7',
200 silly audit report       cwe: [Array],
200 silly audit report       cvss: [Object]
200 silly audit report     },
200 silly audit report     {
200 silly audit report       id: 1117931,
200 silly audit report       url: 'https://github.com/advisories/GHSA-8h8q-6873-q5fj',
200 silly audit report       title: 'Next.js Vulnerable to Denial of Service with Server Components',
200 silly audit report       severity: 'high',
200 silly audit report       vulnerable_versions: '>=13.0.0 <15.5.16',
200 silly audit report       cwe: [Array],
200 silly audit report       cvss: [Object]
200 silly audit report     },
200 silly audit report     {
200 silly audit report       id: 1101438,
200 silly audit report       url: 'https://github.com/advisories/GHSA-7m27-7ghc-44w9',
200 silly audit report       title: 'Next.js Allows a Denial of Service (DoS) with Server Actions',
200 silly audit report       severity: 'moderate',
200 silly audit report       vulnerable_versions: '>=14.0.0 <14.2.21',
200 silly audit report       cwe: [Array],
200 silly audit report       cvss: [Object]
200 silly audit report     },
200 silly audit report     {
200 silly audit report       id: 1105461,
200 silly audit report       url: 'https://github.com/advisories/GHSA-3h52-269p-cp9r',
200 silly audit report       title: 'Information exposure in Next.js dev server due to lack of origin verification',
200 silly audit report       severity: 'low',
200 silly audit report       vulnerable_versions: '>=13.0 <14.2.30',
200 silly audit report       cwe: [Array],
200 silly audit report       cvss: [Object]
200 silly audit report     },
200 silly audit report     {
200 silly audit report       id: 1111391,
200 silly audit report       url: 'https://github.com/advisories/GHSA-mwv6-3258-q52c',
200 silly audit report       title: 'Next Vulnerable to Denial of Service with Server Components',
200 silly audit report       severity: 'high',
200 silly audit report       vulnerable_versions: '>=13.3.0 <14.2.34',
200 silly audit report       cwe: [Array],
200 silly audit report       cvss: [Object]
200 silly audit report     },
200 silly audit report     {
200 silly audit report       id: 1107226,
200 silly audit report       url: 'https://github.com/advisories/GHSA-g5qg-72qw-gw5v',
200 silly audit report       title: 'Next.js Affected by Cache Key Confusion for Image Optimization API Routes',
200 silly audit report       severity: 'moderate',
200 silly audit report       vulnerable_versions: '>=0.9.9 <14.2.31',
200 silly audit report       cwe: [Array],
200 silly audit report       cvss: [Object]
200 silly audit report     },
200 silly audit report     {
200 silly audit report       id: 1107420,
200 silly audit report       url: 'https://github.com/advisories/GHSA-7gfc-8cq8-jh5f',
200 silly audit report       title: 'Next.js authorization bypass vulnerability',
200 silly audit report       severity: 'high',
200 silly audit report       vulnerable_versions: '>=9.5.5 <14.2.15',
200 silly audit report       cwe: [Array],
200 silly audit report       cvss: [Object]
200 silly audit report     },
200 silly audit report     {
200 silly audit report       id: 1107512,
200 silly audit report       url: 'https://github.com/advisories/GHSA-4342-x723-ch2f',
200 silly audit report       title: 'Next.js Improper Middleware Redirect Handling Leads to SSRF',
200 silly audit report       severity: 'moderate',
200 silly audit report       vulnerable_versions: '>=0.9.9 <14.2.32',
200 silly audit report       cwe: [Array],
200 silly audit report       cvss: [Object]
200 silly audit report     },
200 silly audit report     {
200 silly audit report       id: 1107513,
200 silly audit report       url: 'https://github.com/advisories/GHSA-xv57-4mr9-wg8v',
200 silly audit report       title: 'Next.js Content Injection Vulnerability for Image Optimization',
200 silly audit report       severity: 'moderate',
200 silly audit report       vulnerable_versions: '>=0.9.9 <14.2.31',
200 silly audit report       cwe: [Array],
200 silly audit report       cvss: [Object]
200 silly audit report     },
200 silly audit report     {
200 silly audit report       id: 1112182,
200 silly audit report       url: 'https://github.com/advisories/GHSA-5j59-xgg2-r9c4',
200 silly audit report       title: 'Next has a Denial of Service with Server Components - Incomplete Fix Follow-Up',
200 silly audit report       severity: 'high',
200 silly audit report       vulnerable_versions: '>=13.3.1-canary.0 <14.2.35',
200 silly audit report       cwe: [Array],
200 silly audit report       cvss: [Object]
200 silly audit report     },
200 silly audit report     {
200 silly audit report       id: 1108291,
200 silly audit report       url: 'https://github.com/advisories/GHSA-qpjv-v59x-3qc4',
200 silly audit report       title: 'Next.js Race Condition to Cache Poisoning',
200 silly audit report       severity: 'low',
200 silly audit report       vulnerable_versions: '>=0.9.9 <14.2.24',
200 silly audit report       cwe: [Array],
200 silly audit report       cvss: [Object]
200 silly audit report     },
200 silly audit report     {
200 silly audit report       id: 1118942,
200 silly audit report       url: 'https://github.com/advisories/GHSA-3g8h-86w9-wvmq',
200 silly audit report       title: "Next.js's Middleware / Proxy redirects can be cache-poisoned",
200 silly audit report       severity: 'low',
200 silly audit report       vulnerable_versions: '>=12.2.0 <15.5.16',
200 silly audit report       cwe: [Array],
200 silly audit report       cvss: [Object]
200 silly audit report     },
200 silly audit report     {
200 silly audit report       id: 1118944,
200 silly audit report       url: 'https://github.com/advisories/GHSA-ffhc-5mcf-pf4q',
200 silly audit report       title: 'Next.js vulnerable to cross-site scripting in App Router applications using CSP nonces',
200 silly audit report       severity: 'moderate',
200 silly audit report       vulnerable_versions: '>=13.4.0 <15.5.16',
200 silly audit report       cwe: [Array],
200 silly audit report       cvss: [Object]
200 silly audit report     },
200 silly audit report     {
200 silly audit report       id: 1118946,
200 silly audit report       url: 'https://github.com/advisories/GHSA-vfv6-92ff-j949',
200 silly audit report       title: 'Next.js vulnerable to cache poisoning via collisions in React Server Component cache-busting',
200 silly audit report       severity: 'low',
200 silly audit report       vulnerable_versions: '>=13.4.6 <15.5.16',
200 silly audit report       cwe: [Array],
200 silly audit report       cvss: [Object]
200 silly audit report     },
200 silly audit report     {
200 silly audit report       id: 1118948,
200 silly audit report       url: 'https://github.com/advisories/GHSA-gx5p-jg67-6x7h',
200 silly audit report       title: 'Next.js has cross-site scripting in beforeInteractive scripts with untrusted input',
200 silly audit report       severity: 'moderate',
200 silly audit report       vulnerable_versions: '>=13.0.0 <15.5.16',
200 silly audit report       cwe: [Array],
200 silly audit report       cvss: [Object]
200 silly audit report     },
200 silly audit report     {
200 silly audit report       id: 1118952,
200 silly audit report       url: 'https://github.com/advisories/GHSA-h64f-5h5j-jqjh',
200 silly audit report       title: 'Next.js has a Denial of Service in the Image Optimization API',
200 silly audit report       severity: 'moderate',
200 silly audit report       vulnerable_versions: '>=10.0.0 <15.5.16',
200 silly audit report       cwe: [Array],
200 silly audit report       cvss: [Object]
200 silly audit report     },
200 silly audit report     {
200 silly audit report       id: 1118954,
200 silly audit report       url: 'https://github.com/advisories/GHSA-c4j6-fc7j-m34r',
200 silly audit report       title: 'Next.js vulnerable to server-side request forgery in applications using WebSocket upgrades',
200 silly audit report       severity: 'high',
200 silly audit report       vulnerable_versions: '>=13.4.13 <15.5.16',
200 silly audit report       cwe: [Array],
200 silly audit report       cvss: [Object]
200 silly audit report     },
200 silly audit report     {
200 silly audit report       id: 1118958,
200 silly audit report       url: 'https://github.com/advisories/GHSA-wfc6-r584-vfw7',
200 silly audit report       title: 'Next.js vulnerable to cache poisoning in React Server Component responses',
200 silly audit report       severity: 'moderate',
200 silly audit report       vulnerable_versions: '>=14.2.0 <15.5.16',
200 silly audit report       cwe: [Array],
200 silly audit report       cvss: [Object]
200 silly audit report     },
200 silly audit report     {
200 silly audit report       id: 1118962,
200 silly audit report       url: 'https://github.com/advisories/GHSA-36qx-fr4f-26g5',
200 silly audit report       title: 'Next.js has a Middleware / Proxy bypass in Pages Router applications using i18n',
200 silly audit report       severity: 'high',
200 silly audit report       vulnerable_versions: '>=12.2.0 <15.5.16',
200 silly audit report       cwe: [Array],
200 silly audit report       cvss: [Object]
200 silly audit report     },
200 silly audit report     {
200 silly audit report       id: 1112593,
200 silly audit report       url: 'https://github.com/advisories/GHSA-9g9p-9gw9-jx7f',
200 silly audit report       title: 'Next.js self-hosted applications vulnerable to DoS via Image Optimizer remotePatterns configuration',
200 silly audit report       severity: 'moderate',
200 silly audit report       vulnerable_versions: '>=10.0.0 <15.5.10',
200 silly audit report       cwe: [Array],
200 silly audit report       cvss: [Object]
200 silly audit report     },
200 silly audit report     {
200 silly audit report       id: 1112653,
200 silly audit report       url: 'https://github.com/advisories/GHSA-h25m-26qc-wcjf',
200 silly audit report       title: 'Next.js HTTP request deserialization can lead to DoS when using insecure React Server Components',
200 silly audit report       severity: 'high',
200 silly audit report       vulnerable_versions: '>=13.0.0 <15.0.8',
200 silly audit report       cwe: [Array],
200 silly audit report       cvss: [Object]
200 silly audit report     },
200 silly audit report     {
200 silly audit report       id: 1113689,
200 silly audit report       url: 'https://github.com/advisories/GHSA-f82v-jwr5-mffw',
200 silly audit report       title: 'Authorization Bypass in Next.js Middleware',
200 silly audit report       severity: 'critical',
200 silly audit report       vulnerable_versions: '>=14.0.0 <14.2.25',
200 silly audit report       cwe: [Array],
200 silly audit report       cvss: [Object]
200 silly audit report     },
200 silly audit report     {
200 silly audit report       id: 1114897,
200 silly audit report       url: 'https://github.com/advisories/GHSA-ggv3-7p47-pfv8',
200 silly audit report       title: 'Next.js: HTTP request smuggling in rewrites',
200 silly audit report       severity: 'moderate',
200 silly audit report       vulnerable_versions: '>=9.5.0 <15.5.13',
200 silly audit report       cwe: [Array],
200 silly audit report       cvss: [Object]
200 silly audit report     },
200 silly audit report     {
200 silly audit report       id: 1114940,
200 silly audit report       url: 'https://github.com/advisories/GHSA-3x4c-7xq6-9pq8',
200 silly audit report       title: 'Next.js: Unbounded next/image disk cache growth can exhaust storage',
200 silly audit report       severity: 'moderate',
200 silly audit report       vulnerable_versions: '>=10.0.0 <15.5.14',
200 silly audit report       cwe: [Array],
200 silly audit report       cvss: [Object]
200 silly audit report     },
200 silly audit report     {
200 silly audit report       id: 1116376,
200 silly audit report       url: 'https://github.com/advisories/GHSA-q4gf-8mx6-v5v3',
200 silly audit report       title: 'Next.js has a Denial of Service with Server Components',
200 silly audit report       severity: 'high',
200 silly audit report       vulnerable_versions: '>=13.0.0 <15.5.15',
200 silly audit report       cwe: [Array],
200 silly audit report       cvss: [Object]
200 silly audit report     }
200 silly audit report   ],
200 silly audit report   postcss: [
200 silly audit report     {
200 silly audit report       id: 1117015,
200 silly audit report       url: 'https://github.com/advisories/GHSA-qx2v-qp2m-jg93',
200 silly audit report       title: 'PostCSS has XSS via Unescaped </style> in its CSS Stringify Output',
200 silly audit report       severity: 'moderate',
200 silly audit report       vulnerable_versions: '<8.5.10',
200 silly audit report       cwe: [Array],
200 silly audit report       cvss: [Object]
200 silly audit report     }
200 silly audit report   ]
200 silly audit report }
201 silly packumentCache corgi:https://registry.npmjs.org/esbuild cache-miss
202 silly packumentCache corgi:https://registry.npmjs.org/next cache-miss
203 silly packumentCache corgi:https://registry.npmjs.org/postcss cache-miss
204 http cache https://registry.npmjs.org/postcss 97ms (cache hit)
205 silly packumentCache corgi:https://registry.npmjs.org/postcss set size:344717 disposed:false
206 http cache https://registry.npmjs.org/esbuild 124ms (cache hit)
207 silly packumentCache corgi:https://registry.npmjs.org/esbuild set size:887361 disposed:false
208 http cache https://registry.npmjs.org/next 250ms (cache hit)
209 silly packumentCache corgi:https://registry.npmjs.org/next set size:25316683 disposed:false
210 silly packumentCache corgi:https://registry.npmjs.org/@esbuild-kit%2fcore-utils cache-miss
211 http cache https://registry.npmjs.org/@esbuild-kit%2fcore-utils 14ms (cache hit)
212 silly packumentCache corgi:https://registry.npmjs.org/@esbuild-kit%2fcore-utils set size:50014 disposed:false
213 silly packumentCache corgi:https://registry.npmjs.org/@esbuild-kit%2fesm-loader cache-miss
214 http cache https://registry.npmjs.org/@esbuild-kit%2fesm-loader 11ms (cache hit)
215 silly packumentCache corgi:https://registry.npmjs.org/@esbuild-kit%2fesm-loader set size:48202 disposed:false
216 silly packumentCache corgi:https://registry.npmjs.org/drizzle-kit cache-miss
217 http cache https://registry.npmjs.org/drizzle-kit 18ms (cache hit)
218 silly packumentCache corgi:https://registry.npmjs.org/drizzle-kit set size:1201438 disposed:false
219 warn allow-scripts 3 packages have install scripts not yet covered by allowScripts:
219 warn allow-scripts   esbuild@0.18.20 (postinstall: node install.js)
219 warn allow-scripts   esbuild@0.25.12 (postinstall: node install.js)
219 warn allow-scripts   esbuild@0.28.1 (postinstall: node install.js)
219 warn allow-scripts
219 warn allow-scripts Run `npm approve-scripts --allow-scripts-pending` to review, or `npm approve-scripts <pkg>` to allow.
220 verbose cwd /data/data/com.termux/files/home
221 verbose os Linux 5.10.237-android12-9-00014-gf82f7360927e-ab14119954
222 verbose node v24.17.0
223 verbose npm  v11.17.0
224 verbose exit 0
225 info ok
